        -:    0:Source:C:/Program Files/JetBrains/CLion 2024.2.1/bin/mingw/lib/gcc/x86_64-w64-mingw32/13.1.0/include/c++/bits/stl_construct.h
        -:    0:Graph:C:\Users\dev\Documents\MyTorch\cmake-build-debug-coverage\googletest\googletest\CMakeFiles\gtest.dir\src\gtest-all.cc.gcno
        -:    0:Data:C:\Users\dev\Documents\MyTorch\cmake-build-debug-coverage\googletest\googletest\CMakeFiles\gtest.dir\src\gtest-all.cc.gcda
        -:    0:Runs:1
        -:    1:// nonstandard construct and destroy functions -*- C++ -*-
        -:    2:
        -:    3:// Copyright (C) 2001-2023 Free Software Foundation, Inc.
        -:    4://
        -:    5:// This file is part of the GNU ISO C++ Library.  This library is free
        -:    6:// software; you can redistribute it and/or modify it under the
        -:    7:// terms of the GNU General Public License as published by the
        -:    8:// Free Software Foundation; either version 3, or (at your option)
        -:    9:// any later version.
        -:   10:
        -:   11:// This library is distributed in the hope that it will be useful,
        -:   12:// but WITHOUT ANY WARRANTY; without even the implied warranty of
        -:   13:// MERCHANTABILITY or FITNESS FOR A PARTICULAR PURPOSE.  See the
        -:   14:// GNU General Public License for more details.
        -:   15:
        -:   16:// Under Section 7 of GPL version 3, you are granted additional
        -:   17:// permissions described in the GCC Runtime Library Exception, version
        -:   18:// 3.1, as published by the Free Software Foundation.
        -:   19:
        -:   20:// You should have received a copy of the GNU General Public License and
        -:   21:// a copy of the GCC Runtime Library Exception along with this program;
        -:   22:// see the files COPYING3 and COPYING.RUNTIME respectively.  If not, see
        -:   23:// <http://www.gnu.org/licenses/>.
        -:   24:
        -:   25:/*
        -:   26: *
        -:   27: * Copyright (c) 1994
        -:   28: * Hewlett-Packard Company
        -:   29: *
        -:   30: * Permission to use, copy, modify, distribute and sell this software
        -:   31: * and its documentation for any purpose is hereby granted without fee,
        -:   32: * provided that the above copyright notice appear in all copies and
        -:   33: * that both that copyright notice and this permission notice appear
        -:   34: * in supporting documentation.  Hewlett-Packard Company makes no
        -:   35: * representations about the suitability of this software for any
        -:   36: * purpose.  It is provided "as is" without express or implied warranty.
        -:   37: *
        -:   38: *
        -:   39: * Copyright (c) 1996,1997
        -:   40: * Silicon Graphics Computer Systems, Inc.
        -:   41: *
        -:   42: * Permission to use, copy, modify, distribute and sell this software
        -:   43: * and its documentation for any purpose is hereby granted without fee,
        -:   44: * provided that the above copyright notice appear in all copies and
        -:   45: * that both that copyright notice and this permission notice appear
        -:   46: * in supporting documentation.  Silicon Graphics makes no
        -:   47: * representations about the suitability of this software for any
        -:   48: * purpose.  It is provided "as is" without express or implied warranty.
        -:   49: */
        -:   50:
        -:   51:/** @file bits/stl_construct.h
        -:   52: *  This is an internal header file, included by other library headers.
        -:   53: *  Do not attempt to use it directly. @headername{memory}
        -:   54: */
        -:   55:
        -:   56:#ifndef _STL_CONSTRUCT_H
        -:   57:#define _STL_CONSTRUCT_H 1
        -:   58:
        -:   59:#include <new>
        -:   60:#include <bits/move.h>
        -:   61:#include <bits/stl_iterator_base_types.h> // for iterator_traits
        -:   62:#include <bits/stl_iterator_base_funcs.h> // for advance
        -:   63:
        -:   64:/* This file provides the C++17 functions std::destroy_at, std::destroy, and
        -:   65: * std::destroy_n, and the C++20 function std::construct_at.
        -:   66: * It also provides std::_Construct, std::_Destroy,and std::_Destroy_n functions
        -:   67: * which are defined in all standard modes and so can be used in C++98-14 code.
        -:   68: * The _Destroy functions will dispatch to destroy_at during constant
        -:   69: * evaluation, because calls to that function are intercepted by the compiler
        -:   70: * to allow use in constant expressions.
        -:   71: */
        -:   72:
        -:   73:namespace std _GLIBCXX_VISIBILITY(default)
        -:   74:{
        -:   75:_GLIBCXX_BEGIN_NAMESPACE_VERSION
        -:   76:
        -:   77:#if __cplusplus >= 201703L
        -:   78:  template <typename _Tp>
        -:   79:    _GLIBCXX20_CONSTEXPR inline void
      31*:   80:    destroy_at(_Tp* __location)
        -:   81:    {
        -:   82:      if constexpr (__cplusplus > 201703L && is_array_v<_Tp>)
        -:   83:	{
        -:   84:	  for (auto& __x : *__location)
        -:   85:	    std::destroy_at(std::__addressof(__x));
        -:   86:	}
        -:   87:      else
      31*:   88:	__location->~_Tp();
      31*:   89:    }
------------------
_ZSt10destroy_atINSt7__cxx1112basic_stringIcSt11char_traitsIcESaIcEEEEvPT_:
function _ZSt10destroy_atINSt7__cxx1112basic_stringIcSt11char_traitsIcESaIcEEEEvPT_ called 31 returned 100% blocks executed 100%
       31:   80:    destroy_at(_Tp* __location)
        -:   81:    {
        -:   82:      if constexpr (__cplusplus > 201703L && is_array_v<_Tp>)
        -:   83:	{
        -:   84:	  for (auto& __x : *__location)
        -:   85:	    std::destroy_at(std::__addressof(__x));
        -:   86:	}
        -:   87:      else
       31:   88:	__location->~_Tp();
       31:   88-block  0
call    0 returned 31
       31:   89:    }
------------------
_ZSt10destroy_atIN7testing8internal9TraceInfoEEvPT_:
function _ZSt10destroy_atIN7testing8internal9TraceInfoEEvPT_ called 0 returned 0% blocks executed 0%
    #####:   80:    destroy_at(_Tp* __location)
        -:   81:    {
        -:   82:      if constexpr (__cplusplus > 201703L && is_array_v<_Tp>)
        -:   83:	{
        -:   84:	  for (auto& __x : *__location)
        -:   85:	    std::destroy_at(std::__addressof(__x));
        -:   86:	}
        -:   87:      else
    #####:   88:	__location->~_Tp();
    %%%%%:   88-block  0
call    0 never executed
    #####:   89:    }
------------------
_ZSt10destroy_atISt10shared_ptrIN7testing8internal26ThreadLocalValueHolderBaseEEEvPT_:
function _ZSt10destroy_atISt10shared_ptrIN7testing8internal26ThreadLocalValueHolderBaseEEEvPT_ called 0 returned 0% blocks executed 0%
    #####:   80:    destroy_at(_Tp* __location)
        -:   81:    {
        -:   82:      if constexpr (__cplusplus > 201703L && is_array_v<_Tp>)
        -:   83:	{
        -:   84:	  for (auto& __x : *__location)
        -:   85:	    std::destroy_at(std::__addressof(__x));
        -:   86:	}
        -:   87:      else
    #####:   88:	__location->~_Tp();
    %%%%%:   88-block  0
call    0 never executed
    #####:   89:    }
------------------
_ZSt10destroy_atIN7testing14TestPartResultEEvPT_:
function _ZSt10destroy_atIN7testing14TestPartResultEEvPT_ called 0 returned 0% blocks executed 0%
    #####:   80:    destroy_at(_Tp* __location)
        -:   81:    {
        -:   82:      if constexpr (__cplusplus > 201703L && is_array_v<_Tp>)
        -:   83:	{
        -:   84:	  for (auto& __x : *__location)
        -:   85:	    std::destroy_at(std::__addressof(__x));
        -:   86:	}
        -:   87:      else
    #####:   88:	__location->~_Tp();
    %%%%%:   88-block  0
call    0 never executed
    #####:   89:    }
------------------
_ZSt10destroy_atIN7testing8internal13edit_distance8EditTypeEEvPT_:
function _ZSt10destroy_atIN7testing8internal13edit_distance8EditTypeEEvPT_ called 0 returned 0% blocks executed 0%
    #####:   80:    destroy_at(_Tp* __location)
        -:   81:    {
        -:   82:      if constexpr (__cplusplus > 201703L && is_array_v<_Tp>)
        -:   83:	{
        -:   84:	  for (auto& __x : *__location)
        -:   85:	    std::destroy_at(std::__addressof(__x));
        -:   86:	}
        -:   87:      else
    #####:   88:	__location->~_Tp();
    #####:   89:    }
------------------
_ZSt10destroy_atISt4pairIcPKcEEvPT_:
function _ZSt10destroy_atISt4pairIcPKcEEvPT_ called 0 returned 0% blocks executed 0%
    #####:   80:    destroy_at(_Tp* __location)
        -:   81:    {
        -:   82:      if constexpr (__cplusplus > 201703L && is_array_v<_Tp>)
        -:   83:	{
        -:   84:	  for (auto& __x : *__location)
        -:   85:	    std::destroy_at(std::__addressof(__x));
        -:   86:	}
        -:   87:      else
    #####:   88:	__location->~_Tp();
    #####:   89:    }
------------------
_ZSt10destroy_atIN7testing12TestPropertyEEvPT_:
function _ZSt10destroy_atIN7testing12TestPropertyEEvPT_ called 0 returned 0% blocks executed 0%
    #####:   80:    destroy_at(_Tp* __location)
        -:   81:    {
        -:   82:      if constexpr (__cplusplus > 201703L && is_array_v<_Tp>)
        -:   83:	{
        -:   84:	  for (auto& __x : *__location)
        -:   85:	    std::destroy_at(std::__addressof(__x));
        -:   86:	}
        -:   87:      else
    #####:   88:	__location->~_Tp();
    %%%%%:   88-block  0
call    0 never executed
    #####:   89:    }
------------------
_ZSt10destroy_atIPN7testing8TestInfoEEvPT_:
function _ZSt10destroy_atIPN7testing8TestInfoEEvPT_ called 0 returned 0% blocks executed 0%
    #####:   80:    destroy_at(_Tp* __location)
        -:   81:    {
        -:   82:      if constexpr (__cplusplus > 201703L && is_array_v<_Tp>)
        -:   83:	{
        -:   84:	  for (auto& __x : *__location)
        -:   85:	    std::destroy_at(std::__addressof(__x));
        -:   86:	}
        -:   87:      else
    #####:   88:	__location->~_Tp();
    #####:   89:    }
------------------
_ZSt10destroy_atIPN7testing17TestEventListenerEEvPT_:
function _ZSt10destroy_atIPN7testing17TestEventListenerEEvPT_ called 0 returned 0% blocks executed 0%
    #####:   80:    destroy_at(_Tp* __location)
        -:   81:    {
        -:   82:      if constexpr (__cplusplus > 201703L && is_array_v<_Tp>)
        -:   83:	{
        -:   84:	  for (auto& __x : *__location)
        -:   85:	    std::destroy_at(std::__addressof(__x));
        -:   86:	}
        -:   87:      else
    #####:   88:	__location->~_Tp();
    #####:   89:    }
------------------
_ZSt10destroy_atIPN7testing11EnvironmentEEvPT_:
function _ZSt10destroy_atIPN7testing11EnvironmentEEvPT_ called 0 returned 0% blocks executed 0%
    #####:   80:    destroy_at(_Tp* __location)
        -:   81:    {
        -:   82:      if constexpr (__cplusplus > 201703L && is_array_v<_Tp>)
        -:   83:	{
        -:   84:	  for (auto& __x : *__location)
        -:   85:	    std::destroy_at(std::__addressof(__x));
        -:   86:	}
        -:   87:      else
    #####:   88:	__location->~_Tp();
    #####:   89:    }
------------------
_ZSt10destroy_atIPN7testing9TestSuiteEEvPT_:
function _ZSt10destroy_atIPN7testing9TestSuiteEEvPT_ called 0 returned 0% blocks executed 0%
    #####:   80:    destroy_at(_Tp* __location)
        -:   81:    {
        -:   82:      if constexpr (__cplusplus > 201703L && is_array_v<_Tp>)
        -:   83:	{
        -:   84:	  for (auto& __x : *__location)
        -:   85:	    std::destroy_at(std::__addressof(__x));
        -:   86:	}
        -:   87:      else
    #####:   88:	__location->~_Tp();
    #####:   89:    }
------------------
_ZSt10destroy_atISt4pairIKNSt7__cxx1112basic_stringIcSt11char_traitsIcESaIcEEEN7testing8internal34TypeParameterizedTestSuiteRegistry30TypeParameterizedTestSuiteInfoEEEvPT_:
function _ZSt10destroy_atISt4pairIKNSt7__cxx1112basic_stringIcSt11char_traitsIcESaIcEEEN7testing8internal34TypeParameterizedTestSuiteRegistry30TypeParameterizedTestSuiteInfoEEEvPT_ called 0 returned 0% blocks executed 0%
    #####:   80:    destroy_at(_Tp* __location)
        -:   81:    {
        -:   82:      if constexpr (__cplusplus > 201703L && is_array_v<_Tp>)
        -:   83:	{
        -:   84:	  for (auto& __x : *__location)
        -:   85:	    std::destroy_at(std::__addressof(__x));
        -:   86:	}
        -:   87:      else
    #####:   88:	__location->~_Tp();
    %%%%%:   88-block  0
call    0 never executed
    #####:   89:    }
------------------
_ZSt10destroy_atIyEvPT_:
function _ZSt10destroy_atIyEvPT_ called 0 returned 0% blocks executed 0%
    #####:   80:    destroy_at(_Tp* __location)
        -:   81:    {
        -:   82:      if constexpr (__cplusplus > 201703L && is_array_v<_Tp>)
        -:   83:	{
        -:   84:	  for (auto& __x : *__location)
        -:   85:	    std::destroy_at(std::__addressof(__x));
        -:   86:	}
        -:   87:      else
    #####:   88:	__location->~_Tp();
    #####:   89:    }
------------------
_ZSt10destroy_atIiEvPT_:
function _ZSt10destroy_atIiEvPT_ called 0 returned 0% blocks executed 0%
    #####:   80:    destroy_at(_Tp* __location)
        -:   81:    {
        -:   82:      if constexpr (__cplusplus > 201703L && is_array_v<_Tp>)
        -:   83:	{
        -:   84:	  for (auto& __x : *__location)
        -:   85:	    std::destroy_at(std::__addressof(__x));
        -:   86:	}
        -:   87:      else
    #####:   88:	__location->~_Tp();
    #####:   89:    }
------------------
_ZSt10destroy_atIPN7testing8internal30ParameterizedTestSuiteInfoBaseEEvPT_:
function _ZSt10destroy_atIPN7testing8internal30ParameterizedTestSuiteInfoBaseEEvPT_ called 0 returned 0% blocks executed 0%
    #####:   80:    destroy_at(_Tp* __location)
        -:   81:    {
        -:   82:      if constexpr (__cplusplus > 201703L && is_array_v<_Tp>)
        -:   83:	{
        -:   84:	  for (auto& __x : *__location)
        -:   85:	    std::destroy_at(std::__addressof(__x));
        -:   86:	}
        -:   87:      else
    #####:   88:	__location->~_Tp();
    #####:   89:    }
------------------
_ZSt10destroy_atISt4pairIKNSt7__cxx1112basic_stringIcSt11char_traitsIcESaIcEEEyEEvPT_:
function _ZSt10destroy_atISt4pairIKNSt7__cxx1112basic_stringIcSt11char_traitsIcESaIcEEEyEEvPT_ called 0 returned 0% blocks executed 0%
    #####:   80:    destroy_at(_Tp* __location)
        -:   81:    {
        -:   82:      if constexpr (__cplusplus > 201703L && is_array_v<_Tp>)
        -:   83:	{
        -:   84:	  for (auto& __x : *__location)
        -:   85:	    std::destroy_at(std::__addressof(__x));
        -:   86:	}
        -:   87:      else
    #####:   88:	__location->~_Tp();
    %%%%%:   88-block  0
call    0 never executed
    #####:   89:    }
------------------
_ZSt10destroy_atISt4pairIKPKN7testing8internal15ThreadLocalBaseESt10shared_ptrINS2_26ThreadLocalValueHolderBaseEEEEvPT_:
function _ZSt10destroy_atISt4pairIKPKN7testing8internal15ThreadLocalBaseESt10shared_ptrINS2_26ThreadLocalValueHolderBaseEEEEvPT_ called 0 returned 0% blocks executed 0%
    #####:   80:    destroy_at(_Tp* __location)
        -:   81:    {
        -:   82:      if constexpr (__cplusplus > 201703L && is_array_v<_Tp>)
        -:   83:	{
        -:   84:	  for (auto& __x : *__location)
        -:   85:	    std::destroy_at(std::__addressof(__x));
        -:   86:	}
        -:   87:      else
    #####:   88:	__location->~_Tp();
    %%%%%:   88-block  0
call    0 never executed
    #####:   89:    }
------------------
_ZSt10destroy_atISt4pairIKmSt3mapIPKN7testing8internal15ThreadLocalBaseESt10shared_ptrINS4_26ThreadLocalValueHolderBaseEESt4lessIS7_ESaIS0_IKS7_SA_EEEEEvPT_:
function _ZSt10destroy_atISt4pairIKmSt3mapIPKN7testing8internal15ThreadLocalBaseESt10shared_ptrINS4_26ThreadLocalValueHolderBaseEESt4lessIS7_ESaIS0_IKS7_SA_EEEEEvPT_ called 0 returned 0% blocks executed 0%
    #####:   80:    destroy_at(_Tp* __location)
        -:   81:    {
        -:   82:      if constexpr (__cplusplus > 201703L && is_array_v<_Tp>)
        -:   83:	{
        -:   84:	  for (auto& __x : *__location)
        -:   85:	    std::destroy_at(std::__addressof(__x));
        -:   86:	}
        -:   87:      else
    #####:   88:	__location->~_Tp();
    %%%%%:   88-block  0
call    0 never executed
    #####:   89:    }
------------------
_ZSt10destroy_atIdEvPT_:
function _ZSt10destroy_atIdEvPT_ called 0 returned 0% blocks executed 0%
    #####:   80:    destroy_at(_Tp* __location)
        -:   81:    {
        -:   82:      if constexpr (__cplusplus > 201703L && is_array_v<_Tp>)
        -:   83:	{
        -:   84:	  for (auto& __x : *__location)
        -:   85:	    std::destroy_at(std::__addressof(__x));
        -:   86:	}
        -:   87:      else
    #####:   88:	__location->~_Tp();
    #####:   89:    }
------------------
_ZSt10destroy_atISt6vectorIdSaIdEEEvPT_:
function _ZSt10destroy_atISt6vectorIdSaIdEEEvPT_ called 0 returned 0% blocks executed 0%
    #####:   80:    destroy_at(_Tp* __location)
        -:   81:    {
        -:   82:      if constexpr (__cplusplus > 201703L && is_array_v<_Tp>)
        -:   83:	{
        -:   84:	  for (auto& __x : *__location)
        -:   85:	    std::destroy_at(std::__addressof(__x));
        -:   86:	}
        -:   87:      else
    #####:   88:	__location->~_Tp();
    %%%%%:   88-block  0
call    0 never executed
    #####:   89:    }
------------------
_ZSt10destroy_atISt6vectorIN7testing8internal13edit_distance8EditTypeESaIS4_EEEvPT_:
function _ZSt10destroy_atISt6vectorIN7testing8internal13edit_distance8EditTypeESaIS4_EEEvPT_ called 0 returned 0% blocks executed 0%
    #####:   80:    destroy_at(_Tp* __location)
        -:   81:    {
        -:   82:      if constexpr (__cplusplus > 201703L && is_array_v<_Tp>)
        -:   83:	{
        -:   84:	  for (auto& __x : *__location)
        -:   85:	    std::destroy_at(std::__addressof(__x));
        -:   86:	}
        -:   87:      else
    #####:   88:	__location->~_Tp();
    %%%%%:   88-block  0
call    0 never executed
    #####:   89:    }
------------------
_ZSt10destroy_atISt4pairIKNSt7__cxx1112basic_stringIcSt11char_traitsIcESaIcEEEPN7testing9TestSuiteEEEvPT_:
function _ZSt10destroy_atISt4pairIKNSt7__cxx1112basic_stringIcSt11char_traitsIcESaIcEEEPN7testing9TestSuiteEEEvPT_ called 0 returned 0% blocks executed 0%
    #####:   80:    destroy_at(_Tp* __location)
        -:   81:    {
        -:   82:      if constexpr (__cplusplus > 201703L && is_array_v<_Tp>)
        -:   83:	{
        -:   84:	  for (auto& __x : *__location)
        -:   85:	    std::destroy_at(std::__addressof(__x));
        -:   86:	}
        -:   87:      else
    #####:   88:	__location->~_Tp();
    %%%%%:   88-block  0
call    0 never executed
    #####:   89:    }
------------------
        -:   90:
        -:   91:#if __cplusplus >= 202002L
        -:   92:  template<typename _Tp, typename... _Args>
        -:   93:    constexpr auto
      68*:   94:    construct_at(_Tp* __location, _Args&&... __args)
        -:   95:    noexcept(noexcept(::new((void*)0) _Tp(std::declval<_Args>()...)))
        -:   96:    -> decltype(::new((void*)0) _Tp(std::declval<_Args>()...))
      68*:   97:    { return ::new((void*)__location) _Tp(std::forward<_Args>(__args)...); }
------------------
_ZSt12construct_atIPN7testing17TestEventListenerEJRKS2_EEDTgsnwcvPvLi0E_T_pispcl7declvalIT0_EEEEPS6_DpOS7_:
function _ZSt12construct_atIPN7testing17TestEventListenerEJRKS2_EEDTgsnwcvPvLi0E_T_pispcl7declvalIT0_EEEEPS6_DpOS7_ called 1 returned 100% blocks executed 100%
        1:   94:    construct_at(_Tp* __location, _Args&&... __args)
        -:   95:    noexcept(noexcept(::new((void*)0) _Tp(std::declval<_Args>()...)))
        -:   96:    -> decltype(::new((void*)0) _Tp(std::declval<_Args>()...))
        1:   97:    { return ::new((void*)__location) _Tp(std::forward<_Args>(__args)...); }
        1:   97-block  0
call    0 returned 1
call    1 returned 1
------------------
_ZSt12construct_atISt4pairIcPKcEJS3_EEDTgsnwcvPvLi0E_T_pispcl7declvalIT0_EEEEPS5_DpOS6_:
function _ZSt12construct_atISt4pairIcPKcEJS3_EEDTgsnwcvPvLi0E_T_pispcl7declvalIT0_EEEEPS5_DpOS6_ called 0 returned 0% blocks executed 0%
    #####:   94:    construct_at(_Tp* __location, _Args&&... __args)
        -:   95:    noexcept(noexcept(::new((void*)0) _Tp(std::declval<_Args>()...)))
        -:   96:    -> decltype(::new((void*)0) _Tp(std::declval<_Args>()...))
    #####:   97:    { return ::new((void*)__location) _Tp(std::forward<_Args>(__args)...); }
    %%%%%:   97-block  0
call    0 never executed
call    1 never executed
------------------
_ZSt12construct_atINSt7__cxx1112basic_stringIcSt11char_traitsIcESaIcEEEJRKS5_EEDTgsnwcvPvLi0E_T_pispcl7declvalIT0_EEEEPS9_DpOSA_:
function _ZSt12construct_atINSt7__cxx1112basic_stringIcSt11char_traitsIcESaIcEEEJRKS5_EEDTgsnwcvPvLi0E_T_pispcl7declvalIT0_EEEEPS9_DpOSA_ called 0 returned 0% blocks executed 0%
    #####:   94:    construct_at(_Tp* __location, _Args&&... __args)
        -:   95:    noexcept(noexcept(::new((void*)0) _Tp(std::declval<_Args>()...)))
        -:   96:    -> decltype(::new((void*)0) _Tp(std::declval<_Args>()...))
    #####:   97:    { return ::new((void*)__location) _Tp(std::forward<_Args>(__args)...); }
    %%%%%:   97-block  0
call    0 never executed
call    1 never executed
call    2 never executed
branch  3 never executed (fallthrough)
branch  4 never executed (throw)
    %%%%%:   97-block  1
    %%%%%:   97-block  2
    $$$$$:   97-block  3
branch  5 never executed (fallthrough)
branch  6 never executed
    $$$$$:   97-block  4
call    7 never executed
------------------
_ZSt12construct_atIPN7testing9TestSuiteEJS2_EEDTgsnwcvPvLi0E_T_pispcl7declvalIT0_EEEEPS4_DpOS5_:
function _ZSt12construct_atIPN7testing9TestSuiteEJS2_EEDTgsnwcvPvLi0E_T_pispcl7declvalIT0_EEEEPS4_DpOS5_ called 0 returned 0% blocks executed 0%
    #####:   94:    construct_at(_Tp* __location, _Args&&... __args)
        -:   95:    noexcept(noexcept(::new((void*)0) _Tp(std::declval<_Args>()...)))
        -:   96:    -> decltype(::new((void*)0) _Tp(std::declval<_Args>()...))
    #####:   97:    { return ::new((void*)__location) _Tp(std::forward<_Args>(__args)...); }
    %%%%%:   97-block  0
call    0 never executed
call    1 never executed
------------------
_ZSt12construct_atIiJiEEDTgsnwcvPvLi0E_T_pispcl7declvalIT0_EEEEPS1_DpOS2_:
function _ZSt12construct_atIiJiEEDTgsnwcvPvLi0E_T_pispcl7declvalIT0_EEEEPS1_DpOS2_ called 17 returned 100% blocks executed 100%
       17:   94:    construct_at(_Tp* __location, _Args&&... __args)
        -:   95:    noexcept(noexcept(::new((void*)0) _Tp(std::declval<_Args>()...)))
        -:   96:    -> decltype(::new((void*)0) _Tp(std::declval<_Args>()...))
       17:   97:    { return ::new((void*)__location) _Tp(std::forward<_Args>(__args)...); }
       17:   97-block  0
call    0 returned 17
call    1 returned 17
------------------
_ZSt12construct_atIyJyEEDTgsnwcvPvLi0E_T_pispcl7declvalIT0_EEEEPS1_DpOS2_:
function _ZSt12construct_atIyJyEEDTgsnwcvPvLi0E_T_pispcl7declvalIT0_EEEEPS1_DpOS2_ called 1 returned 100% blocks executed 100%
        1:   94:    construct_at(_Tp* __location, _Args&&... __args)
        -:   95:    noexcept(noexcept(::new((void*)0) _Tp(std::declval<_Args>()...)))
        -:   96:    -> decltype(::new((void*)0) _Tp(std::declval<_Args>()...))
        1:   97:    { return ::new((void*)__location) _Tp(std::forward<_Args>(__args)...); }
        1:   97-block  0
call    0 returned 1
call    1 returned 1
------------------
_ZSt12construct_atINSt7__cxx1112basic_stringIcSt11char_traitsIcESaIcEEEJS5_EEDTgsnwcvPvLi0E_T_pispcl7declvalIT0_EEEEPS7_DpOS8_:
function _ZSt12construct_atINSt7__cxx1112basic_stringIcSt11char_traitsIcESaIcEEEJS5_EEDTgsnwcvPvLi0E_T_pispcl7declvalIT0_EEEEPS7_DpOS8_ called 31 returned 100% blocks executed 100%
       31:   94:    construct_at(_Tp* __location, _Args&&... __args)
        -:   95:    noexcept(noexcept(::new((void*)0) _Tp(std::declval<_Args>()...)))
        -:   96:    -> decltype(::new((void*)0) _Tp(std::declval<_Args>()...))
       31:   97:    { return ::new((void*)__location) _Tp(std::forward<_Args>(__args)...); }
       31:   97-block  0
call    0 returned 31
call    1 returned 31
call    2 returned 31
------------------
_ZSt12construct_atIPN7testing9TestSuiteEJRKS2_EEDTgsnwcvPvLi0E_T_pispcl7declvalIT0_EEEEPS6_DpOS7_:
function _ZSt12construct_atIPN7testing9TestSuiteEJRKS2_EEDTgsnwcvPvLi0E_T_pispcl7declvalIT0_EEEEPS6_DpOS7_ called 1 returned 100% blocks executed 100%
        1:   94:    construct_at(_Tp* __location, _Args&&... __args)
        -:   95:    noexcept(noexcept(::new((void*)0) _Tp(std::declval<_Args>()...)))
        -:   96:    -> decltype(::new((void*)0) _Tp(std::declval<_Args>()...))
        1:   97:    { return ::new((void*)__location) _Tp(std::forward<_Args>(__args)...); }
        1:   97-block  0
call    0 returned 1
call    1 returned 1
------------------
_ZSt12construct_atIN7testing8internal9TraceInfoEJRKS2_EEDTgsnwcvPvLi0E_T_pispcl7declvalIT0_EEEEPS6_DpOS7_:
function _ZSt12construct_atIN7testing8internal9TraceInfoEJRKS2_EEDTgsnwcvPvLi0E_T_pispcl7declvalIT0_EEEEPS6_DpOS7_ called 0 returned 0% blocks executed 0%
    #####:   94:    construct_at(_Tp* __location, _Args&&... __args)
        -:   95:    noexcept(noexcept(::new((void*)0) _Tp(std::declval<_Args>()...)))
        -:   96:    -> decltype(::new((void*)0) _Tp(std::declval<_Args>()...))
    #####:   97:    { return ::new((void*)__location) _Tp(std::forward<_Args>(__args)...); }
    %%%%%:   97-block  0
call    0 never executed
call    1 never executed
call    2 never executed
branch  3 never executed (fallthrough)
branch  4 never executed (throw)
    %%%%%:   97-block  1
    %%%%%:   97-block  2
    $$$$$:   97-block  3
branch  5 never executed (fallthrough)
branch  6 never executed
    $$$$$:   97-block  4
call    7 never executed
------------------
_ZSt12construct_atIPN7testing11EnvironmentEJRKS2_EEDTgsnwcvPvLi0E_T_pispcl7declvalIT0_EEEEPS6_DpOS7_:
function _ZSt12construct_atIPN7testing11EnvironmentEJRKS2_EEDTgsnwcvPvLi0E_T_pispcl7declvalIT0_EEEEPS6_DpOS7_ called 0 returned 0% blocks executed 0%
    #####:   94:    construct_at(_Tp* __location, _Args&&... __args)
        -:   95:    noexcept(noexcept(::new((void*)0) _Tp(std::declval<_Args>()...)))
        -:   96:    -> decltype(::new((void*)0) _Tp(std::declval<_Args>()...))
    #####:   97:    { return ::new((void*)__location) _Tp(std::forward<_Args>(__args)...); }
    %%%%%:   97-block  0
call    0 never executed
call    1 never executed
------------------
_ZSt12construct_atISt6vectorIdSaIdEEJRKS2_EEDTgsnwcvPvLi0E_T_pispcl7declvalIT0_EEEEPS6_DpOS7_:
function _ZSt12construct_atISt6vectorIdSaIdEEJRKS2_EEDTgsnwcvPvLi0E_T_pispcl7declvalIT0_EEEEPS6_DpOS7_ called 0 returned 0% blocks executed 0%
    #####:   94:    construct_at(_Tp* __location, _Args&&... __args)
        -:   95:    noexcept(noexcept(::new((void*)0) _Tp(std::declval<_Args>()...)))
        -:   96:    -> decltype(::new((void*)0) _Tp(std::declval<_Args>()...))
    #####:   97:    { return ::new((void*)__location) _Tp(std::forward<_Args>(__args)...); }
    %%%%%:   97-block  0
call    0 never executed
call    1 never executed
call    2 never executed
branch  3 never executed (fallthrough)
branch  4 never executed (throw)
    %%%%%:   97-block  1
    %%%%%:   97-block  2
    $$$$$:   97-block  3
branch  5 never executed (fallthrough)
branch  6 never executed
    $$$$$:   97-block  4
call    7 never executed
------------------
_ZSt12construct_atIPN7testing8TestInfoEJRKS2_EEDTgsnwcvPvLi0E_T_pispcl7declvalIT0_EEEEPS6_DpOS7_:
function _ZSt12construct_atIPN7testing8TestInfoEJRKS2_EEDTgsnwcvPvLi0E_T_pispcl7declvalIT0_EEEEPS6_DpOS7_ called 16 returned 100% blocks executed 100%
       16:   94:    construct_at(_Tp* __location, _Args&&... __args)
        -:   95:    noexcept(noexcept(::new((void*)0) _Tp(std::declval<_Args>()...)))
        -:   96:    -> decltype(::new((void*)0) _Tp(std::declval<_Args>()...))
       16:   97:    { return ::new((void*)__location) _Tp(std::forward<_Args>(__args)...); }
       16:   97-block  0
call    0 returned 16
call    1 returned 16
------------------
_ZSt12construct_atIN7testing12TestPropertyEJRKS1_EEDTgsnwcvPvLi0E_T_pispcl7declvalIT0_EEEEPS5_DpOS6_:
function _ZSt12construct_atIN7testing12TestPropertyEJRKS1_EEDTgsnwcvPvLi0E_T_pispcl7declvalIT0_EEEEPS5_DpOS6_ called 0 returned 0% blocks executed 0%
    #####:   94:    construct_at(_Tp* __location, _Args&&... __args)
        -:   95:    noexcept(noexcept(::new((void*)0) _Tp(std::declval<_Args>()...)))
        -:   96:    -> decltype(::new((void*)0) _Tp(std::declval<_Args>()...))
    #####:   97:    { return ::new((void*)__location) _Tp(std::forward<_Args>(__args)...); }
    %%%%%:   97-block  0
call    0 never executed
call    1 never executed
call    2 never executed
branch  3 never executed (fallthrough)
branch  4 never executed (throw)
    %%%%%:   97-block  1
    %%%%%:   97-block  2
    $$$$$:   97-block  3
branch  5 never executed (fallthrough)
branch  6 never executed
    $$$$$:   97-block  4
call    7 never executed
------------------
_ZSt12construct_atIN7testing8internal13edit_distance8EditTypeEJRKS3_EEDTgsnwcvPvLi0E_T_pispcl7declvalIT0_EEEEPS7_DpOS8_:
function _ZSt12construct_atIN7testing8internal13edit_distance8EditTypeEJRKS3_EEDTgsnwcvPvLi0E_T_pispcl7declvalIT0_EEEEPS7_DpOS8_ called 0 returned 0% blocks executed 0%
    #####:   94:    construct_at(_Tp* __location, _Args&&... __args)
        -:   95:    noexcept(noexcept(::new((void*)0) _Tp(std::declval<_Args>()...)))
        -:   96:    -> decltype(::new((void*)0) _Tp(std::declval<_Args>()...))
    #####:   97:    { return ::new((void*)__location) _Tp(std::forward<_Args>(__args)...); }
    %%%%%:   97-block  0
call    0 never executed
call    1 never executed
------------------
_ZSt12construct_atIN7testing14TestPartResultEJRKS1_EEDTgsnwcvPvLi0E_T_pispcl7declvalIT0_EEEEPS5_DpOS6_:
function _ZSt12construct_atIN7testing14TestPartResultEJRKS1_EEDTgsnwcvPvLi0E_T_pispcl7declvalIT0_EEEEPS5_DpOS6_ called 0 returned 0% blocks executed 0%
    #####:   94:    construct_at(_Tp* __location, _Args&&... __args)
        -:   95:    noexcept(noexcept(::new((void*)0) _Tp(std::declval<_Args>()...)))
        -:   96:    -> decltype(::new((void*)0) _Tp(std::declval<_Args>()...))
    #####:   97:    { return ::new((void*)__location) _Tp(std::forward<_Args>(__args)...); }
    %%%%%:   97-block  0
call    0 never executed
call    1 never executed
call    2 never executed
branch  3 never executed (fallthrough)
branch  4 never executed (throw)
    %%%%%:   97-block  1
    %%%%%:   97-block  2
    $$$$$:   97-block  3
branch  5 never executed (fallthrough)
branch  6 never executed
    $$$$$:   97-block  4
call    7 never executed
------------------
_ZSt12construct_atISt10shared_ptrIN7testing8internal26ThreadLocalValueHolderBaseEEJRKS4_EEDTgsnwcvPvLi0E_T_pispcl7declvalIT0_EEEEPS8_DpOS9_:
function _ZSt12construct_atISt10shared_ptrIN7testing8internal26ThreadLocalValueHolderBaseEEJRKS4_EEDTgsnwcvPvLi0E_T_pispcl7declvalIT0_EEEEPS8_DpOS9_ called 0 returned 0% blocks executed 0%
    #####:   94:    construct_at(_Tp* __location, _Args&&... __args)
        -:   95:    noexcept(noexcept(::new((void*)0) _Tp(std::declval<_Args>()...)))
        -:   96:    -> decltype(::new((void*)0) _Tp(std::declval<_Args>()...))
    #####:   97:    { return ::new((void*)__location) _Tp(std::forward<_Args>(__args)...); }
    %%%%%:   97-block  0
call    0 never executed
call    1 never executed
call    2 never executed
------------------
_ZSt12construct_atIcJRcEEDTgsnwcvPvLi0E_T_pispcl7declvalIT0_EEEEPS2_DpOS3_:
function _ZSt12construct_atIcJRcEEDTgsnwcvPvLi0E_T_pispcl7declvalIT0_EEEEPS2_DpOS3_ called 0 returned 0% blocks executed 0%
    #####:   94:    construct_at(_Tp* __location, _Args&&... __args)
        -:   95:    noexcept(noexcept(::new((void*)0) _Tp(std::declval<_Args>()...)))
        -:   96:    -> decltype(::new((void*)0) _Tp(std::declval<_Args>()...))
    #####:   97:    { return ::new((void*)__location) _Tp(std::forward<_Args>(__args)...); }
    %%%%%:   97-block  0
call    0 never executed
call    1 never executed
------------------
_ZSt12construct_atIwJRKwEEDTgsnwcvPvLi0E_T_pispcl7declvalIT0_EEEEPS3_DpOS4_:
function _ZSt12construct_atIwJRKwEEDTgsnwcvPvLi0E_T_pispcl7declvalIT0_EEEEPS3_DpOS4_ called 0 returned 0% blocks executed 0%
    #####:   94:    construct_at(_Tp* __location, _Args&&... __args)
        -:   95:    noexcept(noexcept(::new((void*)0) _Tp(std::declval<_Args>()...)))
        -:   96:    -> decltype(::new((void*)0) _Tp(std::declval<_Args>()...))
    #####:   97:    { return ::new((void*)__location) _Tp(std::forward<_Args>(__args)...); }
    %%%%%:   97-block  0
call    0 never executed
call    1 never executed
------------------
_ZSt12construct_atIcJRKcEEDTgsnwcvPvLi0E_T_pispcl7declvalIT0_EEEEPS3_DpOS4_:
function _ZSt12construct_atIcJRKcEEDTgsnwcvPvLi0E_T_pispcl7declvalIT0_EEEEPS3_DpOS4_ called 0 returned 0% blocks executed 0%
    #####:   94:    construct_at(_Tp* __location, _Args&&... __args)
        -:   95:    noexcept(noexcept(::new((void*)0) _Tp(std::declval<_Args>()...)))
        -:   96:    -> decltype(::new((void*)0) _Tp(std::declval<_Args>()...))
    #####:   97:    { return ::new((void*)__location) _Tp(std::forward<_Args>(__args)...); }
    %%%%%:   97-block  0
call    0 never executed
call    1 never executed
------------------
_ZSt12construct_atISt4pairIKNSt7__cxx1112basic_stringIcSt11char_traitsIcESaIcEEEPN7testing9TestSuiteEEJRS7_RKSA_EEDTgsnwcvPvLi0E_T_pispcl7declvalIT0_EEEEPSG_DpOSH_:
function _ZSt12construct_atISt4pairIKNSt7__cxx1112basic_stringIcSt11char_traitsIcESaIcEEEPN7testing9TestSuiteEEJRS7_RKSA_EEDTgsnwcvPvLi0E_T_pispcl7declvalIT0_EEEEPSG_DpOSH_ called 1 returned 100% blocks executed 78%
        1:   94:    construct_at(_Tp* __location, _Args&&... __args)
        -:   95:    noexcept(noexcept(::new((void*)0) _Tp(std::declval<_Args>()...)))
        -:   96:    -> decltype(::new((void*)0) _Tp(std::declval<_Args>()...))
        1:   97:    { return ::new((void*)__location) _Tp(std::forward<_Args>(__args)...); }
        1:   97-block  0
call    0 returned 1
call    1 returned 1
call    2 returned 1
call    3 returned 1
branch  4 taken 1 (fallthrough)
branch  5 taken 0 (throw)
        1:   97-block  1
        1:   97-block  2
    $$$$$:   97-block  3
branch  6 never executed (fallthrough)
branch  7 never executed
    $$$$$:   97-block  4
call    8 never executed
------------------
_ZSt12construct_atIPN7testing11EnvironmentEJS2_EEDTgsnwcvPvLi0E_T_pispcl7declvalIT0_EEEEPS4_DpOS5_:
function _ZSt12construct_atIPN7testing11EnvironmentEJS2_EEDTgsnwcvPvLi0E_T_pispcl7declvalIT0_EEEEPS4_DpOS5_ called 0 returned 0% blocks executed 0%
    #####:   94:    construct_at(_Tp* __location, _Args&&... __args)
        -:   95:    noexcept(noexcept(::new((void*)0) _Tp(std::declval<_Args>()...)))
        -:   96:    -> decltype(::new((void*)0) _Tp(std::declval<_Args>()...))
    #####:   97:    { return ::new((void*)__location) _Tp(std::forward<_Args>(__args)...); }
    %%%%%:   97-block  0
call    0 never executed
call    1 never executed
------------------
_ZSt12construct_atIPN7testing17TestEventListenerEJS2_EEDTgsnwcvPvLi0E_T_pispcl7declvalIT0_EEEEPS4_DpOS5_:
function _ZSt12construct_atIPN7testing17TestEventListenerEJS2_EEDTgsnwcvPvLi0E_T_pispcl7declvalIT0_EEEEPS4_DpOS5_ called 0 returned 0% blocks executed 0%
    #####:   94:    construct_at(_Tp* __location, _Args&&... __args)
        -:   95:    noexcept(noexcept(::new((void*)0) _Tp(std::declval<_Args>()...)))
        -:   96:    -> decltype(::new((void*)0) _Tp(std::declval<_Args>()...))
    #####:   97:    { return ::new((void*)__location) _Tp(std::forward<_Args>(__args)...); }
    %%%%%:   97-block  0
call    0 never executed
call    1 never executed
------------------
_ZSt12construct_atIPN7testing8TestInfoEJS2_EEDTgsnwcvPvLi0E_T_pispcl7declvalIT0_EEEEPS4_DpOS5_:
function _ZSt12construct_atIPN7testing8TestInfoEJS2_EEDTgsnwcvPvLi0E_T_pispcl7declvalIT0_EEEEPS4_DpOS5_ called 0 returned 0% blocks executed 0%
    #####:   94:    construct_at(_Tp* __location, _Args&&... __args)
        -:   95:    noexcept(noexcept(::new((void*)0) _Tp(std::declval<_Args>()...)))
        -:   96:    -> decltype(::new((void*)0) _Tp(std::declval<_Args>()...))
    #####:   97:    { return ::new((void*)__location) _Tp(std::forward<_Args>(__args)...); }
    %%%%%:   97-block  0
call    0 never executed
call    1 never executed
------------------
_ZSt12construct_atIN7testing8internal13edit_distance8EditTypeEJS3_EEDTgsnwcvPvLi0E_T_pispcl7declvalIT0_EEEEPS5_DpOS6_:
function _ZSt12construct_atIN7testing8internal13edit_distance8EditTypeEJS3_EEDTgsnwcvPvLi0E_T_pispcl7declvalIT0_EEEEPS5_DpOS6_ called 0 returned 0% blocks executed 0%
    #####:   94:    construct_at(_Tp* __location, _Args&&... __args)
        -:   95:    noexcept(noexcept(::new((void*)0) _Tp(std::declval<_Args>()...)))
        -:   96:    -> decltype(::new((void*)0) _Tp(std::declval<_Args>()...))
    #####:   97:    { return ::new((void*)__location) _Tp(std::forward<_Args>(__args)...); }
    %%%%%:   97-block  0
call    0 never executed
call    1 never executed
------------------
_ZSt12construct_atIN7testing8internal9TraceInfoEJS2_EEDTgsnwcvPvLi0E_T_pispcl7declvalIT0_EEEEPS4_DpOS5_:
function _ZSt12construct_atIN7testing8internal9TraceInfoEJS2_EEDTgsnwcvPvLi0E_T_pispcl7declvalIT0_EEEEPS4_DpOS5_ called 0 returned 0% blocks executed 0%
    #####:   94:    construct_at(_Tp* __location, _Args&&... __args)
        -:   95:    noexcept(noexcept(::new((void*)0) _Tp(std::declval<_Args>()...)))
        -:   96:    -> decltype(::new((void*)0) _Tp(std::declval<_Args>()...))
    #####:   97:    { return ::new((void*)__location) _Tp(std::forward<_Args>(__args)...); }
    %%%%%:   97-block  0
call    0 never executed
call    1 never executed
call    2 never executed
------------------
_ZSt12construct_atIN7testing12TestPropertyEJS1_EEDTgsnwcvPvLi0E_T_pispcl7declvalIT0_EEEEPS3_DpOS4_:
function _ZSt12construct_atIN7testing12TestPropertyEJS1_EEDTgsnwcvPvLi0E_T_pispcl7declvalIT0_EEEEPS3_DpOS4_ called 0 returned 0% blocks executed 0%
    #####:   94:    construct_at(_Tp* __location, _Args&&... __args)
        -:   95:    noexcept(noexcept(::new((void*)0) _Tp(std::declval<_Args>()...)))
        -:   96:    -> decltype(::new((void*)0) _Tp(std::declval<_Args>()...))
    #####:   97:    { return ::new((void*)__location) _Tp(std::forward<_Args>(__args)...); }
    %%%%%:   97-block  0
call    0 never executed
call    1 never executed
call    2 never executed
------------------
_ZSt12construct_atIN7testing14TestPartResultEJS1_EEDTgsnwcvPvLi0E_T_pispcl7declvalIT0_EEEEPS3_DpOS4_:
function _ZSt12construct_atIN7testing14TestPartResultEJS1_EEDTgsnwcvPvLi0E_T_pispcl7declvalIT0_EEEEPS3_DpOS4_ called 0 returned 0% blocks executed 0%
    #####:   94:    construct_at(_Tp* __location, _Args&&... __args)
        -:   95:    noexcept(noexcept(::new((void*)0) _Tp(std::declval<_Args>()...)))
        -:   96:    -> decltype(::new((void*)0) _Tp(std::declval<_Args>()...))
    #####:   97:    { return ::new((void*)__location) _Tp(std::forward<_Args>(__args)...); }
    %%%%%:   97-block  0
call    0 never executed
call    1 never executed
call    2 never executed
------------------
_ZSt12construct_atISt10shared_ptrIN7testing8internal26ThreadLocalValueHolderBaseEEJS4_EEDTgsnwcvPvLi0E_T_pispcl7declvalIT0_EEEEPS6_DpOS7_:
function _ZSt12construct_atISt10shared_ptrIN7testing8internal26ThreadLocalValueHolderBaseEEJS4_EEDTgsnwcvPvLi0E_T_pispcl7declvalIT0_EEEEPS6_DpOS7_ called 0 returned 0% blocks executed 0%
    #####:   94:    construct_at(_Tp* __location, _Args&&... __args)
        -:   95:    noexcept(noexcept(::new((void*)0) _Tp(std::declval<_Args>()...)))
        -:   96:    -> decltype(::new((void*)0) _Tp(std::declval<_Args>()...))
    #####:   97:    { return ::new((void*)__location) _Tp(std::forward<_Args>(__args)...); }
    %%%%%:   97-block  0
call    0 never executed
call    1 never executed
call    2 never executed
------------------
_ZSt12construct_atIdJRKdEEDTgsnwcvPvLi0E_T_pispcl7declvalIT0_EEEEPS3_DpOS4_:
function _ZSt12construct_atIdJRKdEEDTgsnwcvPvLi0E_T_pispcl7declvalIT0_EEEEPS3_DpOS4_ called 0 returned 0% blocks executed 0%
    #####:   94:    construct_at(_Tp* __location, _Args&&... __args)
        -:   95:    noexcept(noexcept(::new((void*)0) _Tp(std::declval<_Args>()...)))
        -:   96:    -> decltype(::new((void*)0) _Tp(std::declval<_Args>()...))
    #####:   97:    { return ::new((void*)__location) _Tp(std::forward<_Args>(__args)...); }
    %%%%%:   97-block  0
call    0 never executed
call    1 never executed
------------------
_ZSt12construct_atINSt7__cxx1112basic_stringIcSt11char_traitsIcESaIcEEEJRKPKcEEDTgsnwcvPvLi0E_T_pispcl7declvalIT0_EEEEPSB_DpOSC_:
function _ZSt12construct_atINSt7__cxx1112basic_stringIcSt11char_traitsIcESaIcEEEJRKPKcEEDTgsnwcvPvLi0E_T_pispcl7declvalIT0_EEEEPSB_DpOSC_ called 0 returned 0% blocks executed 0%
    #####:   94:    construct_at(_Tp* __location, _Args&&... __args)
        -:   95:    noexcept(noexcept(::new((void*)0) _Tp(std::declval<_Args>()...)))
        -:   96:    -> decltype(::new((void*)0) _Tp(std::declval<_Args>()...))
    #####:   97:    { return ::new((void*)__location) _Tp(std::forward<_Args>(__args)...); }
    %%%%%:   97-block  0
call    0 never executed
    %%%%%:   97-block  1
call    1 never executed
call    2 never executed
branch  3 never executed (fallthrough)
branch  4 never executed (throw)
    %%%%%:   97-block  2
    %%%%%:   97-block  3
    %%%%%:   97-block  4
    $$$$$:   97-block  5
    $$$$$:   97-block  6
branch  5 never executed (fallthrough)
branch  6 never executed
    $$$$$:   97-block  7
call    7 never executed
------------------
_ZSt12construct_atISt4pairIKNSt7__cxx1112basic_stringIcSt11char_traitsIcESaIcEEEyEJRKSt21piecewise_construct_tSt5tupleIJRS7_EESC_IJEEEEDTgsnwcvPvLi0E_T_pispcl7declvalIT0_EEEEPSH_DpOSI_:
function _ZSt12construct_atISt4pairIKNSt7__cxx1112basic_stringIcSt11char_traitsIcESaIcEEEyEJRKSt21piecewise_construct_tSt5tupleIJRS7_EESC_IJEEEEDTgsnwcvPvLi0E_T_pispcl7declvalIT0_EEEEPSH_DpOSI_ called 0 returned 0% blocks executed 0%
    #####:   94:    construct_at(_Tp* __location, _Args&&... __args)
        -:   95:    noexcept(noexcept(::new((void*)0) _Tp(std::declval<_Args>()...)))
        -:   96:    -> decltype(::new((void*)0) _Tp(std::declval<_Args>()...))
    #####:   97:    { return ::new((void*)__location) _Tp(std::forward<_Args>(__args)...); }
    %%%%%:   97-block  0
call    0 never executed
call    1 never executed
call    2 never executed
call    3 never executed
call    4 never executed
call    5 never executed
branch  6 never executed (fallthrough)
branch  7 never executed (throw)
    %%%%%:   97-block  1
    %%%%%:   97-block  2
    %%%%%:   97-block  3
    $$$$$:   97-block  4
    $$$$$:   97-block  5
branch  8 never executed (fallthrough)
branch  9 never executed
    $$$$$:   97-block  6
call   10 never executed
------------------
_ZSt12construct_atIN7testing8internal13edit_distance8EditTypeEJEEDTgsnwcvPvLi0E_T_pispcl7declvalIT0_EEEEPS5_DpOS6_:
function _ZSt12construct_atIN7testing8internal13edit_distance8EditTypeEJEEDTgsnwcvPvLi0E_T_pispcl7declvalIT0_EEEEPS5_DpOS6_ called 0 returned 0% blocks executed 0%
    #####:   94:    construct_at(_Tp* __location, _Args&&... __args)
        -:   95:    noexcept(noexcept(::new((void*)0) _Tp(std::declval<_Args>()...)))
        -:   96:    -> decltype(::new((void*)0) _Tp(std::declval<_Args>()...))
    #####:   97:    { return ::new((void*)__location) _Tp(std::forward<_Args>(__args)...); }
    %%%%%:   97-block  0
call    0 never executed
------------------
_ZSt12construct_atIdJEEDTgsnwcvPvLi0E_T_pispcl7declvalIT0_EEEEPS1_DpOS2_:
function _ZSt12construct_atIdJEEDTgsnwcvPvLi0E_T_pispcl7declvalIT0_EEEEPS1_DpOS2_ called 0 returned 0% blocks executed 0%
    #####:   94:    construct_at(_Tp* __location, _Args&&... __args)
        -:   95:    noexcept(noexcept(::new((void*)0) _Tp(std::declval<_Args>()...)))
        -:   96:    -> decltype(::new((void*)0) _Tp(std::declval<_Args>()...))
    #####:   97:    { return ::new((void*)__location) _Tp(std::forward<_Args>(__args)...); }
    %%%%%:   97-block  0
call    0 never executed
------------------
_ZSt12construct_atISt4pairIKNSt7__cxx1112basic_stringIcSt11char_traitsIcESaIcEEEN7testing8internal34TypeParameterizedTestSuiteRegistry30TypeParameterizedTestSuiteInfoEEJS6_SB_EEDTgsnwcvPvLi0E_T_pispcl7declvalIT0_EEEEPSE_DpOSF_:
function _ZSt12construct_atISt4pairIKNSt7__cxx1112basic_stringIcSt11char_traitsIcESaIcEEEN7testing8internal34TypeParameterizedTestSuiteRegistry30TypeParameterizedTestSuiteInfoEEJS6_SB_EEDTgsnwcvPvLi0E_T_pispcl7declvalIT0_EEEEPSE_DpOSF_ called 0 returned 0% blocks executed 0%
    #####:   94:    construct_at(_Tp* __location, _Args&&... __args)
        -:   95:    noexcept(noexcept(::new((void*)0) _Tp(std::declval<_Args>()...)))
        -:   96:    -> decltype(::new((void*)0) _Tp(std::declval<_Args>()...))
    #####:   97:    { return ::new((void*)__location) _Tp(std::forward<_Args>(__args)...); }
    %%%%%:   97-block  0
call    0 never executed
call    1 never executed
call    2 never executed
call    3 never executed
------------------
_ZSt12construct_atISt4pairIKPKN7testing8internal15ThreadLocalBaseESt10shared_ptrINS2_26ThreadLocalValueHolderBaseEEEJS0_IS5_S9_EEEDTgsnwcvPvLi0E_T_pispcl7declvalIT0_EEEEPSD_DpOSE_:
function _ZSt12construct_atISt4pairIKPKN7testing8internal15ThreadLocalBaseESt10shared_ptrINS2_26ThreadLocalValueHolderBaseEEEJS0_IS5_S9_EEEDTgsnwcvPvLi0E_T_pispcl7declvalIT0_EEEEPSD_DpOSE_ called 0 returned 0% blocks executed 0%
    #####:   94:    construct_at(_Tp* __location, _Args&&... __args)
        -:   95:    noexcept(noexcept(::new((void*)0) _Tp(std::declval<_Args>()...)))
        -:   96:    -> decltype(::new((void*)0) _Tp(std::declval<_Args>()...))
    #####:   97:    { return ::new((void*)__location) _Tp(std::forward<_Args>(__args)...); }
    %%%%%:   97-block  0
call    0 never executed
call    1 never executed
call    2 never executed
------------------
_ZSt12construct_atISt4pairIKmSt3mapIPKN7testing8internal15ThreadLocalBaseESt10shared_ptrINS4_26ThreadLocalValueHolderBaseEESt4lessIS7_ESaIS0_IKS7_SA_EEEEJS0_ImSG_EEEDTgsnwcvPvLi0E_T_pispcl7declvalIT0_EEEEPSK_DpOSL_:
function _ZSt12construct_atISt4pairIKmSt3mapIPKN7testing8internal15ThreadLocalBaseESt10shared_ptrINS4_26ThreadLocalValueHolderBaseEESt4lessIS7_ESaIS0_IKS7_SA_EEEEJS0_ImSG_EEEDTgsnwcvPvLi0E_T_pispcl7declvalIT0_EEEEPSK_DpOSL_ called 0 returned 0% blocks executed 0%
    #####:   94:    construct_at(_Tp* __location, _Args&&... __args)
        -:   95:    noexcept(noexcept(::new((void*)0) _Tp(std::declval<_Args>()...)))
        -:   96:    -> decltype(::new((void*)0) _Tp(std::declval<_Args>()...))
    #####:   97:    { return ::new((void*)__location) _Tp(std::forward<_Args>(__args)...); }
    %%%%%:   97-block  0
call    0 never executed
call    1 never executed
call    2 never executed
------------------
_ZSt12construct_atISt6vectorIN7testing8internal13edit_distance8EditTypeESaIS4_EEJRKS6_EEDTgsnwcvPvLi0E_T_pispcl7declvalIT0_EEEEPSA_DpOSB_:
function _ZSt12construct_atISt6vectorIN7testing8internal13edit_distance8EditTypeESaIS4_EEJRKS6_EEDTgsnwcvPvLi0E_T_pispcl7declvalIT0_EEEEPSA_DpOSB_ called 0 returned 0% blocks executed 0%
    #####:   94:    construct_at(_Tp* __location, _Args&&... __args)
        -:   95:    noexcept(noexcept(::new((void*)0) _Tp(std::declval<_Args>()...)))
        -:   96:    -> decltype(::new((void*)0) _Tp(std::declval<_Args>()...))
    #####:   97:    { return ::new((void*)__location) _Tp(std::forward<_Args>(__args)...); }
    %%%%%:   97-block  0
call    0 never executed
call    1 never executed
call    2 never executed
branch  3 never executed (fallthrough)
branch  4 never executed (throw)
    %%%%%:   97-block  1
    %%%%%:   97-block  2
    $$$$$:   97-block  3
branch  5 never executed (fallthrough)
branch  6 never executed
    $$$$$:   97-block  4
call    7 never executed
------------------
        -:   98:#endif // C++20
        -:   99:#endif// C++17
        -:  100:
        -:  101:  /**
        -:  102:   * Constructs an object in existing memory by invoking an allocated
        -:  103:   * object's constructor with an initializer.
        -:  104:   */
        -:  105:#if __cplusplus >= 201103L
        -:  106:  template<typename _Tp, typename... _Args>
        -:  107:    _GLIBCXX20_CONSTEXPR
        -:  108:    inline void
       2*:  109:    _Construct(_Tp* __p, _Args&&... __args)
        -:  110:    {
        -:  111:#if __cplusplus >= 202002L
       2*:  112:      if (std::__is_constant_evaluated())
        -:  113:	{
        -:  114:	  // Allow std::_Construct to be used in constant expressions.
    #####:  115:	  std::construct_at(__p, std::forward<_Args>(__args)...);
    #####:  116:	  return;
        -:  117:	}
        -:  118:#endif
       2*:  119:      ::new((void*)__p) _Tp(std::forward<_Args>(__args)...);
        -:  120:    }
------------------
_ZSt10_ConstructIN7testing8internal13edit_distance8EditTypeEJRKS3_EEvPT_DpOT0_:
function _ZSt10_ConstructIN7testing8internal13edit_distance8EditTypeEJRKS3_EEvPT_DpOT0_ called 0 returned 0% blocks executed 0%
    #####:  109:    _Construct(_Tp* __p, _Args&&... __args)
        -:  110:    {
        -:  111:#if __cplusplus >= 202002L
    #####:  112:      if (std::__is_constant_evaluated())
    %%%%%:  112-block  0
call    0 never executed
branch  1 never executed (fallthrough)
branch  2 never executed
        -:  113:	{
        -:  114:	  // Allow std::_Construct to be used in constant expressions.
    #####:  115:	  std::construct_at(__p, std::forward<_Args>(__args)...);
    %%%%%:  115-block  0
call    0 never executed
call    1 never executed
    #####:  116:	  return;
        -:  117:	}
        -:  118:#endif
    #####:  119:      ::new((void*)__p) _Tp(std::forward<_Args>(__args)...);
    %%%%%:  119-block  0
call    0 never executed
call    1 never executed
        -:  120:    }
------------------
_ZSt10_ConstructIdJRKdEEvPT_DpOT0_:
function _ZSt10_ConstructIdJRKdEEvPT_DpOT0_ called 0 returned 0% blocks executed 0%
    #####:  109:    _Construct(_Tp* __p, _Args&&... __args)
        -:  110:    {
        -:  111:#if __cplusplus >= 202002L
    #####:  112:      if (std::__is_constant_evaluated())
    %%%%%:  112-block  0
call    0 never executed
branch  1 never executed (fallthrough)
branch  2 never executed
        -:  113:	{
        -:  114:	  // Allow std::_Construct to be used in constant expressions.
    #####:  115:	  std::construct_at(__p, std::forward<_Args>(__args)...);
    %%%%%:  115-block  0
call    0 never executed
call    1 never executed
    #####:  116:	  return;
        -:  117:	}
        -:  118:#endif
    #####:  119:      ::new((void*)__p) _Tp(std::forward<_Args>(__args)...);
    %%%%%:  119-block  0
call    0 never executed
call    1 never executed
        -:  120:    }
------------------
_ZSt10_ConstructINSt7__cxx1112basic_stringIcSt11char_traitsIcESaIcEEEJRKPKcEEvPT_DpOT0_:
function _ZSt10_ConstructINSt7__cxx1112basic_stringIcSt11char_traitsIcESaIcEEEJRKPKcEEvPT_DpOT0_ called 0 returned 0% blocks executed 0%
    #####:  109:    _Construct(_Tp* __p, _Args&&... __args)
        -:  110:    {
        -:  111:#if __cplusplus >= 202002L
    #####:  112:      if (std::__is_constant_evaluated())
    %%%%%:  112-block  0
call    0 never executed
branch  1 never executed (fallthrough)
branch  2 never executed
        -:  113:	{
        -:  114:	  // Allow std::_Construct to be used in constant expressions.
    #####:  115:	  std::construct_at(__p, std::forward<_Args>(__args)...);
    %%%%%:  115-block  0
call    0 never executed
call    1 never executed
    #####:  116:	  return;
        -:  117:	}
        -:  118:#endif
    #####:  119:      ::new((void*)__p) _Tp(std::forward<_Args>(__args)...);
    %%%%%:  119-block  0
call    0 never executed
    %%%%%:  119-block  1
call    1 never executed
call    2 never executed
branch  3 never executed (fallthrough)
branch  4 never executed (throw)
    %%%%%:  119-block  2
    %%%%%:  119-block  3
    $$$$$:  119-block  4
    $$$$$:  119-block  5
branch  5 never executed (fallthrough)
branch  6 never executed
    $$$$$:  119-block  6
call    7 never executed
        -:  120:    }
------------------
_ZSt10_ConstructIN7testing8internal13edit_distance8EditTypeEJEEvPT_DpOT0_:
function _ZSt10_ConstructIN7testing8internal13edit_distance8EditTypeEJEEvPT_DpOT0_ called 0 returned 0% blocks executed 0%
    #####:  109:    _Construct(_Tp* __p, _Args&&... __args)
        -:  110:    {
        -:  111:#if __cplusplus >= 202002L
    #####:  112:      if (std::__is_constant_evaluated())
    %%%%%:  112-block  0
call    0 never executed
branch  1 never executed (fallthrough)
branch  2 never executed
        -:  113:	{
        -:  114:	  // Allow std::_Construct to be used in constant expressions.
    #####:  115:	  std::construct_at(__p, std::forward<_Args>(__args)...);
    %%%%%:  115-block  0
call    0 never executed
    #####:  116:	  return;
        -:  117:	}
        -:  118:#endif
    #####:  119:      ::new((void*)__p) _Tp(std::forward<_Args>(__args)...);
    %%%%%:  119-block  0
call    0 never executed
        -:  120:    }
------------------
_ZSt10_ConstructIdJEEvPT_DpOT0_:
function _ZSt10_ConstructIdJEEvPT_DpOT0_ called 0 returned 0% blocks executed 0%
    #####:  109:    _Construct(_Tp* __p, _Args&&... __args)
        -:  110:    {
        -:  111:#if __cplusplus >= 202002L
    #####:  112:      if (std::__is_constant_evaluated())
    %%%%%:  112-block  0
call    0 never executed
branch  1 never executed (fallthrough)
branch  2 never executed
        -:  113:	{
        -:  114:	  // Allow std::_Construct to be used in constant expressions.
    #####:  115:	  std::construct_at(__p, std::forward<_Args>(__args)...);
    %%%%%:  115-block  0
call    0 never executed
    #####:  116:	  return;
        -:  117:	}
        -:  118:#endif
    #####:  119:      ::new((void*)__p) _Tp(std::forward<_Args>(__args)...);
    %%%%%:  119-block  0
call    0 never executed
        -:  120:    }
------------------
_ZSt10_ConstructISt6vectorIN7testing8internal13edit_distance8EditTypeESaIS4_EEJRKS6_EEvPT_DpOT0_:
function _ZSt10_ConstructISt6vectorIN7testing8internal13edit_distance8EditTypeESaIS4_EEJRKS6_EEvPT_DpOT0_ called 0 returned 0% blocks executed 0%
    #####:  109:    _Construct(_Tp* __p, _Args&&... __args)
        -:  110:    {
        -:  111:#if __cplusplus >= 202002L
    #####:  112:      if (std::__is_constant_evaluated())
    %%%%%:  112-block  0
call    0 never executed
branch  1 never executed (fallthrough)
branch  2 never executed
        -:  113:	{
        -:  114:	  // Allow std::_Construct to be used in constant expressions.
    #####:  115:	  std::construct_at(__p, std::forward<_Args>(__args)...);
    %%%%%:  115-block  0
call    0 never executed
call    1 never executed
    #####:  116:	  return;
        -:  117:	}
        -:  118:#endif
    #####:  119:      ::new((void*)__p) _Tp(std::forward<_Args>(__args)...);
    %%%%%:  119-block  0
call    0 never executed
call    1 never executed
call    2 never executed
branch  3 never executed (fallthrough)
branch  4 never executed (throw)
    %%%%%:  119-block  1
    $$$$$:  119-block  2
branch  5 never executed (fallthrough)
branch  6 never executed
    $$$$$:  119-block  3
call    7 never executed
        -:  120:    }
------------------
_ZSt10_ConstructISt6vectorIdSaIdEEJRKS2_EEvPT_DpOT0_:
function _ZSt10_ConstructISt6vectorIdSaIdEEJRKS2_EEvPT_DpOT0_ called 0 returned 0% blocks executed 0%
    #####:  109:    _Construct(_Tp* __p, _Args&&... __args)
        -:  110:    {
        -:  111:#if __cplusplus >= 202002L
    #####:  112:      if (std::__is_constant_evaluated())
    %%%%%:  112-block  0
call    0 never executed
branch  1 never executed (fallthrough)
branch  2 never executed
        -:  113:	{
        -:  114:	  // Allow std::_Construct to be used in constant expressions.
    #####:  115:	  std::construct_at(__p, std::forward<_Args>(__args)...);
    %%%%%:  115-block  0
call    0 never executed
call    1 never executed
    #####:  116:	  return;
        -:  117:	}
        -:  118:#endif
    #####:  119:      ::new((void*)__p) _Tp(std::forward<_Args>(__args)...);
    %%%%%:  119-block  0
call    0 never executed
call    1 never executed
call    2 never executed
branch  3 never executed (fallthrough)
branch  4 never executed (throw)
    %%%%%:  119-block  1
    $$$$$:  119-block  2
branch  5 never executed (fallthrough)
branch  6 never executed
    $$$$$:  119-block  3
call    7 never executed
        -:  120:    }
------------------
_ZSt10_ConstructINSt7__cxx1112basic_stringIcSt11char_traitsIcESaIcEEEJRKS5_EEvPT_DpOT0_:
function _ZSt10_ConstructINSt7__cxx1112basic_stringIcSt11char_traitsIcESaIcEEEJRKS5_EEvPT_DpOT0_ called 2 returned 100% blocks executed 62%
        2:  109:    _Construct(_Tp* __p, _Args&&... __args)
        -:  110:    {
        -:  111:#if __cplusplus >= 202002L
        2:  112:      if (std::__is_constant_evaluated())
        2:  112-block  0
call    0 returned 2
branch  1 taken 0 (fallthrough)
branch  2 taken 2
        -:  113:	{
        -:  114:	  // Allow std::_Construct to be used in constant expressions.
    #####:  115:	  std::construct_at(__p, std::forward<_Args>(__args)...);
    %%%%%:  115-block  0
call    0 never executed
call    1 never executed
    #####:  116:	  return;
        -:  117:	}
        -:  118:#endif
        2:  119:      ::new((void*)__p) _Tp(std::forward<_Args>(__args)...);
        2:  119-block  0
call    0 returned 2
call    1 returned 2
call    2 returned 2
branch  3 taken 2 (fallthrough)
branch  4 taken 0 (throw)
        2:  119-block  1
    $$$$$:  119-block  2
branch  5 never executed (fallthrough)
branch  6 never executed
    $$$$$:  119-block  3
call    7 never executed
        -:  120:    }
------------------
        -:  121:#else
        -:  122:  template<typename _T1, typename _T2>
        -:  123:    inline void
        -:  124:    _Construct(_T1* __p, const _T2& __value)
        -:  125:    {
        -:  126:      // _GLIBCXX_RESOLVE_LIB_DEFECTS
        -:  127:      // 402. wrong new expression in [some_]allocator::construct
        -:  128:      ::new(static_cast<void*>(__p)) _T1(__value);
        -:  129:    }
        -:  130:#endif
        -:  131:
        -:  132:  template<typename _T1>
        -:  133:    inline void
        -:  134:    _Construct_novalue(_T1* __p)
        -:  135:    { ::new((void*)__p) _T1; }
        -:  136:
        -:  137:  template<typename _ForwardIterator>
        -:  138:    _GLIBCXX20_CONSTEXPR void
        -:  139:    _Destroy(_ForwardIterator __first, _ForwardIterator __last);
        -:  140:
        -:  141:  /**
        -:  142:   * Destroy the object pointed to by a pointer type.
        -:  143:   */
        -:  144:  template<typename _Tp>
        -:  145:    _GLIBCXX14_CONSTEXPR inline void
      21*:  146:    _Destroy(_Tp* __pointer)
        -:  147:    {
        -:  148:#if __cplusplus > 201703L
      21*:  149:      std::destroy_at(__pointer);
        -:  150:#else
        -:  151:      __pointer->~_Tp();
        -:  152:#endif
      21*:  153:    }
------------------
_ZSt8_DestroyIN7testing8internal9TraceInfoEEvPT_:
function _ZSt8_DestroyIN7testing8internal9TraceInfoEEvPT_ called 0 returned 0% blocks executed 0%
    #####:  146:    _Destroy(_Tp* __pointer)
        -:  147:    {
        -:  148:#if __cplusplus > 201703L
    #####:  149:      std::destroy_at(__pointer);
    %%%%%:  149-block  0
call    0 never executed
        -:  150:#else
        -:  151:      __pointer->~_Tp();
        -:  152:#endif
    #####:  153:    }
------------------
_ZSt8_DestroyIPN7testing9TestSuiteEEvPT_:
function _ZSt8_DestroyIPN7testing9TestSuiteEEvPT_ called 0 returned 0% blocks executed 0%
    #####:  146:    _Destroy(_Tp* __pointer)
        -:  147:    {
        -:  148:#if __cplusplus > 201703L
    #####:  149:      std::destroy_at(__pointer);
    %%%%%:  149-block  0
call    0 never executed
        -:  150:#else
        -:  151:      __pointer->~_Tp();
        -:  152:#endif
    #####:  153:    }
------------------
_ZSt8_DestroyIPN7testing11EnvironmentEEvPT_:
function _ZSt8_DestroyIPN7testing11EnvironmentEEvPT_ called 0 returned 0% blocks executed 0%
    #####:  146:    _Destroy(_Tp* __pointer)
        -:  147:    {
        -:  148:#if __cplusplus > 201703L
    #####:  149:      std::destroy_at(__pointer);
    %%%%%:  149-block  0
call    0 never executed
        -:  150:#else
        -:  151:      __pointer->~_Tp();
        -:  152:#endif
    #####:  153:    }
------------------
_ZSt8_DestroyIPN7testing17TestEventListenerEEvPT_:
function _ZSt8_DestroyIPN7testing17TestEventListenerEEvPT_ called 0 returned 0% blocks executed 0%
    #####:  146:    _Destroy(_Tp* __pointer)
        -:  147:    {
        -:  148:#if __cplusplus > 201703L
    #####:  149:      std::destroy_at(__pointer);
    %%%%%:  149-block  0
call    0 never executed
        -:  150:#else
        -:  151:      __pointer->~_Tp();
        -:  152:#endif
    #####:  153:    }
------------------
_ZSt8_DestroyIiEvPT_:
function _ZSt8_DestroyIiEvPT_ called 0 returned 0% blocks executed 0%
    #####:  146:    _Destroy(_Tp* __pointer)
        -:  147:    {
        -:  148:#if __cplusplus > 201703L
    #####:  149:      std::destroy_at(__pointer);
    %%%%%:  149-block  0
call    0 never executed
        -:  150:#else
        -:  151:      __pointer->~_Tp();
        -:  152:#endif
    #####:  153:    }
------------------
_ZSt8_DestroyIPN7testing8TestInfoEEvPT_:
function _ZSt8_DestroyIPN7testing8TestInfoEEvPT_ called 0 returned 0% blocks executed 0%
    #####:  146:    _Destroy(_Tp* __pointer)
        -:  147:    {
        -:  148:#if __cplusplus > 201703L
    #####:  149:      std::destroy_at(__pointer);
    %%%%%:  149-block  0
call    0 never executed
        -:  150:#else
        -:  151:      __pointer->~_Tp();
        -:  152:#endif
    #####:  153:    }
------------------
_ZSt8_DestroyIN7testing12TestPropertyEEvPT_:
function _ZSt8_DestroyIN7testing12TestPropertyEEvPT_ called 0 returned 0% blocks executed 0%
    #####:  146:    _Destroy(_Tp* __pointer)
        -:  147:    {
        -:  148:#if __cplusplus > 201703L
    #####:  149:      std::destroy_at(__pointer);
    %%%%%:  149-block  0
call    0 never executed
        -:  150:#else
        -:  151:      __pointer->~_Tp();
        -:  152:#endif
    #####:  153:    }
------------------
_ZSt8_DestroyIN7testing14TestPartResultEEvPT_:
function _ZSt8_DestroyIN7testing14TestPartResultEEvPT_ called 0 returned 0% blocks executed 0%
    #####:  146:    _Destroy(_Tp* __pointer)
        -:  147:    {
        -:  148:#if __cplusplus > 201703L
    #####:  149:      std::destroy_at(__pointer);
    %%%%%:  149-block  0
call    0 never executed
        -:  150:#else
        -:  151:      __pointer->~_Tp();
        -:  152:#endif
    #####:  153:    }
------------------
_ZSt8_DestroyIyEvPT_:
function _ZSt8_DestroyIyEvPT_ called 0 returned 0% blocks executed 0%
    #####:  146:    _Destroy(_Tp* __pointer)
        -:  147:    {
        -:  148:#if __cplusplus > 201703L
    #####:  149:      std::destroy_at(__pointer);
    %%%%%:  149-block  0
call    0 never executed
        -:  150:#else
        -:  151:      __pointer->~_Tp();
        -:  152:#endif
    #####:  153:    }
------------------
_ZSt8_DestroyISt6vectorIN7testing8internal13edit_distance8EditTypeESaIS4_EEEvPT_:
function _ZSt8_DestroyISt6vectorIN7testing8internal13edit_distance8EditTypeESaIS4_EEEvPT_ called 0 returned 0% blocks executed 0%
    #####:  146:    _Destroy(_Tp* __pointer)
        -:  147:    {
        -:  148:#if __cplusplus > 201703L
    #####:  149:      std::destroy_at(__pointer);
    %%%%%:  149-block  0
call    0 never executed
        -:  150:#else
        -:  151:      __pointer->~_Tp();
        -:  152:#endif
    #####:  153:    }
------------------
_ZSt8_DestroyIN7testing8internal13edit_distance8EditTypeEEvPT_:
function _ZSt8_DestroyIN7testing8internal13edit_distance8EditTypeEEvPT_ called 0 returned 0% blocks executed 0%
    #####:  146:    _Destroy(_Tp* __pointer)
        -:  147:    {
        -:  148:#if __cplusplus > 201703L
    #####:  149:      std::destroy_at(__pointer);
    %%%%%:  149-block  0
call    0 never executed
        -:  150:#else
        -:  151:      __pointer->~_Tp();
        -:  152:#endif
    #####:  153:    }
------------------
_ZSt8_DestroyISt6vectorIdSaIdEEEvPT_:
function _ZSt8_DestroyISt6vectorIdSaIdEEEvPT_ called 0 returned 0% blocks executed 0%
    #####:  146:    _Destroy(_Tp* __pointer)
        -:  147:    {
        -:  148:#if __cplusplus > 201703L
    #####:  149:      std::destroy_at(__pointer);
    %%%%%:  149-block  0
call    0 never executed
        -:  150:#else
        -:  151:      __pointer->~_Tp();
        -:  152:#endif
    #####:  153:    }
------------------
_ZSt8_DestroyIdEvPT_:
function _ZSt8_DestroyIdEvPT_ called 0 returned 0% blocks executed 0%
    #####:  146:    _Destroy(_Tp* __pointer)
        -:  147:    {
        -:  148:#if __cplusplus > 201703L
    #####:  149:      std::destroy_at(__pointer);
    %%%%%:  149-block  0
call    0 never executed
        -:  150:#else
        -:  151:      __pointer->~_Tp();
        -:  152:#endif
    #####:  153:    }
------------------
_ZSt8_DestroyISt10shared_ptrIN7testing8internal26ThreadLocalValueHolderBaseEEEvPT_:
function _ZSt8_DestroyISt10shared_ptrIN7testing8internal26ThreadLocalValueHolderBaseEEEvPT_ called 0 returned 0% blocks executed 0%
    #####:  146:    _Destroy(_Tp* __pointer)
        -:  147:    {
        -:  148:#if __cplusplus > 201703L
    #####:  149:      std::destroy_at(__pointer);
    %%%%%:  149-block  0
call    0 never executed
        -:  150:#else
        -:  151:      __pointer->~_Tp();
        -:  152:#endif
    #####:  153:    }
------------------
_ZSt8_DestroyINSt7__cxx1112basic_stringIcSt11char_traitsIcESaIcEEEEvPT_:
function _ZSt8_DestroyINSt7__cxx1112basic_stringIcSt11char_traitsIcESaIcEEEEvPT_ called 21 returned 100% blocks executed 100%
       21:  146:    _Destroy(_Tp* __pointer)
        -:  147:    {
        -:  148:#if __cplusplus > 201703L
       21:  149:      std::destroy_at(__pointer);
       21:  149-block  0
call    0 returned 21
        -:  150:#else
        -:  151:      __pointer->~_Tp();
        -:  152:#endif
       21:  153:    }
------------------
_ZSt8_DestroyIPN7testing8internal30ParameterizedTestSuiteInfoBaseEEvPT_:
function _ZSt8_DestroyIPN7testing8internal30ParameterizedTestSuiteInfoBaseEEvPT_ called 0 returned 0% blocks executed 0%
    #####:  146:    _Destroy(_Tp* __pointer)
        -:  147:    {
        -:  148:#if __cplusplus > 201703L
    #####:  149:      std::destroy_at(__pointer);
    %%%%%:  149-block  0
call    0 never executed
        -:  150:#else
        -:  151:      __pointer->~_Tp();
        -:  152:#endif
    #####:  153:    }
------------------
        -:  154:
        -:  155:  template<bool>
        -:  156:    struct _Destroy_aux
        -:  157:    {
        -:  158:      template<typename _ForwardIterator>
        -:  159:	static _GLIBCXX20_CONSTEXPR void
      16*:  160:	__destroy(_ForwardIterator __first, _ForwardIterator __last)
        -:  161:	{
      37*:  162:	  for (; __first != __last; ++__first)
      21*:  163:	    std::_Destroy(std::__addressof(*__first));
      16*:  164:	}
------------------
_ZNSt12_Destroy_auxILb0EE9__destroyIPN7testing8internal9TraceInfoEEEvT_S6_:
function _ZNSt12_Destroy_auxILb0EE9__destroyIPN7testing8internal9TraceInfoEEEvT_S6_ called 0 returned 0% blocks executed 0%
    #####:  160:	__destroy(_ForwardIterator __first, _ForwardIterator __last)
        -:  161:	{
    #####:  162:	  for (; __first != __last; ++__first)
    %%%%%:  162-block  0
    %%%%%:  162-block  1
branch  0 never executed
branch  1 never executed (fallthrough)
    #####:  163:	    std::_Destroy(std::__addressof(*__first));
    %%%%%:  163-block  0
call    0 never executed
call    1 never executed
    #####:  164:	}
------------------
_ZNSt12_Destroy_auxILb0EE9__destroyIPPN7testing9TestSuiteEEEvT_S6_:
function _ZNSt12_Destroy_auxILb0EE9__destroyIPPN7testing9TestSuiteEEEvT_S6_ called 0 returned 0% blocks executed 0%
    #####:  160:	__destroy(_ForwardIterator __first, _ForwardIterator __last)
        -:  161:	{
    #####:  162:	  for (; __first != __last; ++__first)
    %%%%%:  162-block  0
    %%%%%:  162-block  1
branch  0 never executed
branch  1 never executed (fallthrough)
    #####:  163:	    std::_Destroy(std::__addressof(*__first));
    %%%%%:  163-block  0
call    0 never executed
call    1 never executed
    #####:  164:	}
------------------
_ZNSt12_Destroy_auxILb0EE9__destroyIPPN7testing11EnvironmentEEEvT_S6_:
function _ZNSt12_Destroy_auxILb0EE9__destroyIPPN7testing11EnvironmentEEEvT_S6_ called 0 returned 0% blocks executed 0%
    #####:  160:	__destroy(_ForwardIterator __first, _ForwardIterator __last)
        -:  161:	{
    #####:  162:	  for (; __first != __last; ++__first)
    %%%%%:  162-block  0
    %%%%%:  162-block  1
branch  0 never executed
branch  1 never executed (fallthrough)
    #####:  163:	    std::_Destroy(std::__addressof(*__first));
    %%%%%:  163-block  0
call    0 never executed
call    1 never executed
    #####:  164:	}
------------------
_ZNSt12_Destroy_auxILb0EE9__destroyIPPN7testing17TestEventListenerEEEvT_S6_:
function _ZNSt12_Destroy_auxILb0EE9__destroyIPPN7testing17TestEventListenerEEEvT_S6_ called 0 returned 0% blocks executed 0%
    #####:  160:	__destroy(_ForwardIterator __first, _ForwardIterator __last)
        -:  161:	{
    #####:  162:	  for (; __first != __last; ++__first)
    %%%%%:  162-block  0
    %%%%%:  162-block  1
branch  0 never executed
branch  1 never executed (fallthrough)
    #####:  163:	    std::_Destroy(std::__addressof(*__first));
    %%%%%:  163-block  0
call    0 never executed
call    1 never executed
    #####:  164:	}
------------------
_ZNSt12_Destroy_auxILb0EE9__destroyIPiEEvT_S3_:
function _ZNSt12_Destroy_auxILb0EE9__destroyIPiEEvT_S3_ called 0 returned 0% blocks executed 0%
    #####:  160:	__destroy(_ForwardIterator __first, _ForwardIterator __last)
        -:  161:	{
    #####:  162:	  for (; __first != __last; ++__first)
    %%%%%:  162-block  0
    %%%%%:  162-block  1
branch  0 never executed
branch  1 never executed (fallthrough)
    #####:  163:	    std::_Destroy(std::__addressof(*__first));
    %%%%%:  163-block  0
call    0 never executed
call    1 never executed
    #####:  164:	}
------------------
_ZNSt12_Destroy_auxILb0EE9__destroyIPPN7testing8TestInfoEEEvT_S6_:
function _ZNSt12_Destroy_auxILb0EE9__destroyIPPN7testing8TestInfoEEEvT_S6_ called 0 returned 0% blocks executed 0%
    #####:  160:	__destroy(_ForwardIterator __first, _ForwardIterator __last)
        -:  161:	{
    #####:  162:	  for (; __first != __last; ++__first)
    %%%%%:  162-block  0
    %%%%%:  162-block  1
branch  0 never executed
branch  1 never executed (fallthrough)
    #####:  163:	    std::_Destroy(std::__addressof(*__first));
    %%%%%:  163-block  0
call    0 never executed
call    1 never executed
    #####:  164:	}
------------------
_ZNSt12_Destroy_auxILb0EE9__destroyIPN7testing12TestPropertyEEEvT_S5_:
function _ZNSt12_Destroy_auxILb0EE9__destroyIPN7testing12TestPropertyEEEvT_S5_ called 0 returned 0% blocks executed 0%
    #####:  160:	__destroy(_ForwardIterator __first, _ForwardIterator __last)
        -:  161:	{
    #####:  162:	  for (; __first != __last; ++__first)
    %%%%%:  162-block  0
    %%%%%:  162-block  1
branch  0 never executed
branch  1 never executed (fallthrough)
    #####:  163:	    std::_Destroy(std::__addressof(*__first));
    %%%%%:  163-block  0
call    0 never executed
call    1 never executed
    #####:  164:	}
------------------
_ZNSt12_Destroy_auxILb0EE9__destroyIPN7testing14TestPartResultEEEvT_S5_:
function _ZNSt12_Destroy_auxILb0EE9__destroyIPN7testing14TestPartResultEEEvT_S5_ called 0 returned 0% blocks executed 0%
    #####:  160:	__destroy(_ForwardIterator __first, _ForwardIterator __last)
        -:  161:	{
    #####:  162:	  for (; __first != __last; ++__first)
    %%%%%:  162-block  0
    %%%%%:  162-block  1
branch  0 never executed
branch  1 never executed (fallthrough)
    #####:  163:	    std::_Destroy(std::__addressof(*__first));
    %%%%%:  163-block  0
call    0 never executed
call    1 never executed
    #####:  164:	}
------------------
_ZNSt12_Destroy_auxILb0EE9__destroyIPyEEvT_S3_:
function _ZNSt12_Destroy_auxILb0EE9__destroyIPyEEvT_S3_ called 0 returned 0% blocks executed 0%
    #####:  160:	__destroy(_ForwardIterator __first, _ForwardIterator __last)
        -:  161:	{
    #####:  162:	  for (; __first != __last; ++__first)
    %%%%%:  162-block  0
    %%%%%:  162-block  1
branch  0 never executed
branch  1 never executed (fallthrough)
    #####:  163:	    std::_Destroy(std::__addressof(*__first));
    %%%%%:  163-block  0
call    0 never executed
call    1 never executed
    #####:  164:	}
------------------
_ZNSt12_Destroy_auxILb0EE9__destroyIPSt6vectorIN7testing8internal13edit_distance8EditTypeESaIS6_EEEEvT_SA_:
function _ZNSt12_Destroy_auxILb0EE9__destroyIPSt6vectorIN7testing8internal13edit_distance8EditTypeESaIS6_EEEEvT_SA_ called 0 returned 0% blocks executed 0%
    #####:  160:	__destroy(_ForwardIterator __first, _ForwardIterator __last)
        -:  161:	{
    #####:  162:	  for (; __first != __last; ++__first)
    %%%%%:  162-block  0
    %%%%%:  162-block  1
branch  0 never executed
branch  1 never executed (fallthrough)
    #####:  163:	    std::_Destroy(std::__addressof(*__first));
    %%%%%:  163-block  0
call    0 never executed
call    1 never executed
    #####:  164:	}
------------------
_ZNSt12_Destroy_auxILb0EE9__destroyIPN7testing8internal13edit_distance8EditTypeEEEvT_S7_:
function _ZNSt12_Destroy_auxILb0EE9__destroyIPN7testing8internal13edit_distance8EditTypeEEEvT_S7_ called 0 returned 0% blocks executed 0%
    #####:  160:	__destroy(_ForwardIterator __first, _ForwardIterator __last)
        -:  161:	{
    #####:  162:	  for (; __first != __last; ++__first)
    %%%%%:  162-block  0
    %%%%%:  162-block  1
branch  0 never executed
branch  1 never executed (fallthrough)
    #####:  163:	    std::_Destroy(std::__addressof(*__first));
    %%%%%:  163-block  0
call    0 never executed
call    1 never executed
    #####:  164:	}
------------------
_ZNSt12_Destroy_auxILb0EE9__destroyIPSt6vectorIdSaIdEEEEvT_S6_:
function _ZNSt12_Destroy_auxILb0EE9__destroyIPSt6vectorIdSaIdEEEEvT_S6_ called 0 returned 0% blocks executed 0%
    #####:  160:	__destroy(_ForwardIterator __first, _ForwardIterator __last)
        -:  161:	{
    #####:  162:	  for (; __first != __last; ++__first)
    %%%%%:  162-block  0
    %%%%%:  162-block  1
branch  0 never executed
branch  1 never executed (fallthrough)
    #####:  163:	    std::_Destroy(std::__addressof(*__first));
    %%%%%:  163-block  0
call    0 never executed
call    1 never executed
    #####:  164:	}
------------------
_ZNSt12_Destroy_auxILb0EE9__destroyIPdEEvT_S3_:
function _ZNSt12_Destroy_auxILb0EE9__destroyIPdEEvT_S3_ called 0 returned 0% blocks executed 0%
    #####:  160:	__destroy(_ForwardIterator __first, _ForwardIterator __last)
        -:  161:	{
    #####:  162:	  for (; __first != __last; ++__first)
    %%%%%:  162-block  0
    %%%%%:  162-block  1
branch  0 never executed
branch  1 never executed (fallthrough)
    #####:  163:	    std::_Destroy(std::__addressof(*__first));
    %%%%%:  163-block  0
call    0 never executed
call    1 never executed
    #####:  164:	}
------------------
_ZNSt12_Destroy_auxILb0EE9__destroyIPSt10shared_ptrIN7testing8internal26ThreadLocalValueHolderBaseEEEEvT_S8_:
function _ZNSt12_Destroy_auxILb0EE9__destroyIPSt10shared_ptrIN7testing8internal26ThreadLocalValueHolderBaseEEEEvT_S8_ called 0 returned 0% blocks executed 0%
    #####:  160:	__destroy(_ForwardIterator __first, _ForwardIterator __last)
        -:  161:	{
    #####:  162:	  for (; __first != __last; ++__first)
    %%%%%:  162-block  0
    %%%%%:  162-block  1
branch  0 never executed
branch  1 never executed (fallthrough)
    #####:  163:	    std::_Destroy(std::__addressof(*__first));
    %%%%%:  163-block  0
call    0 never executed
call    1 never executed
    #####:  164:	}
------------------
_ZNSt12_Destroy_auxILb0EE9__destroyIPNSt7__cxx1112basic_stringIcSt11char_traitsIcESaIcEEEEEvT_S9_:
function _ZNSt12_Destroy_auxILb0EE9__destroyIPNSt7__cxx1112basic_stringIcSt11char_traitsIcESaIcEEEEEvT_S9_ called 16 returned 100% blocks executed 100%
       16:  160:	__destroy(_ForwardIterator __first, _ForwardIterator __last)
        -:  161:	{
       37:  162:	  for (; __first != __last; ++__first)
       16:  162-block  0
       37:  162-block  1
branch  0 taken 21
branch  1 taken 16 (fallthrough)
       21:  163:	    std::_Destroy(std::__addressof(*__first));
       21:  163-block  0
call    0 returned 21
call    1 returned 21
       16:  164:	}
------------------
_ZNSt12_Destroy_auxILb0EE9__destroyIPPN7testing8internal30ParameterizedTestSuiteInfoBaseEEEvT_S7_:
function _ZNSt12_Destroy_auxILb0EE9__destroyIPPN7testing8internal30ParameterizedTestSuiteInfoBaseEEEvT_S7_ called 0 returned 0% blocks executed 0%
    #####:  160:	__destroy(_ForwardIterator __first, _ForwardIterator __last)
        -:  161:	{
    #####:  162:	  for (; __first != __last; ++__first)
    %%%%%:  162-block  0
    %%%%%:  162-block  1
branch  0 never executed
branch  1 never executed (fallthrough)
    #####:  163:	    std::_Destroy(std::__addressof(*__first));
    %%%%%:  163-block  0
call    0 never executed
call    1 never executed
    #####:  164:	}
------------------
        -:  165:    };
        -:  166:
        -:  167:  template<>
        -:  168:    struct _Destroy_aux<true>
        -:  169:    {
        -:  170:      template<typename _ForwardIterator>
        -:  171:        static void
       1*:  172:        __destroy(_ForwardIterator, _ForwardIterator) { }
------------------
_ZNSt12_Destroy_auxILb1EE9__destroyIPPN7testing9TestSuiteEEEvT_S6_:
function _ZNSt12_Destroy_auxILb1EE9__destroyIPPN7testing9TestSuiteEEEvT_S6_ called 0 returned 0% blocks executed 0%
    #####:  172:        __destroy(_ForwardIterator, _ForwardIterator) { }
------------------
_ZNSt12_Destroy_auxILb1EE9__destroyIPPN7testing11EnvironmentEEEvT_S6_:
function _ZNSt12_Destroy_auxILb1EE9__destroyIPPN7testing11EnvironmentEEEvT_S6_ called 0 returned 0% blocks executed 0%
    #####:  172:        __destroy(_ForwardIterator, _ForwardIterator) { }
------------------
_ZNSt12_Destroy_auxILb1EE9__destroyIPPN7testing17TestEventListenerEEEvT_S6_:
function _ZNSt12_Destroy_auxILb1EE9__destroyIPPN7testing17TestEventListenerEEEvT_S6_ called 0 returned 0% blocks executed 0%
    #####:  172:        __destroy(_ForwardIterator, _ForwardIterator) { }
------------------
_ZNSt12_Destroy_auxILb1EE9__destroyIPiEEvT_S3_:
function _ZNSt12_Destroy_auxILb1EE9__destroyIPiEEvT_S3_ called 0 returned 0% blocks executed 0%
    #####:  172:        __destroy(_ForwardIterator, _ForwardIterator) { }
------------------
_ZNSt12_Destroy_auxILb1EE9__destroyIPPN7testing8TestInfoEEEvT_S6_:
function _ZNSt12_Destroy_auxILb1EE9__destroyIPPN7testing8TestInfoEEEvT_S6_ called 1 returned 100% blocks executed 100%
        1:  172:        __destroy(_ForwardIterator, _ForwardIterator) { }
------------------
_ZNSt12_Destroy_auxILb1EE9__destroyIPyEEvT_S3_:
function _ZNSt12_Destroy_auxILb1EE9__destroyIPyEEvT_S3_ called 0 returned 0% blocks executed 0%
    #####:  172:        __destroy(_ForwardIterator, _ForwardIterator) { }
------------------
_ZNSt12_Destroy_auxILb1EE9__destroyIPN7testing8internal13edit_distance8EditTypeEEEvT_S7_:
function _ZNSt12_Destroy_auxILb1EE9__destroyIPN7testing8internal13edit_distance8EditTypeEEEvT_S7_ called 0 returned 0% blocks executed 0%
    #####:  172:        __destroy(_ForwardIterator, _ForwardIterator) { }
------------------
_ZNSt12_Destroy_auxILb1EE9__destroyIPdEEvT_S3_:
function _ZNSt12_Destroy_auxILb1EE9__destroyIPdEEvT_S3_ called 0 returned 0% blocks executed 0%
    #####:  172:        __destroy(_ForwardIterator, _ForwardIterator) { }
------------------
_ZNSt12_Destroy_auxILb1EE9__destroyIPPN7testing8internal30ParameterizedTestSuiteInfoBaseEEEvT_S7_:
function _ZNSt12_Destroy_auxILb1EE9__destroyIPPN7testing8internal30ParameterizedTestSuiteInfoBaseEEEvT_S7_ called 0 returned 0% blocks executed 0%
    #####:  172:        __destroy(_ForwardIterator, _ForwardIterator) { }
------------------
        -:  173:    };
        -:  174:
        -:  175:  /**
        -:  176:   * Destroy a range of objects.  If the value_type of the object has
        -:  177:   * a trivial destructor, the compiler should optimize all of this
        -:  178:   * away, otherwise the objects' destructors must be invoked.
        -:  179:   */
        -:  180:  template<typename _ForwardIterator>
        -:  181:    _GLIBCXX20_CONSTEXPR inline void
      17*:  182:    _Destroy(_ForwardIterator __first, _ForwardIterator __last)
        -:  183:    {
        -:  184:      typedef typename iterator_traits<_ForwardIterator>::value_type
        -:  185:                       _Value_type;
        -:  186:#if __cplusplus >= 201103L
        -:  187:      // A deleted destructor is trivial, this ensures we reject such types:
        -:  188:      static_assert(is_destructible<_Value_type>::value,
        -:  189:		    "value type is destructible");
        -:  190:#endif
        -:  191:#if __cplusplus >= 202002L
      17*:  192:      if (std::__is_constant_evaluated())
    #####:  193:	return _Destroy_aux<false>::__destroy(__first, __last);
        -:  194:#endif
        -:  195:      std::_Destroy_aux<__has_trivial_destructor(_Value_type)>::
      17*:  196:	__destroy(__first, __last);
        -:  197:    }
        -:  198:
        -:  199:  template<bool>
        -:  200:    struct _Destroy_n_aux
        -:  201:    {
        -:  202:      template<typename _ForwardIterator, typename _Size>
        -:  203:	static _GLIBCXX20_CONSTEXPR _ForwardIterator
        -:  204:	__destroy_n(_ForwardIterator __first, _Size __count)
        -:  205:	{
        -:  206:	  for (; __count > 0; (void)++__first, --__count)
        -:  207:	    std::_Destroy(std::__addressof(*__first));
        -:  208:	  return __first;
        -:  209:	}
        -:  210:    };
        -:  211:
        -:  212:  template<>
        -:  213:    struct _Destroy_n_aux<true>
        -:  214:    {
        -:  215:      template<typename _ForwardIterator, typename _Size>
        -:  216:        static _ForwardIterator
        -:  217:        __destroy_n(_ForwardIterator __first, _Size __count)
        -:  218:	{
        -:  219:	  std::advance(__first, __count);
        -:  220:	  return __first;
        -:  221:	}
        -:  222:    };
        -:  223:
        -:  224:  /**
        -:  225:   * Destroy a range of objects.  If the value_type of the object has
        -:  226:   * a trivial destructor, the compiler should optimize all of this
        -:  227:   * away, otherwise the objects' destructors must be invoked.
        -:  228:   */
        -:  229:  template<typename _ForwardIterator, typename _Size>
        -:  230:    _GLIBCXX20_CONSTEXPR inline _ForwardIterator
        -:  231:    _Destroy_n(_ForwardIterator __first, _Size __count)
        -:  232:    {
        -:  233:      typedef typename iterator_traits<_ForwardIterator>::value_type
        -:  234:                       _Value_type;
        -:  235:#if __cplusplus >= 201103L
        -:  236:      // A deleted destructor is trivial, this ensures we reject such types:
        -:  237:      static_assert(is_destructible<_Value_type>::value,
        -:  238:		    "value type is destructible");
        -:  239:#endif
        -:  240:#if __cplusplus >= 202002L
        -:  241:      if (std::__is_constant_evaluated())
        -:  242:	return _Destroy_n_aux<false>::__destroy_n(__first, __count);
        -:  243:#endif
        -:  244:      return std::_Destroy_n_aux<__has_trivial_destructor(_Value_type)>::
        -:  245:	__destroy_n(__first, __count);
        -:  246:    }
        -:  247:
        -:  248:#if __cplusplus >= 201703L
        -:  249:  template <typename _ForwardIterator>
        -:  250:    _GLIBCXX20_CONSTEXPR inline void
        -:  251:    destroy(_ForwardIterator __first, _ForwardIterator __last)
        -:  252:    {
        -:  253:      std::_Destroy(__first, __last);
        -:  254:    }
        -:  255:
        -:  256:  template <typename _ForwardIterator, typename _Size>
        -:  257:    _GLIBCXX20_CONSTEXPR inline _ForwardIterator
        -:  258:    destroy_n(_ForwardIterator __first, _Size __count)
        -:  259:    {
        -:  260:      return std::_Destroy_n(__first, __count);
        -:  261:    }
        -:  262:#endif // C++17
        -:  263:
        -:  264:_GLIBCXX_END_NAMESPACE_VERSION
        -:  265:} // namespace std
        -:  266:
        -:  267:#endif /* _STL_CONSTRUCT_H */
