        -:    0:Source:C:/Users/dev/Documents/MyTorch/googletest/googletest/src/gtest.cc
        -:    0:Graph:C:\Users\dev\Documents\MyTorch\cmake-build-debug-coverage\googletest\googletest\CMakeFiles\gtest.dir\src\gtest-all.cc.gcno
        -:    0:Data:C:\Users\dev\Documents\MyTorch\cmake-build-debug-coverage\googletest\googletest\CMakeFiles\gtest.dir\src\gtest-all.cc.gcda
        -:    0:Runs:1
        -:    1:// Copyright 2005, Google Inc.
        -:    2:// All rights reserved.
        -:    3://
        -:    4:// Redistribution and use in source and binary forms, with or without
        -:    5:// modification, are permitted provided that the following conditions are
        -:    6:// met:
        -:    7://
        -:    8://     * Redistributions of source code must retain the above copyright
        -:    9:// notice, this list of conditions and the following disclaimer.
        -:   10://     * Redistributions in binary form must reproduce the above
        -:   11:// copyright notice, this list of conditions and the following disclaimer
        -:   12:// in the documentation and/or other materials provided with the
        -:   13:// distribution.
        -:   14://     * Neither the name of Google Inc. nor the names of its
        -:   15:// contributors may be used to endorse or promote products derived from
        -:   16:// this software without specific prior written permission.
        -:   17://
        -:   18:// THIS SOFTWARE IS PROVIDED BY THE COPYRIGHT HOLDERS AND CONTRIBUTORS
        -:   19:// "AS IS" AND ANY EXPRESS OR IMPLIED WARRANTIES, INCLUDING, BUT NOT
        -:   20:// LIMITED TO, THE IMPLIED WARRANTIES OF MERCHANTABILITY AND FITNESS FOR
        -:   21:// A PARTICULAR PURPOSE ARE DISCLAIMED. IN NO EVENT SHALL THE COPYRIGHT
        -:   22:// OWNER OR CONTRIBUTORS BE LIABLE FOR ANY DIRECT, INDIRECT, INCIDENTAL,
        -:   23:// SPECIAL, EXEMPLARY, OR CONSEQUENTIAL DAMAGES (INCLUDING, BUT NOT
        -:   24:// LIMITED TO, PROCUREMENT OF SUBSTITUTE GOODS OR SERVICES; LOSS OF USE,
        -:   25:// DATA, OR PROFITS; OR BUSINESS INTERRUPTION) HOWEVER CAUSED AND ON ANY
        -:   26:// THEORY OF LIABILITY, WHETHER IN CONTRACT, STRICT LIABILITY, OR TORT
        -:   27:// (INCLUDING NEGLIGENCE OR OTHERWISE) ARISING IN ANY WAY OUT OF THE USE
        -:   28:// OF THIS SOFTWARE, EVEN IF ADVISED OF THE POSSIBILITY OF SUCH DAMAGE.
        -:   29:
        -:   30://
        -:   31:// The Google C++ Testing and Mocking Framework (Google Test)
        -:   32:
        -:   33:#include "gtest/gtest.h"
        -:   34:
        -:   35:#include <ctype.h>
        -:   36:#include <stdarg.h>
        -:   37:#include <stdio.h>
        -:   38:#include <stdlib.h>
        -:   39:#include <time.h>
        -:   40:#include <wchar.h>
        -:   41:#include <wctype.h>
        -:   42:
        -:   43:#include <algorithm>
        -:   44:#include <chrono>  // NOLINT
        -:   45:#include <cmath>
        -:   46:#include <csignal>  // NOLINT: raise(3) is used on some platforms
        -:   47:#include <cstdint>
        -:   48:#include <cstdlib>
        -:   49:#include <cstring>
        -:   50:#include <initializer_list>
        -:   51:#include <iomanip>
        -:   52:#include <ios>
        -:   53:#include <iostream>
        -:   54:#include <iterator>
        -:   55:#include <limits>
        -:   56:#include <list>
        -:   57:#include <map>
        -:   58:#include <ostream>  // NOLINT
        -:   59:#include <set>
        -:   60:#include <sstream>
        -:   61:#include <unordered_set>
        -:   62:#include <utility>
        -:   63:#include <vector>
        -:   64:
        -:   65:#include "gtest/gtest-assertion-result.h"
        -:   66:#include "gtest/gtest-spi.h"
        -:   67:#include "gtest/internal/custom/gtest.h"
        -:   68:#include "gtest/internal/gtest-port.h"
        -:   69:
        -:   70:#ifdef GTEST_OS_LINUX
        -:   71:
        -:   72:#include <fcntl.h>   // NOLINT
        -:   73:#include <limits.h>  // NOLINT
        -:   74:#include <sched.h>   // NOLINT
        -:   75:// Declares vsnprintf().  This header is not available on Windows.
        -:   76:#include <strings.h>   // NOLINT
        -:   77:#include <sys/mman.h>  // NOLINT
        -:   78:#include <sys/time.h>  // NOLINT
        -:   79:#include <unistd.h>    // NOLINT
        -:   80:
        -:   81:#include <string>
        -:   82:
        -:   83:#elif defined(GTEST_OS_ZOS)
        -:   84:#include <sys/time.h>  // NOLINT
        -:   85:
        -:   86:// On z/OS we additionally need strings.h for strcasecmp.
        -:   87:#include <strings.h>   // NOLINT
        -:   88:
        -:   89:#elif defined(GTEST_OS_WINDOWS_MOBILE)  // We are on Windows CE.
        -:   90:
        -:   91:#include <windows.h>  // NOLINT
        -:   92:#undef min
        -:   93:
        -:   94:#elif defined(GTEST_OS_WINDOWS)  // We are on Windows proper.
        -:   95:
        -:   96:#include <windows.h>  // NOLINT
        -:   97:#undef min
        -:   98:
        -:   99:#ifdef _MSC_VER
        -:  100:#include <crtdbg.h>  // NOLINT
        -:  101:#endif
        -:  102:
        -:  103:#include <io.h>         // NOLINT
        -:  104:#include <sys/stat.h>   // NOLINT
        -:  105:#include <sys/timeb.h>  // NOLINT
        -:  106:#include <sys/types.h>  // NOLINT
        -:  107:
        -:  108:#ifdef GTEST_OS_WINDOWS_MINGW
        -:  109:#include <sys/time.h>  // NOLINT
        -:  110:#endif                 // GTEST_OS_WINDOWS_MINGW
        -:  111:
        -:  112:#else
        -:  113:
        -:  114:// cpplint thinks that the header is already included, so we want to
        -:  115:// silence it.
        -:  116:#include <sys/time.h>  // NOLINT
        -:  117:#include <unistd.h>    // NOLINT
        -:  118:
        -:  119:#endif  // GTEST_OS_LINUX
        -:  120:
        -:  121:#if GTEST_HAS_EXCEPTIONS
        -:  122:#include <stdexcept>
        -:  123:#endif
        -:  124:
        -:  125:#if GTEST_CAN_STREAM_RESULTS_
        -:  126:#include <arpa/inet.h>   // NOLINT
        -:  127:#include <netdb.h>       // NOLINT
        -:  128:#include <sys/socket.h>  // NOLINT
        -:  129:#include <sys/types.h>   // NOLINT
        -:  130:#endif
        -:  131:
        -:  132:#include "src/gtest-internal-inl.h"
        -:  133:
        -:  134:#ifdef GTEST_OS_WINDOWS
        -:  135:#define vsnprintf _vsnprintf
        -:  136:#endif  // GTEST_OS_WINDOWS
        -:  137:
        -:  138:#ifdef GTEST_OS_MAC
        -:  139:#ifndef GTEST_OS_IOS
        -:  140:#include <crt_externs.h>
        -:  141:#endif
        -:  142:#endif
        -:  143:
        -:  144:#ifdef GTEST_HAS_ABSL
        -:  145:#include "absl/container/flat_hash_set.h"
        -:  146:#include "absl/debugging/failure_signal_handler.h"
        -:  147:#include "absl/debugging/stacktrace.h"
        -:  148:#include "absl/debugging/symbolize.h"
        -:  149:#include "absl/flags/parse.h"
        -:  150:#include "absl/flags/usage.h"
        -:  151:#include "absl/strings/str_cat.h"
        -:  152:#include "absl/strings/str_replace.h"
        -:  153:#include "absl/strings/string_view.h"
        -:  154:#include "absl/strings/strip.h"
        -:  155:#endif  // GTEST_HAS_ABSL
        -:  156:
        -:  157:// Checks builtin compiler feature |x| while avoiding an extra layer of #ifdefs
        -:  158:// at the callsite.
        -:  159:#if defined(__has_builtin)
        -:  160:#define GTEST_HAS_BUILTIN(x) __has_builtin(x)
        -:  161:#else
        -:  162:#define GTEST_HAS_BUILTIN(x) 0
        -:  163:#endif  // defined(__has_builtin)
        -:  164:
        -:  165:#if defined(GTEST_HAS_ABSL) && !defined(GTEST_NO_ABSL_FLAGS)
        -:  166:#define GTEST_HAS_ABSL_FLAGS
        -:  167:#endif
        -:  168:
        -:  169:namespace testing {
        -:  170:
        -:  171:using internal::CountIf;
        -:  172:using internal::ForEach;
        -:  173:using internal::GetElementOr;
        -:  174:using internal::Shuffle;
        -:  175:
        -:  176:// Constants.
        -:  177:
        -:  178:// A test whose test suite name or test name matches this filter is
        -:  179:// disabled and not run.
        -:  180:static const char kDisableTestFilter[] = "DISABLED_*:*/DISABLED_*";
        -:  181:
        -:  182:// A test suite whose name matches this filter is considered a death
        -:  183:// test suite and will be run before test suites whose name doesn't
        -:  184:// match this filter.
        -:  185:static const char kDeathTestSuiteFilter[] = "*DeathTest:*DeathTest/*";
        -:  186:
        -:  187:// A test filter that matches everything.
        -:  188:static const char kUniversalFilter[] = "*";
        -:  189:
        -:  190:// The default output format.
        -:  191:static const char kDefaultOutputFormat[] = "xml";
        -:  192:// The default output file.
        -:  193:static const char kDefaultOutputFile[] = "test_detail";
        -:  194:
        -:  195:// The environment variable name for the test shard index.
        -:  196:static const char kTestShardIndex[] = "GTEST_SHARD_INDEX";
        -:  197:// The environment variable name for the total number of test shards.
        -:  198:static const char kTestTotalShards[] = "GTEST_TOTAL_SHARDS";
        -:  199:// The environment variable name for the test shard status file.
        -:  200:static const char kTestShardStatusFile[] = "GTEST_SHARD_STATUS_FILE";
        -:  201:
        -:  202:namespace internal {
        -:  203:
        -:  204:// The text used in failure messages to indicate the start of the
        -:  205:// stack trace.
        -:  206:const char kStackTraceMarker[] = "\nStack trace:\n";
        -:  207:
        -:  208:// g_help_flag is true if and only if the --help flag or an equivalent form
        -:  209:// is specified on the command line.
        -:  210:bool g_help_flag = false;
        -:  211:
        -:  212:#if GTEST_HAS_FILE_SYSTEM
        -:  213:// Utility function to Open File for Writing
function _ZN7testing8internalL18OpenFileForWritingERKNSt7__cxx1112basic_stringIcSt11char_traitsIcESaIcEEE called 0 returned 0% blocks executed 0%
    #####:  214:static FILE* OpenFileForWriting(const std::string& output_file) {
    #####:  215:  FILE* fileout = nullptr;
    #####:  216:  FilePath output_file_path(output_file);
    %%%%%:  216-block  0
call    0 never executed
branch  1 never executed (fallthrough)
branch  2 never executed (throw)
    %%%%%:  216-block  1
call    3 never executed
branch  4 never executed (fallthrough)
branch  5 never executed (throw)
    %%%%%:  216-block  2
call    6 never executed
    $$$$$:  216-block  3
call    7 never executed
    $$$$$:  216-block  4
    #####:  217:  FilePath output_dir(output_file_path.RemoveFileName());
call    0 never executed
branch  1 never executed (fallthrough)
branch  2 never executed (throw)
        -:  218:
    #####:  219:  if (output_dir.CreateDirectoriesRecursively()) {
    %%%%%:  219-block  0
call    0 never executed
branch  1 never executed (fallthrough)
branch  2 never executed (throw)
    %%%%%:  219-block  1
branch  3 never executed (fallthrough)
branch  4 never executed
    #####:  220:    fileout = posix::FOpen(output_file.c_str(), "w");
    %%%%%:  220-block  0
call    0 never executed
call    1 never executed
branch  2 never executed (fallthrough)
branch  3 never executed (throw)
    %%%%%:  220-block  1
        -:  221:  }
    #####:  222:  if (fileout == nullptr) {
    %%%%%:  222-block  0
branch  0 never executed (fallthrough)
branch  1 never executed
    #####:  223:    GTEST_LOG_(FATAL) << "Unable to open file \"" << output_file << "\"";
    %%%%%:  223-block  0
call    0 never executed
branch  1 never executed (fallthrough)
branch  2 never executed (throw)
    %%%%%:  223-block  1
call    3 never executed
call    4 never executed
branch  5 never executed (fallthrough)
branch  6 never executed (throw)
    %%%%%:  223-block  2
call    7 never executed
branch  8 never executed (fallthrough)
branch  9 never executed (throw)
    %%%%%:  223-block  3
call   10 never executed
branch 11 never executed (fallthrough)
branch 12 never executed (throw)
    %%%%%:  223-block  4
call   13 never executed
    $$$$$:  223-block  5
call   14 never executed
    $$$$$:  223-block  6
        -:  224:  }
    #####:  225:  return fileout;
    %%%%%:  225-block  0
    #####:  226:}
    %%%%%:  226-block  0
call    0 never executed
call    1 never executed
    $$$$$:  226-block  1
call    2 never executed
    $$$$$:  226-block  2
call    3 never executed
        -:  227:#endif  // GTEST_HAS_FILE_SYSTEM
        -:  228:
        -:  229:}  // namespace internal
        -:  230:
        -:  231:// Bazel passes in the argument to '--test_filter' via the TESTBRIDGE_TEST_ONLY
        -:  232:// environment variable.
function _ZN7testingL16GetDefaultFilterEv called 1 returned 100% blocks executed 80%
        1:  233:static const char* GetDefaultFilter() {
        -:  234:  const char* const testbridge_test_only =
        1:  235:      internal::posix::GetEnv("TESTBRIDGE_TEST_ONLY");
        1:  235-block  0
call    0 returned 1
        1:  236:  if (testbridge_test_only != nullptr) {
branch  0 taken 0 (fallthrough)
branch  1 taken 1
    #####:  237:    return testbridge_test_only;
    %%%%%:  237-block  0
        -:  238:  }
        1:  239:  return kUniversalFilter;
        1:  239-block  0
        -:  240:}
        -:  241:
        -:  242:// Bazel passes in the argument to '--test_runner_fail_fast' via the
        -:  243:// TESTBRIDGE_TEST_RUNNER_FAIL_FAST environment variable.
function _ZN7testingL18GetDefaultFailFastEv called 1 returned 100% blocks executed 80%
        1:  244:static bool GetDefaultFailFast() {
        -:  245:  const char* const testbridge_test_runner_fail_fast =
        1:  246:      internal::posix::GetEnv("TESTBRIDGE_TEST_RUNNER_FAIL_FAST");
        1:  246-block  0
call    0 returned 1
        1:  247:  if (testbridge_test_runner_fail_fast != nullptr) {
branch  0 taken 0 (fallthrough)
branch  1 taken 1
    #####:  248:    return strcmp(testbridge_test_runner_fail_fast, "1") == 0;
    %%%%%:  248-block  0
        -:  249:  }
        1:  250:  return false;
        1:  250-block  0
        -:  251:}
        -:  252:
        -:  253:}  // namespace testing
        -:  254:
        -:  255:GTEST_DEFINE_bool_(
        -:  256:    fail_fast,
        -:  257:    testing::internal::BoolFromGTestEnv("fail_fast",
        -:  258:                                        testing::GetDefaultFailFast()),
        -:  259:    "True if and only if a test failure should stop further test execution.");
        -:  260:
        -:  261:GTEST_DEFINE_bool_(
        -:  262:    also_run_disabled_tests,
        -:  263:    testing::internal::BoolFromGTestEnv("also_run_disabled_tests", false),
        -:  264:    "Run disabled tests too, in addition to the tests normally being run.");
        -:  265:
        -:  266:GTEST_DEFINE_bool_(
        -:  267:    break_on_failure,
        -:  268:    testing::internal::BoolFromGTestEnv("break_on_failure", false),
        -:  269:    "True if and only if a failed assertion should be a debugger "
        -:  270:    "break-point.");
        -:  271:
        -:  272:GTEST_DEFINE_bool_(catch_exceptions,
        -:  273:                   testing::internal::BoolFromGTestEnv("catch_exceptions",
        -:  274:                                                       true),
        -:  275:                   "True if and only if " GTEST_NAME_
        -:  276:                   " should catch exceptions and treat them as test failures.");
        -:  277:
        -:  278:GTEST_DEFINE_string_(
        -:  279:    color, testing::internal::StringFromGTestEnv("color", "auto"),
        -:  280:    "Whether to use colors in the output.  Valid values: yes, no, "
        -:  281:    "and auto.  'auto' means to use colors if the output is "
        -:  282:    "being sent to a terminal and the TERM environment variable "
        -:  283:    "is set to a terminal type that supports colors.");
        -:  284:
        -:  285:GTEST_DEFINE_string_(
        -:  286:    filter,
        -:  287:    testing::internal::StringFromGTestEnv("filter",
        -:  288:                                          testing::GetDefaultFilter()),
        -:  289:    "A colon-separated list of glob (not regex) patterns "
        -:  290:    "for filtering the tests to run, optionally followed by a "
        -:  291:    "'-' and a : separated list of negative patterns (tests to "
        -:  292:    "exclude).  A test is run if it matches one of the positive "
        -:  293:    "patterns and does not match any of the negative patterns.");
        -:  294:
        -:  295:GTEST_DEFINE_bool_(
        -:  296:    install_failure_signal_handler,
        -:  297:    testing::internal::BoolFromGTestEnv("install_failure_signal_handler",
        -:  298:                                        false),
        -:  299:    "If true and supported on the current platform, " GTEST_NAME_
        -:  300:    " should "
        -:  301:    "install a signal handler that dumps debugging information when fatal "
        -:  302:    "signals are raised.");
        -:  303:
        -:  304:GTEST_DEFINE_bool_(list_tests, false, "List all tests without running them.");
        -:  305:
        -:  306:// The net priority order after flag processing is thus:
        -:  307://   --gtest_output command line flag
        -:  308://   GTEST_OUTPUT environment variable
        -:  309://   XML_OUTPUT_FILE environment variable
        -:  310://   ''
        -:  311:GTEST_DEFINE_string_(
        -:  312:    output,
        -:  313:    testing::internal::StringFromGTestEnv(
        -:  314:        "output", testing::internal::OutputFlagAlsoCheckEnvVar().c_str()),
        -:  315:    "A format (defaults to \"xml\" but can be specified to be \"json\"), "
        -:  316:    "optionally followed by a colon and an output file name or directory. "
        -:  317:    "A directory is indicated by a trailing pathname separator. "
        -:  318:    "Examples: \"xml:filename.xml\", \"xml::directoryname/\". "
        -:  319:    "If a directory is specified, output files will be created "
        -:  320:    "within that directory, with file-names based on the test "
        -:  321:    "executable's name and, if necessary, made unique by adding "
        -:  322:    "digits.");
        -:  323:
        -:  324:GTEST_DEFINE_bool_(
        -:  325:    brief, testing::internal::BoolFromGTestEnv("brief", false),
        -:  326:    "True if only test failures should be displayed in text output.");
        -:  327:
        -:  328:GTEST_DEFINE_bool_(print_time,
        -:  329:                   testing::internal::BoolFromGTestEnv("print_time", true),
        -:  330:                   "True if and only if " GTEST_NAME_
        -:  331:                   " should display elapsed time in text output.");
        -:  332:
        -:  333:GTEST_DEFINE_bool_(print_utf8,
        -:  334:                   testing::internal::BoolFromGTestEnv("print_utf8", true),
        -:  335:                   "True if and only if " GTEST_NAME_
        -:  336:                   " prints UTF8 characters as text.");
        -:  337:
        -:  338:GTEST_DEFINE_int32_(
        -:  339:    random_seed, testing::internal::Int32FromGTestEnv("random_seed", 0),
        -:  340:    "Random number seed to use when shuffling test orders.  Must be in range "
        -:  341:    "[1, 99999], or 0 to use a seed based on the current time.");
        -:  342:
        -:  343:GTEST_DEFINE_int32_(
        -:  344:    repeat, testing::internal::Int32FromGTestEnv("repeat", 1),
        -:  345:    "How many times to repeat each test.  Specify a negative number "
        -:  346:    "for repeating forever.  Useful for shaking out flaky tests.");
        -:  347:
        -:  348:GTEST_DEFINE_bool_(
        -:  349:    recreate_environments_when_repeating,
        -:  350:    testing::internal::BoolFromGTestEnv("recreate_environments_when_repeating",
        -:  351:                                        false),
        -:  352:    "Controls whether global test environments are recreated for each repeat "
        -:  353:    "of the tests. If set to false the global test environments are only set "
        -:  354:    "up once, for the first iteration, and only torn down once, for the last. "
        -:  355:    "Useful for shaking out flaky tests with stable, expensive test "
        -:  356:    "environments. If --gtest_repeat is set to a negative number, meaning "
        -:  357:    "there is no last run, the environments will always be recreated to avoid "
        -:  358:    "leaks.");
        -:  359:
        -:  360:GTEST_DEFINE_bool_(show_internal_stack_frames, false,
        -:  361:                   "True if and only if " GTEST_NAME_
        -:  362:                   " should include internal stack frames when "
        -:  363:                   "printing test failure stack traces.");
        -:  364:
        -:  365:GTEST_DEFINE_bool_(shuffle,
        -:  366:                   testing::internal::BoolFromGTestEnv("shuffle", false),
        -:  367:                   "True if and only if " GTEST_NAME_
        -:  368:                   " should randomize tests' order on every run.");
        -:  369:
        -:  370:GTEST_DEFINE_int32_(
        -:  371:    stack_trace_depth,
        -:  372:    testing::internal::Int32FromGTestEnv("stack_trace_depth",
        -:  373:                                         testing::kMaxStackTraceDepth),
        -:  374:    "The maximum number of stack frames to print when an "
        -:  375:    "assertion fails.  The valid range is 0 through 100, inclusive.");
        -:  376:
        -:  377:GTEST_DEFINE_string_(
        -:  378:    stream_result_to,
        -:  379:    testing::internal::StringFromGTestEnv("stream_result_to", ""),
        -:  380:    "This flag specifies the host name and the port number on which to stream "
        -:  381:    "test results. Example: \"localhost:555\". The flag is effective only on "
        -:  382:    "Linux and macOS.");
        -:  383:
        -:  384:GTEST_DEFINE_bool_(
        -:  385:    throw_on_failure,
        -:  386:    testing::internal::BoolFromGTestEnv("throw_on_failure", false),
        -:  387:    "When this flag is specified, a failed assertion will throw an exception "
        -:  388:    "if exceptions are enabled or exit the program with a non-zero code "
        -:  389:    "otherwise. For use with an external test framework.");
        -:  390:
        -:  391:#if GTEST_USE_OWN_FLAGFILE_FLAG_
        -:  392:GTEST_DEFINE_string_(
        -:  393:    flagfile, testing::internal::StringFromGTestEnv("flagfile", ""),
        -:  394:    "This flag specifies the flagfile to read command-line flags from.");
        -:  395:#endif  // GTEST_USE_OWN_FLAGFILE_FLAG_
        -:  396:
        -:  397:namespace testing {
        -:  398:namespace internal {
        -:  399:
        -:  400:const uint32_t Random::kMaxRange;
        -:  401:
        -:  402:// Generates a random number from [0, range), using a Linear
        -:  403:// Congruential Generator (LCG).  Crashes if 'range' is 0 or greater
        -:  404:// than kMaxRange.
function _ZN7testing8internal6Random8GenerateEj called 0 returned 0% blocks executed 0%
    #####:  405:uint32_t Random::Generate(uint32_t range) {
        -:  406:  // These constants are the same as are used in glibc's rand(3).
        -:  407:  // Use wider types than necessary to prevent unsigned overflow diagnostics.
    #####:  408:  state_ = static_cast<uint32_t>(1103515245ULL * state_ + 12345U) % kMaxRange;
        -:  409:
    #####:  410:  GTEST_CHECK_(range > 0) << "Cannot generate a number in the range [0, 0).";
    %%%%%:  410-block  0
call    0 never executed
branch  1 never executed (fallthrough)
branch  2 never executed
    %%%%%:  410-block  1
call    3 never executed
branch  4 never executed (fallthrough)
branch  5 never executed (throw)
    %%%%%:  410-block  2
call    6 never executed
call    7 never executed
branch  8 never executed (fallthrough)
branch  9 never executed (throw)
    %%%%%:  410-block  3
call   10 never executed
branch 11 never executed (fallthrough)
branch 12 never executed (throw)
    %%%%%:  410-block  4
call   13 never executed
    $$$$$:  410-block  5
call   14 never executed
    $$$$$:  410-block  6
call   15 never executed
    #####:  411:  GTEST_CHECK_(range <= kMaxRange)
    %%%%%:  411-block  0
call    0 never executed
branch  1 never executed (fallthrough)
branch  2 never executed
    %%%%%:  411-block  1
call    3 never executed
branch  4 never executed (fallthrough)
branch  5 never executed (throw)
    %%%%%:  411-block  2
call    6 never executed
    %%%%%:  411-block  3
call    7 never executed
    $$$$$:  411-block  4
call    8 never executed
    #####:  412:      << "Generation of a number in [0, " << range << ") was requested, "
call    0 never executed
branch  1 never executed (fallthrough)
branch  2 never executed (throw)
    %%%%%:  412-block  0
call    3 never executed
branch  4 never executed (fallthrough)
branch  5 never executed (throw)
    %%%%%:  412-block  1
call    6 never executed
branch  7 never executed (fallthrough)
branch  8 never executed (throw)
    #####:  413:      << "but this can only generate numbers in [0, " << kMaxRange << ").";
    %%%%%:  413-block  0
call    0 never executed
branch  1 never executed (fallthrough)
branch  2 never executed (throw)
    %%%%%:  413-block  1
call    3 never executed
branch  4 never executed (fallthrough)
branch  5 never executed (throw)
    %%%%%:  413-block  2
call    6 never executed
branch  7 never executed (fallthrough)
branch  8 never executed (throw)
    %%%%%:  413-block  3
call    9 never executed
branch 10 never executed (fallthrough)
branch 11 never executed (throw)
        -:  414:
        -:  415:  // Converting via modulus introduces a bit of downward bias, but
        -:  416:  // it's simple, and a linear congruential generator isn't too good
        -:  417:  // to begin with.
    #####:  418:  return state_ % range;
    %%%%%:  418-block  0
    %%%%%:  418-block  1
        -:  419:}
        -:  420:
        -:  421:// GTestIsInitialized() returns true if and only if the user has initialized
        -:  422:// Google Test.  Useful for catching the user mistake of not initializing
        -:  423:// Google Test before calling RUN_ALL_TESTS().
function _ZN7testing8internalL18GTestIsInitializedEv called 2 returned 100% blocks executed 100%
        2:  424:static bool GTestIsInitialized() { return !GetArgvs().empty(); }
        2:  424-block  0
call    0 returned 2
branch  1 taken 2 (fallthrough)
branch  2 taken 0 (throw)
        2:  424-block  1
call    3 returned 2
        2:  424-block  2
call    4 returned 2
        2:  424-block  3
        -:  425:
        -:  426:// Iterates over a vector of TestSuites, keeping a running sum of the
        -:  427:// results of calling a given int-returning method on each.
        -:  428:// Returns the sum.
function _ZN7testing8internalL20SumOverTestSuiteListERKSt6vectorIPNS_9TestSuiteESaIS3_EEMS2_KFivE called 5 returned 100% blocks executed 91%
        5:  429:static int SumOverTestSuiteList(const std::vector<TestSuite*>& case_list,
        -:  430:                                int (TestSuite::*method)() const) {
        5:  431:  int sum = 0;
       10:  432:  for (size_t i = 0; i < case_list.size(); i++) {
        5:  432-block  0
       10:  432-block  1
call    0 returned 10
branch  1 taken 5
branch  2 taken 5 (fallthrough)
       5*:  433:    sum += (case_list[i]->*method)();
        5:  433-block  0
call    0 returned 5
branch  1 taken 0 (fallthrough)
branch  2 taken 5
    %%%%%:  433-block  1
        5:  433-block  2
        5:  433-block  3
call    3 returned 5
        -:  434:  }
        5:  435:  return sum;
        5:  435-block  0
        -:  436:}
        -:  437:
        -:  438:// Returns true if and only if the test suite passed.
function _ZN7testing8internalL15TestSuitePassedEPKNS_9TestSuiteE called 0 returned 0% blocks executed 0%
    #####:  439:static bool TestSuitePassed(const TestSuite* test_suite) {
    #####:  440:  return test_suite->should_run() && test_suite->Passed();
    %%%%%:  440-block  0
call    0 never executed
branch  1 never executed (fallthrough)
branch  2 never executed
    %%%%%:  440-block  1
call    3 never executed
branch  4 never executed (fallthrough)
branch  5 never executed
    %%%%%:  440-block  2
    %%%%%:  440-block  3
    %%%%%:  440-block  4
        -:  441:}
        -:  442:
        -:  443:// Returns true if and only if the test suite failed.
function _ZN7testing8internalL15TestSuiteFailedEPKNS_9TestSuiteE called 2 returned 100% blocks executed 88%
        2:  444:static bool TestSuiteFailed(const TestSuite* test_suite) {
       2*:  445:  return test_suite->should_run() && test_suite->Failed();
        2:  445-block  0
call    0 returned 2
branch  1 taken 2 (fallthrough)
branch  2 taken 0
        2:  445-block  1
call    3 returned 2
branch  4 taken 0 (fallthrough)
branch  5 taken 2
    %%%%%:  445-block  2
        2:  445-block  3
        2:  445-block  4
        -:  446:}
        -:  447:
        -:  448:// Returns true if and only if test_suite contains at least one test that
        -:  449:// should run.
function _ZN7testing8internalL18ShouldRunTestSuiteEPKNS_9TestSuiteE called 2 returned 100% blocks executed 100%
        2:  450:static bool ShouldRunTestSuite(const TestSuite* test_suite) {
        2:  451:  return test_suite->should_run();
        2:  451-block  0
call    0 returned 2
        -:  452:}
        -:  453:
        -:  454:namespace {
        -:  455:
        -:  456:// Returns true if test part results of type `type` should include a stack
        -:  457:// trace.
function _ZN7testing8internal12_GLOBAL__N_133ShouldEmitStackTraceForResultTypeENS_14TestPartResult4TypeE called 0 returned 0% blocks executed 0%
    #####:  458:bool ShouldEmitStackTraceForResultType(TestPartResult::Type type) {
        -:  459:  // Suppress emission of the stack trace for SUCCEED() since it likely never
        -:  460:  // requires investigation, and GTEST_SKIP() since skipping is an intentional
        -:  461:  // act by the developer rather than a failure requiring investigation.
    #####:  462:  return type != TestPartResult::kSuccess && type != TestPartResult::kSkip;
    %%%%%:  462-block  0
branch  0 never executed (fallthrough)
branch  1 never executed
    %%%%%:  462-block  1
branch  2 never executed (fallthrough)
branch  3 never executed
    %%%%%:  462-block  2
    %%%%%:  462-block  3
    %%%%%:  462-block  4
        -:  463:}
        -:  464:
        -:  465:}  // namespace
        -:  466:
        -:  467:// AssertHelper constructor.
function _ZN7testing8internal12AssertHelperC2ENS_14TestPartResult4TypeEPKciS5_ called 0 returned 0% blocks executed 0%
    #####:  468:AssertHelper::AssertHelper(TestPartResult::Type type, const char* file,
    #####:  469:                           int line, const char* message)
    #####:  470:    : data_(new AssertHelperData(type, file, line, message)) {}
    %%%%%:  470-block  0
call    0 never executed
call    1 never executed
branch  2 never executed (fallthrough)
branch  3 never executed (throw)
    %%%%%:  470-block  1
    $$$$$:  470-block  2
branch  4 never executed (fallthrough)
branch  5 never executed
    $$$$$:  470-block  3
call    6 never executed
        -:  471:
function _ZN7testing8internal12AssertHelperD2Ev called 0 returned 0% blocks executed 0%
    #####:  472:AssertHelper::~AssertHelper() { delete data_; }
    %%%%%:  472-block  0
branch  0 never executed (fallthrough)
branch  1 never executed
    %%%%%:  472-block  1
call    2 never executed
call    3 never executed
        -:  473:
        -:  474:// Message assignment, for assertion streaming support.
function _ZNK7testing8internal12AssertHelperaSERKNS_7MessageE called 0 returned 0% blocks executed 0%
    #####:  475:void AssertHelper::operator=(const Message& message) const {
    #####:  476:  UnitTest::GetInstance()->AddTestPartResult(
    %%%%%:  476-block  0
call    0 never executed
    #####:  477:      data_->type, data_->file, data_->line,
    %%%%%:  477-block  0
call    0 never executed
branch  1 never executed (fallthrough)
branch  2 never executed (throw)
    #####:  478:      AppendUserMessage(data_->message, message),
    %%%%%:  478-block  0
call    0 never executed
branch  1 never executed (fallthrough)
branch  2 never executed (throw)
    %%%%%:  478-block  1
call    3 never executed
    $$$$$:  478-block  2
call    4 never executed
    $$$$$:  478-block  3
    #####:  479:      ShouldEmitStackTraceForResultType(data_->type)
call    0 never executed
    #####:  480:          ? UnitTest::GetInstance()->impl()->CurrentOsStackTraceExceptTop(1)
branch  0 never executed (fallthrough)
branch  1 never executed
    %%%%%:  480-block  0
call    2 never executed
branch  3 never executed (fallthrough)
branch  4 never executed (throw)
    %%%%%:  480-block  1
call    5 never executed
call    6 never executed
branch  7 never executed (fallthrough)
branch  8 never executed (throw)
    %%%%%:  480-block  2
call    9 never executed
branch 10 never executed (fallthrough)
branch 11 never executed (throw)
call   12 never executed
branch 13 never executed (fallthrough)
branch 14 never executed
    $$$$$:  480-block  3
call   15 never executed
    $$$$$:  480-block  4
branch 16 never executed (fallthrough)
branch 17 never executed
    $$$$$:  480-block  5
        -:  481:          : ""
        -:  482:      // Skips the stack frame for this function itself.
        -:  483:  );  // NOLINT
    #####:  484:}
    %%%%%:  484-block  0
        -:  485:
        -:  486:namespace {
        -:  487:
        -:  488:// When TEST_P is found without a matching INSTANTIATE_TEST_SUITE_P
        -:  489:// to creates test cases for it, a synthetic test case is
        -:  490:// inserted to report ether an error or a log message.
        -:  491://
        -:  492:// This configuration bit will likely be removed at some point.
        -:  493:constexpr bool kErrorOnUninstantiatedParameterizedTest = true;
        -:  494:constexpr bool kErrorOnUninstantiatedTypeParameterizedTest = true;
        -:  495:
        -:  496:// A test that fails at a given file/line location with a given message.
        -:  497:class FailureTest : public Test {
        -:  498: public:
function _ZN7testing8internal12_GLOBAL__N_111FailureTestC2ERKNS0_12CodeLocationENSt7__cxx1112basic_stringIcSt11char_traitsIcESaIcEEEb called 0 returned 0% blocks executed 0%
    #####:  499:  explicit FailureTest(const CodeLocation& loc, std::string error_message,
        -:  500:                       bool as_error)
    #####:  501:      : loc_(loc),
    #####:  502:        error_message_(std::move(error_message)),
    %%%%%:  502-block  0
call    0 never executed
call    1 never executed
    #####:  503:        as_error_(as_error) {}
    %%%%%:  503-block  0
call    0 never executed
call    1 never executed
branch  2 never executed (fallthrough)
branch  3 never executed (throw)
    $$$$$:  503-block  1
call    4 never executed
        -:  504:
function _ZN7testing8internal12_GLOBAL__N_111FailureTest8TestBodyEv called 0 returned 0% blocks executed 0%
    #####:  505:  void TestBody() override {
    #####:  506:    if (as_error_) {
    %%%%%:  506-block  0
branch  0 never executed (fallthrough)
branch  1 never executed
    #####:  507:      AssertHelper(TestPartResult::kNonFatalFailure, loc_.file.c_str(),
call    0 never executed
branch  1 never executed (fallthrough)
branch  2 never executed (throw)
    %%%%%:  507-block  0
call    3 never executed
    $$$$$:  507-block  1
call    4 never executed
    $$$$$:  507-block  2
    #####:  508:                   loc_.line, "") = Message() << error_message_;
    %%%%%:  508-block  0
call    0 never executed
branch  1 never executed (fallthrough)
branch  2 never executed (throw)
    %%%%%:  508-block  1
call    3 never executed
branch  4 never executed (fallthrough)
branch  5 never executed (throw)
    %%%%%:  508-block  2
call    6 never executed
    %%%%%:  508-block  3
call    7 never executed
branch  8 never executed (fallthrough)
branch  9 never executed (throw)
call   10 never executed
    $$$$$:  508-block  4
call   11 never executed
        -:  509:    } else {
    #####:  510:      std::cout << error_message_ << std::endl;
    %%%%%:  510-block  0
call    0 never executed
call    1 never executed
        -:  511:    }
    #####:  512:  }
    %%%%%:  512-block  0
        -:  513:
        -:  514: private:
        -:  515:  const CodeLocation loc_;
        -:  516:  const std::string error_message_;
        -:  517:  const bool as_error_;
        -:  518:};
        -:  519:
        -:  520:}  // namespace
        -:  521:
function _ZN7testing8internal33GetIgnoredParameterizedTestSuitesB5cxx11Ev called 1 returned 100% blocks executed 100%
        1:  522:std::set<std::string>* GetIgnoredParameterizedTestSuites() {
        1:  523:  return UnitTest::GetInstance()->impl()->ignored_parameterized_test_suites();
        1:  523-block  0
call    0 returned 1
call    1 returned 1
call    2 returned 1
        -:  524:}
        -:  525:
        -:  526:// Add a given test_suit to the list of them allow to go un-instantiated.
function _ZN7testing8internal13MarkAsIgnoredC2EPKc called 0 returned 0% blocks executed 0%
    #####:  527:MarkAsIgnored::MarkAsIgnored(const char* test_suite) {
    #####:  528:  GetIgnoredParameterizedTestSuites()->insert(test_suite);
    %%%%%:  528-block  0
call    0 never executed
branch  1 never executed (fallthrough)
branch  2 never executed (throw)
    %%%%%:  528-block  1
    %%%%%:  528-block  2
call    3 never executed
branch  4 never executed (fallthrough)
branch  5 never executed (throw)
    %%%%%:  528-block  3
call    6 never executed
branch  7 never executed (fallthrough)
branch  8 never executed (throw)
    %%%%%:  528-block  4
call    9 never executed
    $$$$$:  528-block  5
call   10 never executed
    $$$$$:  528-block  6
    $$$$$:  528-block  7
    #####:  529:}
    %%%%%:  529-block  0
        -:  530:
        -:  531:// If this parameterized test suite has no instantiations (and that
        -:  532:// has not been marked as okay), emit a test case reporting that.
function _ZN7testing8internal23InsertSyntheticTestCaseERKNSt7__cxx1112basic_stringIcSt11char_traitsIcESaIcEEENS0_12CodeLocationEb called 0 returned 0% blocks executed 0%
    #####:  533:void InsertSyntheticTestCase(const std::string& name, CodeLocation location,
        -:  534:                             bool has_test_p) {
    #####:  535:  const auto& ignored = *GetIgnoredParameterizedTestSuites();
    %%%%%:  535-block  0
call    0 never executed
branch  1 never executed (fallthrough)
branch  2 never executed (throw)
    #####:  536:  if (ignored.find(name) != ignored.end()) return;
    %%%%%:  536-block  0
call    0 never executed
call    1 never executed
branch  2 never executed (fallthrough)
branch  3 never executed (throw)
    %%%%%:  536-block  1
call    4 never executed
branch  5 never executed (fallthrough)
branch  6 never executed
    %%%%%:  536-block  2
    %%%%%:  536-block  3
    $$$$$:  536-block  4
    $$$$$:  536-block  5
        -:  537:
    #####:  538:  const char kMissingInstantiation[] =  //
        -:  539:      " is defined via TEST_P, but never instantiated. None of the test "
        -:  540:      "cases "
        -:  541:      "will run. Either no INSTANTIATE_TEST_SUITE_P is provided or the only "
        -:  542:      "ones provided expand to nothing."
        -:  543:      "\n\n"
        -:  544:      "Ideally, TEST_P definitions should only ever be included as part of "
        -:  545:      "binaries that intend to use them. (As opposed to, for example, being "
        -:  546:      "placed in a library that may be linked in to get other utilities.)";
        -:  547:
    #####:  548:  const char kMissingTestCase[] =  //
        -:  549:      " is instantiated via INSTANTIATE_TEST_SUITE_P, but no tests are "
        -:  550:      "defined via TEST_P . No test cases will run."
        -:  551:      "\n\n"
        -:  552:      "Ideally, INSTANTIATE_TEST_SUITE_P should only ever be invoked from "
        -:  553:      "code that always depend on code that provides TEST_P. Failing to do "
        -:  554:      "so is often an indication of dead code, e.g. the last TEST_P was "
        -:  555:      "removed but the rest got left behind.";
        -:  556:
        -:  557:  std::string message =
    #####:  558:      "Parameterized test suite " + name +
    %%%%%:  558-block  0
branch  0 never executed (fallthrough)
branch  1 never executed
    %%%%%:  558-block  1
    %%%%%:  558-block  2
    %%%%%:  558-block  3
call    2 never executed
branch  3 never executed (fallthrough)
branch  4 never executed (throw)
    %%%%%:  558-block  4
call    5 never executed
branch  6 never executed (fallthrough)
branch  7 never executed (throw)
call    8 never executed
call    9 never executed
    $$$$$:  558-block  5
call   10 never executed
    $$$$$:  558-block  6
call   11 never executed
    $$$$$:  558-block  7
    $$$$$:  558-block  8
    #####:  559:      (has_test_p ? kMissingInstantiation : kMissingTestCase) +
    %%%%%:  559-block  0
call    0 never executed
branch  1 never executed (fallthrough)
branch  2 never executed (throw)
call    3 never executed
    $$$$$:  559-block  1
call    4 never executed
    $$$$$:  559-block  2
        -:  560:      "\n\n"
        -:  561:      "To suppress this error for this test suite, insert the following line "
        -:  562:      "(in a non-header) in the namespace it is defined in:"
        -:  563:      "\n\n"
    #####:  564:      "GTEST_ALLOW_UNINSTANTIATED_PARAMETERIZED_TEST(" +
    %%%%%:  564-block  0
call    0 never executed
branch  1 never executed (fallthrough)
branch  2 never executed (throw)
    %%%%%:  564-block  1
call    3 never executed
    $$$$$:  564-block  2
call    4 never executed
    $$$$$:  564-block  3
    #####:  565:      name + ");";
    %%%%%:  565-block  0
call    0 never executed
branch  1 never executed (fallthrough)
branch  2 never executed (throw)
        -:  566:
    #####:  567:  std::string full_name = "UninstantiatedParameterizedTestSuite<" + name + ">";
call    0 never executed
branch  1 never executed (fallthrough)
branch  2 never executed (throw)
    %%%%%:  567-block  0
call    3 never executed
branch  4 never executed (fallthrough)
branch  5 never executed (throw)
    %%%%%:  567-block  1
call    6 never executed
    $$$$$:  567-block  2
call    7 never executed
    $$$$$:  567-block  3
    #####:  568:  RegisterTest(  //
call    0 never executed
call    1 never executed
branch  2 never executed (fallthrough)
branch  3 never executed (throw)
        -:  569:      "GoogleTestVerification", full_name.c_str(),
        -:  570:      nullptr,  // No type parameter.
        -:  571:      nullptr,  // No value parameter.
function _ZZN7testing8internal23InsertSyntheticTestCaseERKNSt7__cxx1112basic_stringIcSt11char_traitsIcESaIcEEENS0_12CodeLocationEbENKUlvE_clEv called 0 returned 0% blocks executed 0%
    #####:  572:      location.file.c_str(), location.line, [message, location] {
call    0 never executed
branch  1 never executed (fallthrough)
branch  2 never executed (throw)
    %%%%%:  572-block  0
call    3 never executed
branch  4 never executed (fallthrough)
branch  5 never executed (throw)
    %%%%%:  572-block  1
call    6 never executed
    %%%%%:  572-block  2
call    7 never executed
    $$$$$:  572-block  3
call    8 never executed
    $$$$$:  572-block  4
branch  9 never executed (fallthrough)
branch 10 never executed
    $$$$$:  572-block  5
call   11 never executed
    $$$$$:  572-block  6
    #####:  573:        return new FailureTest(location, message,
    #####:  574:                               kErrorOnUninstantiatedParameterizedTest);
    %%%%%:  574-block  0
call    0 never executed
call    1 never executed
branch  2 never executed (fallthrough)
branch  3 never executed (throw)
    %%%%%:  574-block  1
call    4 never executed
branch  5 never executed (fallthrough)
branch  6 never executed (throw)
    %%%%%:  574-block  2
    %%%%%:  574-block  3
call    7 never executed
    %%%%%:  574-block  4
    $$$$$:  574-block  5
call    8 never executed
    $$$$$:  574-block  6
    $$$$$:  574-block  7
branch  9 never executed (fallthrough)
branch 10 never executed
    $$$$$:  574-block  8
call   11 never executed
        -:  575:      });
    #####:  576:}
call    0 never executed
call    1 never executed
    $$$$$:  576-block  0
call    2 never executed
    $$$$$:  576-block  1
call    3 never executed
        -:  577:
function _ZN7testing8internal34RegisterTypeParameterizedTestSuiteEPKcNS0_12CodeLocationE called 0 returned 0% blocks executed 0%
    #####:  578:void RegisterTypeParameterizedTestSuite(const char* test_suite_name,
        -:  579:                                        CodeLocation code_location) {
    #####:  580:  GetUnitTestImpl()->type_parameterized_test_registry().RegisterTestSuite(
    %%%%%:  580-block  0
call    0 never executed
call    1 never executed
call    2 never executed
call    3 never executed
branch  4 never executed (fallthrough)
branch  5 never executed (throw)
    %%%%%:  580-block  1
call    6 never executed
    $$$$$:  580-block  2
call    7 never executed
    #####:  581:      test_suite_name, std::move(code_location));
call    0 never executed
    #####:  582:}
        -:  583:
function _ZN7testing8internal47RegisterTypeParameterizedTestSuiteInstantiationEPKc called 0 returned 0% blocks executed 0%
    #####:  584:void RegisterTypeParameterizedTestSuiteInstantiation(const char* case_name) {
    #####:  585:  GetUnitTestImpl()->type_parameterized_test_registry().RegisterInstantiation(
    %%%%%:  585-block  0
call    0 never executed
call    1 never executed
call    2 never executed
        -:  586:      case_name);
    #####:  587:}
        -:  588:
function _ZN7testing8internal34TypeParameterizedTestSuiteRegistry17RegisterTestSuiteEPKcNS0_12CodeLocationE called 0 returned 0% blocks executed 0%
    #####:  589:void TypeParameterizedTestSuiteRegistry::RegisterTestSuite(
        -:  590:    const char* test_suite_name, CodeLocation code_location) {
    #####:  591:  suites_.emplace(std::string(test_suite_name),
    %%%%%:  591-block  0
call    0 never executed
branch  1 never executed (fallthrough)
branch  2 never executed (throw)
    %%%%%:  591-block  1
call    3 never executed
branch  4 never executed (fallthrough)
branch  5 never executed (throw)
    %%%%%:  591-block  2
call    6 never executed
    $$$$$:  591-block  3
call    7 never executed
    $$$$$:  591-block  4
    $$$$$:  591-block  5
    #####:  592:                  TypeParameterizedTestSuiteInfo(std::move(code_location)));
    %%%%%:  592-block  0
call    0 never executed
call    1 never executed
call    2 never executed
    %%%%%:  592-block  1
call    3 never executed
call    4 never executed
    $$$$$:  592-block  2
call    5 never executed
    $$$$$:  592-block  3
call    6 never executed
    $$$$$:  592-block  4
    $$$$$:  592-block  5
    #####:  593:}
        -:  594:
function _ZN7testing8internal34TypeParameterizedTestSuiteRegistry21RegisterInstantiationEPKc called 0 returned 0% blocks executed 0%
    #####:  595:void TypeParameterizedTestSuiteRegistry::RegisterInstantiation(
        -:  596:    const char* test_suite_name) {
    #####:  597:  auto it = suites_.find(std::string(test_suite_name));
    %%%%%:  597-block  0
    %%%%%:  597-block  1
call    0 never executed
branch  1 never executed (fallthrough)
branch  2 never executed (throw)
    %%%%%:  597-block  2
call    3 never executed
branch  4 never executed (fallthrough)
branch  5 never executed (throw)
    %%%%%:  597-block  3
call    6 never executed
    $$$$$:  597-block  4
call    7 never executed
    $$$$$:  597-block  5
    $$$$$:  597-block  6
    #####:  598:  if (it != suites_.end()) {
    %%%%%:  598-block  0
call    0 never executed
call    1 never executed
branch  2 never executed (fallthrough)
branch  3 never executed
    #####:  599:    it->second.instantiated = true;
    %%%%%:  599-block  0
call    0 never executed
        -:  600:  } else {
    #####:  601:    GTEST_LOG_(ERROR) << "Unknown type parameterized test suit '"
    %%%%%:  601-block  0
call    0 never executed
branch  1 never executed (fallthrough)
branch  2 never executed (throw)
    %%%%%:  601-block  1
call    3 never executed
    %%%%%:  601-block  2
call    4 never executed
    $$$$$:  601-block  3
call    5 never executed
    $$$$$:  601-block  4
    #####:  602:                      << test_suite_name << "'";
call    0 never executed
branch  1 never executed (fallthrough)
branch  2 never executed (throw)
    %%%%%:  602-block  0
call    3 never executed
branch  4 never executed (fallthrough)
branch  5 never executed (throw)
    %%%%%:  602-block  1
call    6 never executed
branch  7 never executed (fallthrough)
branch  8 never executed (throw)
        -:  603:  }
    #####:  604:}
    %%%%%:  604-block  0
        -:  605:
function _ZN7testing8internal34TypeParameterizedTestSuiteRegistry22CheckForInstantiationsEv called 1 returned 100% blocks executed 11%
        1:  606:void TypeParameterizedTestSuiteRegistry::CheckForInstantiations() {
        1:  607:  const auto& ignored = *GetIgnoredParameterizedTestSuites();
        1:  607-block  0
call    0 returned 1
       1*:  608:  for (const auto& testcase : suites_) {
call    0 returned 1
call    1 returned 1
    %%%%%:  608-block  0
call    2 never executed
    %%%%%:  608-block  1
call    3 never executed
        1:  608-block  2
call    4 returned 1
branch  5 taken 0
branch  6 taken 1 (fallthrough)
    #####:  609:    if (testcase.second.instantiated) continue;
branch  0 never executed (fallthrough)
branch  1 never executed
    %%%%%:  609-block  0
    %%%%%:  609-block  1
    #####:  610:    if (ignored.find(testcase.first) != ignored.end()) continue;
    %%%%%:  610-block  0
call    0 never executed
call    1 never executed
branch  2 never executed (fallthrough)
branch  3 never executed (throw)
    %%%%%:  610-block  1
call    4 never executed
branch  5 never executed (fallthrough)
branch  6 never executed
    %%%%%:  610-block  2
    $$$$$:  610-block  3
    $$$$$:  610-block  4
        -:  611:
        -:  612:    std::string message =
    #####:  613:        "Type parameterized test suite " + testcase.first +
    %%%%%:  613-block  0
call    0 never executed
branch  1 never executed (fallthrough)
branch  2 never executed (throw)
call    3 never executed
call    4 never executed
    $$$$$:  613-block  1
call    5 never executed
    $$$$$:  613-block  2
call    6 never executed
    $$$$$:  613-block  3
    $$$$$:  613-block  4
        -:  614:        " is defined via REGISTER_TYPED_TEST_SUITE_P, but never instantiated "
        -:  615:        "via INSTANTIATE_TYPED_TEST_SUITE_P. None of the test cases will run."
        -:  616:        "\n\n"
        -:  617:        "Ideally, TYPED_TEST_P definitions should only ever be included as "
        -:  618:        "part of binaries that intend to use them. (As opposed to, for "
        -:  619:        "example, being placed in a library that may be linked in to get "
        -:  620:        "other "
        -:  621:        "utilities.)"
        -:  622:        "\n\n"
        -:  623:        "To suppress this error for this test suite, insert the following "
        -:  624:        "line "
        -:  625:        "(in a non-header) in the namespace it is defined in:"
        -:  626:        "\n\n"
    #####:  627:        "GTEST_ALLOW_UNINSTANTIATED_PARAMETERIZED_TEST(" +
    %%%%%:  627-block  0
call    0 never executed
branch  1 never executed (fallthrough)
branch  2 never executed (throw)
    %%%%%:  627-block  1
call    3 never executed
    $$$$$:  627-block  2
call    4 never executed
    $$$$$:  627-block  3
    #####:  628:        testcase.first + ");";
    %%%%%:  628-block  0
call    0 never executed
branch  1 never executed (fallthrough)
branch  2 never executed (throw)
    %%%%%:  628-block  1
call    3 never executed
branch  4 never executed (fallthrough)
branch  5 never executed (throw)
        -:  629:
        -:  630:    std::string full_name =
    #####:  631:        "UninstantiatedTypeParameterizedTestSuite<" + testcase.first + ">";
call    0 never executed
branch  1 never executed (fallthrough)
branch  2 never executed (throw)
    %%%%%:  631-block  0
call    3 never executed
branch  4 never executed (fallthrough)
branch  5 never executed (throw)
    %%%%%:  631-block  1
call    6 never executed
    $$$$$:  631-block  2
call    7 never executed
    $$$$$:  631-block  3
    #####:  632:    RegisterTest(  //
call    0 never executed
call    1 never executed
branch  2 never executed (fallthrough)
branch  3 never executed (throw)
        -:  633:        "GoogleTestVerification", full_name.c_str(),
        -:  634:        nullptr,  // No type parameter.
        -:  635:        nullptr,  // No value parameter.
        -:  636:        testcase.second.code_location.file.c_str(),
function _ZZN7testing8internal34TypeParameterizedTestSuiteRegistry22CheckForInstantiationsEvENKUlvE_clEv called 0 returned 0% blocks executed 0%
    #####:  637:        testcase.second.code_location.line, [message, testcase] {
call    0 never executed
branch  1 never executed (fallthrough)
branch  2 never executed (throw)
    %%%%%:  637-block  0
call    3 never executed
branch  4 never executed (fallthrough)
branch  5 never executed (throw)
    %%%%%:  637-block  1
call    6 never executed
    %%%%%:  637-block  2
call    7 never executed
    $$$$$:  637-block  3
call    8 never executed
    $$$$$:  637-block  4
branch  9 never executed (fallthrough)
branch 10 never executed
    $$$$$:  637-block  5
call   11 never executed
    $$$$$:  637-block  6
    #####:  638:          return new FailureTest(testcase.second.code_location, message,
    #####:  639:                                 kErrorOnUninstantiatedTypeParameterizedTest);
    %%%%%:  639-block  0
call    0 never executed
call    1 never executed
branch  2 never executed (fallthrough)
branch  3 never executed (throw)
    %%%%%:  639-block  1
call    4 never executed
branch  5 never executed (fallthrough)
branch  6 never executed (throw)
    %%%%%:  639-block  2
    %%%%%:  639-block  3
call    7 never executed
    %%%%%:  639-block  4
    $$$$$:  639-block  5
call    8 never executed
    $$$$$:  639-block  6
    $$$$$:  639-block  7
branch  9 never executed (fallthrough)
branch 10 never executed
    $$$$$:  639-block  8
call   11 never executed
        -:  640:        });
    #####:  641:  }
call    0 never executed
call    1 never executed
    $$$$$:  641-block  0
call    2 never executed
    $$$$$:  641-block  1
call    3 never executed
        1:  642:}
        1:  642-block  0
        -:  643:
        -:  644:// A copy of all command line arguments.  Set by InitGoogleTest().
        -:  645:static ::std::vector<std::string> g_argvs;
        -:  646:
function _ZN7testing8internal8GetArgvsB5cxx11Ev called 2 returned 100% blocks executed 100%
        2:  647:::std::vector<std::string> GetArgvs() {
        -:  648:#if defined(GTEST_CUSTOM_GET_ARGVS_)
        -:  649:  // GTEST_CUSTOM_GET_ARGVS_() may return a container of std::string or
        -:  650:  // ::string. This code converts it to the appropriate type.
        -:  651:  const auto& custom = GTEST_CUSTOM_GET_ARGVS_();
        -:  652:  return ::std::vector<std::string>(custom.begin(), custom.end());
        -:  653:#else   // defined(GTEST_CUSTOM_GET_ARGVS_)
        2:  654:  return g_argvs;
        2:  654-block  0
call    0 returned 2
        -:  655:#endif  // defined(GTEST_CUSTOM_GET_ARGVS_)
        -:  656:}
        -:  657:
        -:  658:#if GTEST_HAS_FILE_SYSTEM
        -:  659:// Returns the current application's name, removing directory path if that
        -:  660:// is present.
function _ZN7testing8internal24GetCurrentExecutableNameEv called 0 returned 0% blocks executed 0%
    #####:  661:FilePath GetCurrentExecutableName() {
    #####:  662:  FilePath result;
    %%%%%:  662-block  0
call    0 never executed
branch  1 never executed (fallthrough)
branch  2 never executed (throw)
        -:  663:
    #####:  664:  auto args = GetArgvs();
    %%%%%:  664-block  0
call    0 never executed
branch  1 never executed (fallthrough)
branch  2 never executed (throw)
    #####:  665:  if (!args.empty()) {
    %%%%%:  665-block  0
call    0 never executed
branch  1 never executed (fallthrough)
branch  2 never executed
        -:  666:#if defined(GTEST_OS_WINDOWS) || defined(GTEST_OS_OS2)
    #####:  667:    result.Set(FilePath(args[0]).RemoveExtension("exe"));
    %%%%%:  667-block  0
call    0 never executed
call    1 never executed
branch  2 never executed (fallthrough)
branch  3 never executed (throw)
    %%%%%:  667-block  1
call    4 never executed
branch  5 never executed (fallthrough)
branch  6 never executed (throw)
    %%%%%:  667-block  2
call    7 never executed
branch  8 never executed (fallthrough)
branch  9 never executed (throw)
    %%%%%:  667-block  3
call   10 never executed
branch 11 never executed (fallthrough)
branch 12 never executed (throw)
    %%%%%:  667-block  4
call   13 never executed
call   14 never executed
call   15 never executed
    $$$$$:  667-block  5
call   16 never executed
    $$$$$:  667-block  6
call   17 never executed
    $$$$$:  667-block  7
call   18 never executed
    $$$$$:  667-block  8
    $$$$$:  667-block  9
    $$$$$:  667-block 10
        -:  668:#else
        -:  669:    result.Set(FilePath(args[0]));
        -:  670:#endif  // GTEST_OS_WINDOWS
        -:  671:  }
        -:  672:
    #####:  673:  return result.RemoveDirectoryName();
    %%%%%:  673-block  0
call    0 never executed
branch  1 never executed (fallthrough)
branch  2 never executed (throw)
    %%%%%:  673-block  1
    #####:  674:}
    %%%%%:  674-block  0
call    0 never executed
call    1 never executed
    $$$$$:  674-block  1
call    2 never executed
    $$$$$:  674-block  2
call    3 never executed
        -:  675:#endif  // GTEST_HAS_FILE_SYSTEM
        -:  676:
        -:  677:// Functions for processing the gtest_output flag.
        -:  678:
        -:  679:// Returns the output format, or "" for normal printed output.
function _ZN7testing8internal15UnitTestOptions15GetOutputFormatB5cxx11Ev called 1 returned 100% blocks executed 45%
        1:  680:std::string UnitTestOptions::GetOutputFormat() {
        1:  681:  std::string s = GTEST_FLAG_GET(output);
        1:  681-block  0
call    0 returned 1
branch  1 taken 1 (fallthrough)
branch  2 taken 0 (throw)
        1:  682:  const char* const gtest_output_flag = s.c_str();
        1:  682-block  0
call    0 returned 1
        1:  683:  const char* const colon = strchr(gtest_output_flag, ':');
        -:  684:  return (colon == nullptr)
        1:  685:             ? std::string(gtest_output_flag)
        -:  686:             : std::string(gtest_output_flag,
       3*:  687:                           static_cast<size_t>(colon - gtest_output_flag));
branch  0 taken 1 (fallthrough)
branch  1 taken 0
        1:  687-block  0
call    2 returned 1
branch  3 taken 1 (fallthrough)
branch  4 taken 0 (throw)
    %%%%%:  687-block  1
call    5 never executed
branch  6 never executed (fallthrough)
branch  7 never executed (throw)
        1:  687-block  2
branch  8 taken 0 (fallthrough)
branch  9 taken 1
        1:  687-block  3
branch 10 taken 1 (fallthrough)
branch 11 taken 0
        1:  687-block  4
    $$$$$:  687-block  5
branch 12 never executed (fallthrough)
branch 13 never executed
    $$$$$:  687-block  6
    $$$$$:  687-block  7
branch 14 never executed (fallthrough)
branch 15 never executed
    $$$$$:  687-block  8
        1:  688:}
        1:  688-block  0
call    0 returned 1
    $$$$$:  688-block  1
call    1 never executed
        -:  689:
        -:  690:#if GTEST_HAS_FILE_SYSTEM
        -:  691:// Returns the name of the requested output file, or the default if none
        -:  692:// was explicitly specified.
function _ZN7testing8internal15UnitTestOptions27GetAbsolutePathToOutputFileB5cxx11Ev called 0 returned 0% blocks executed 0%
    #####:  693:std::string UnitTestOptions::GetAbsolutePathToOutputFile() {
    #####:  694:  std::string s = GTEST_FLAG_GET(output);
    %%%%%:  694-block  0
call    0 never executed
branch  1 never executed (fallthrough)
branch  2 never executed (throw)
    #####:  695:  const char* const gtest_output_flag = s.c_str();
    %%%%%:  695-block  0
call    0 never executed
        -:  696:
    #####:  697:  std::string format = GetOutputFormat();
call    0 never executed
branch  1 never executed (fallthrough)
branch  2 never executed (throw)
    #####:  698:  if (format.empty()) format = std::string(kDefaultOutputFormat);
    %%%%%:  698-block  0
call    0 never executed
branch  1 never executed (fallthrough)
branch  2 never executed
    %%%%%:  698-block  1
call    3 never executed
branch  4 never executed (fallthrough)
branch  5 never executed (throw)
    %%%%%:  698-block  2
call    6 never executed
call    7 never executed
    %%%%%:  698-block  3
    $$$$$:  698-block  4
    $$$$$:  698-block  5
        -:  699:
    #####:  700:  const char* const colon = strchr(gtest_output_flag, ':');
    #####:  701:  if (colon == nullptr)
    %%%%%:  701-block  0
branch  0 never executed (fallthrough)
branch  1 never executed
    #####:  702:    return internal::FilePath::MakeFileName(
    %%%%%:  702-block  0
call    0 never executed
    %%%%%:  702-block  1
call    1 never executed
branch  2 never executed (fallthrough)
branch  3 never executed (throw)
    %%%%%:  702-block  2
call    4 never executed
    $$$$$:  702-block  3
call    5 never executed
    $$$$$:  702-block  4
    #####:  703:               internal::FilePath(
    %%%%%:  703-block  0
call    0 never executed
branch  1 never executed (fallthrough)
branch  2 never executed (throw)
    %%%%%:  703-block  1
call    3 never executed
call    4 never executed
branch  5 never executed (fallthrough)
branch  6 never executed (throw)
    %%%%%:  703-block  2
call    7 never executed
branch  8 never executed (fallthrough)
branch  9 never executed (throw)
call   10 never executed
call   11 never executed
    $$$$$:  703-block  3
call   12 never executed
    $$$$$:  703-block  4
call   13 never executed
    $$$$$:  703-block  5
    $$$$$:  703-block  6
    $$$$$:  703-block  7
        -:  704:                   UnitTest::GetInstance()->original_working_dir()),
    #####:  705:               internal::FilePath(kDefaultOutputFile), 0, format.c_str())
    %%%%%:  705-block  0
call    0 never executed
branch  1 never executed (fallthrough)
branch  2 never executed (throw)
    %%%%%:  705-block  1
call    3 never executed
branch  4 never executed (fallthrough)
branch  5 never executed (throw)
    %%%%%:  705-block  2
call    6 never executed
call    7 never executed
    %%%%%:  705-block  3
    $$$$$:  705-block  4
call    8 never executed
    $$$$$:  705-block  5
call    9 never executed
    $$$$$:  705-block  6
    $$$$$:  705-block  7
    $$$$$:  705-block  8
    #####:  706:        .string();
    %%%%%:  706-block  0
call    0 never executed
call    1 never executed
branch  2 never executed (fallthrough)
branch  3 never executed (throw)
    %%%%%:  706-block  1
        -:  707:
    #####:  708:  internal::FilePath output_name(colon + 1);
    %%%%%:  708-block  0
call    0 never executed
branch  1 never executed (fallthrough)
branch  2 never executed (throw)
    %%%%%:  708-block  1
call    3 never executed
branch  4 never executed (fallthrough)
branch  5 never executed (throw)
    %%%%%:  708-block  2
call    6 never executed
    $$$$$:  708-block  3
call    7 never executed
    $$$$$:  708-block  4
    $$$$$:  708-block  5
    #####:  709:  if (!output_name.IsAbsolutePath())
    %%%%%:  709-block  0
call    0 never executed
branch  1 never executed (fallthrough)
branch  2 never executed
    #####:  710:    output_name = internal::FilePath::ConcatPaths(
    %%%%%:  710-block  0
call    0 never executed
branch  1 never executed (fallthrough)
branch  2 never executed (throw)
call    3 never executed
    $$$$$:  710-block  1
    #####:  711:        internal::FilePath(UnitTest::GetInstance()->original_working_dir()),
    %%%%%:  711-block  0
call    0 never executed
branch  1 never executed (fallthrough)
branch  2 never executed (throw)
    %%%%%:  711-block  1
call    3 never executed
call    4 never executed
branch  5 never executed (fallthrough)
branch  6 never executed (throw)
    %%%%%:  711-block  2
call    7 never executed
branch  8 never executed (fallthrough)
branch  9 never executed (throw)
call   10 never executed
call   11 never executed
    $$$$$:  711-block  3
call   12 never executed
    $$$$$:  711-block  4
call   13 never executed
    $$$$$:  711-block  5
    $$$$$:  711-block  6
    $$$$$:  711-block  7
    #####:  712:        internal::FilePath(colon + 1));
    %%%%%:  712-block  0
call    0 never executed
branch  1 never executed (fallthrough)
branch  2 never executed (throw)
    %%%%%:  712-block  1
call    3 never executed
branch  4 never executed (fallthrough)
branch  5 never executed (throw)
    %%%%%:  712-block  2
call    6 never executed
    %%%%%:  712-block  3
call    7 never executed
call    8 never executed
    %%%%%:  712-block  4
    $$$$$:  712-block  5
call    9 never executed
    $$$$$:  712-block  6
call   10 never executed
    $$$$$:  712-block  7
    $$$$$:  712-block  8
    $$$$$:  712-block  9
        -:  713:
    #####:  714:  if (!output_name.IsDirectory()) return output_name.string();
    %%%%%:  714-block  0
call    0 never executed
branch  1 never executed (fallthrough)
branch  2 never executed
    %%%%%:  714-block  1
call    3 never executed
call    4 never executed
branch  5 never executed (fallthrough)
branch  6 never executed (throw)
    %%%%%:  714-block  2
        -:  715:
        -:  716:  internal::FilePath result(internal::FilePath::GenerateUniqueFileName(
    #####:  717:      output_name, internal::GetCurrentExecutableName(),
call    0 never executed
branch  1 never executed (fallthrough)
branch  2 never executed (throw)
    %%%%%:  717-block  0
call    3 never executed
    $$$$$:  717-block  1
call    4 never executed
    $$$$$:  717-block  2
    #####:  718:      GetOutputFormat().c_str()));
    %%%%%:  718-block  0
call    0 never executed
branch  1 never executed (fallthrough)
branch  2 never executed (throw)
    %%%%%:  718-block  1
call    3 never executed
    %%%%%:  718-block  2
call    4 never executed
branch  5 never executed (fallthrough)
branch  6 never executed (throw)
call    7 never executed
    $$$$$:  718-block  3
call    8 never executed
    $$$$$:  718-block  4
    #####:  719:  return result.string();
call    0 never executed
call    1 never executed
branch  2 never executed (fallthrough)
branch  3 never executed (throw)
    %%%%%:  719-block  0
    #####:  720:}
    %%%%%:  720-block  0
call    0 never executed
    %%%%%:  720-block  1
call    1 never executed
    %%%%%:  720-block  2
call    2 never executed
call    3 never executed
    $$$$$:  720-block  3
call    4 never executed
    $$$$$:  720-block  4
call    5 never executed
    $$$$$:  720-block  5
call    6 never executed
    $$$$$:  720-block  6
call    7 never executed
        -:  721:#endif  // GTEST_HAS_FILE_SYSTEM
        -:  722:
        -:  723:// Returns true if and only if the wildcard pattern matches the string. Each
        -:  724:// pattern consists of regular characters, single-character wildcards (?), and
        -:  725:// multi-character wildcards (*).
        -:  726://
        -:  727:// This function implements a linear-time string globbing algorithm based on
        -:  728:// https://research.swtch.com/glob.
function _ZN7testing8internalL20PatternMatchesStringERKNSt7__cxx1112basic_stringIcSt11char_traitsIcESaIcEEEPKcSA_ called 82 returned 100% blocks executed 87%
       82:  729:static bool PatternMatchesString(const std::string& name_str,
        -:  730:                                 const char* pattern, const char* pattern_end) {
       82:  731:  const char* name = name_str.c_str();
       82:  731-block  0
call    0 returned 82
       82:  732:  const char* const name_begin = name;
       82:  733:  const char* const name_end = name + name_str.size();
call    0 returned 82
        -:  734:
       82:  735:  const char* pattern_next = pattern;
       82:  736:  const char* name_next = name;
        -:  737:
     2096:  738:  while (pattern < pattern_end || name < name_end) {
     2096:  738-block  0
branch  0 taken 1788
branch  1 taken 308 (fallthrough)
      308:  738-block  1
branch  2 taken 292
branch  3 taken 16 (fallthrough)
     2080:  739:    if (pattern < pattern_end) {
     2080:  739-block  0
branch  0 taken 1788 (fallthrough)
branch  1 taken 292
     1788:  740:      switch (*pattern) {
     1788:  740-block  0
branch  0 taken 884
branch  1 taken 0
branch  2 taken 904
      884:  741:        default:  // Match an ordinary character.
      884:  742:          if (name < name_end && *name == *pattern) {
      884:  742-block  0
branch  0 taken 850 (fallthrough)
branch  1 taken 34
      850:  742-block  1
branch  2 taken 256 (fallthrough)
branch  3 taken 594
      256:  743:            ++pattern;
      256:  744:            ++name;
      256:  745:            continue;
      256:  745-block  0
        -:  746:          }
      628:  747:          break;
      628:  747-block  0
    #####:  748:        case '?':  // Match any single character.
    #####:  749:          if (name < name_end) {
    %%%%%:  749-block  0
branch  0 never executed (fallthrough)
branch  1 never executed
    #####:  750:            ++pattern;
    #####:  751:            ++name;
    #####:  752:            continue;
    %%%%%:  752-block  0
        -:  753:          }
    #####:  754:          break;
    %%%%%:  754-block  0
      904:  755:        case '*':
        -:  756:          // Match zero or more characters. Start by skipping over the wildcard
        -:  757:          // and matching zero characters from name. If that fails, restart and
        -:  758:          // match one more character than the last attempt.
      904:  759:          pattern_next = pattern;
      904:  760:          name_next = name + 1;
      904:  761:          ++pattern;
      904:  762:          continue;
      904:  762-block  0
        -:  763:      }
        -:  764:    }
        -:  765:    // Failed to match a character. Restart if possible.
      920:  766:    if (name_begin < name_next && name_next <= name_end) {
      920:  766-block  0
branch  0 taken 888 (fallthrough)
branch  1 taken 32
      888:  766-block  1
branch  2 taken 854 (fallthrough)
branch  3 taken 34
      854:  767:      pattern = pattern_next;
      854:  768:      name = name_next;
      854:  769:      continue;
      854:  769-block  0
        -:  770:    }
       66:  771:    return false;
       66:  771-block  0
        -:  772:  }
       16:  773:  return true;
       16:  773-block  0
        -:  774:}
        -:  775:
        -:  776:namespace {
        -:  777:
function _ZN7testing8internal12_GLOBAL__N_113IsGlobPatternERKNSt7__cxx1112basic_stringIcSt11char_traitsIcESaIcEEE called 9 returned 100% blocks executed 100%
        9:  778:bool IsGlobPattern(const std::string& pattern) {
        9:  779:  return std::any_of(pattern.begin(), pattern.end(),
        9:  779-block  0
call    0 returned 9
call    1 returned 9
call    2 returned 9
function _ZZN7testing8internal12_GLOBAL__N_113IsGlobPatternERKNSt7__cxx1112basic_stringIcSt11char_traitsIcESaIcEEEENKUlcE_clEc called 66 returned 100% blocks executed 100%
       75:  780:                     [](const char c) { return c == '?' || c == '*'; });
       66:  780-block  0
branch  0 taken 66 (fallthrough)
branch  1 taken 0
       66:  780-block  1
branch  2 taken 9 (fallthrough)
branch  3 taken 57
        9:  780-block  2
       57:  780-block  3
       66:  780-block  4
        -:  781:}
        -:  782:
        -:  783:class UnitTestFilter {
        -:  784: public:
function _ZN7testing8internal12_GLOBAL__N_114UnitTestFilterC2Ev called 2 returned 100% blocks executed 100%
        2:  785:  UnitTestFilter() = default;
        2:  785-block  0
call    0 returned 2
call    1 returned 2
        -:  786:
        -:  787:  // Constructs a filter from a string of patterns separated by `:`.
function _ZN7testing8internal12_GLOBAL__N_114UnitTestFilterC2ERKNSt7__cxx1112basic_stringIcSt11char_traitsIcESaIcEEE called 3 returned 100% blocks executed 76%
        3:  788:  explicit UnitTestFilter(const std::string& filter) {
        3:  788-block  0
call    0 returned 3
call    1 returned 3
        -:  789:    // By design "" filter matches "" string.
        3:  790:    std::vector<std::string> all_patterns;
        3:  791:    SplitString(filter, ':', &all_patterns);
call    0 returned 3
branch  1 taken 3 (fallthrough)
branch  2 taken 0 (throw)
        3:  792:    const auto exact_match_patterns_begin = std::partition(
        3:  792-block  0
call    0 returned 3
call    1 returned 3
call    2 returned 3
branch  3 taken 3 (fallthrough)
branch  4 taken 0 (throw)
        -:  793:        all_patterns.begin(), all_patterns.end(), &IsGlobPattern);
        -:  794:
        6:  795:    glob_patterns_.reserve(static_cast<size_t>(
        6:  796:        std::distance(all_patterns.begin(), exact_match_patterns_begin)));
        3:  796-block  0
call    0 returned 3
        3:  796-block  1
call    1 returned 3
branch  2 taken 3 (fallthrough)
branch  3 taken 0 (throw)
        6:  797:    std::move(all_patterns.begin(), exact_match_patterns_begin,
        3:  797-block  0
call    0 returned 3
        3:  797-block  1
call    1 returned 3
call    2 returned 3
branch  3 taken 3 (fallthrough)
branch  4 taken 0 (throw)
    $$$$$:  797-block  2
        3:  798:              std::inserter(glob_patterns_, glob_patterns_.begin()));
call    0 returned 3
branch  1 taken 3 (fallthrough)
branch  2 taken 0 (throw)
        6:  799:    std::move(
        3:  799-block  0
call    0 returned 3
        3:  799-block  1
call    1 returned 3
call    2 returned 3
branch  3 taken 3 (fallthrough)
branch  4 taken 0 (throw)
    $$$$$:  799-block  2
        -:  800:        exact_match_patterns_begin, all_patterns.end(),
        3:  801:        std::inserter(exact_match_patterns_, exact_match_patterns_.begin()));
call    0 returned 3
branch  1 taken 3 (fallthrough)
branch  2 taken 0 (throw)
        3:  802:  }
        3:  802-block  0
call    0 returned 3
    $$$$$:  802-block  1
call    1 never executed
    $$$$$:  802-block  2
call    2 never executed
    $$$$$:  802-block  3
call    3 never executed
        -:  803:
        -:  804:  // Returns true if and only if name matches at least one of the patterns in
        -:  805:  // the filter.
function _ZNK7testing8internal12_GLOBAL__N_114UnitTestFilter11MatchesNameERKNSt7__cxx1112basic_stringIcSt11char_traitsIcESaIcEEE called 65 returned 100% blocks executed 93%
       65:  806:  bool MatchesName(const std::string& name) const {
      130:  807:    return exact_match_patterns_.find(name) != exact_match_patterns_.end() ||
       65:  807-block  0
call    0 returned 65
call    1 returned 65
branch  2 taken 65 (fallthrough)
branch  3 taken 0 (throw)
       65:  807-block  1
call    4 returned 65
branch  5 taken 65 (fallthrough)
branch  6 taken 0
       16:  807-block  2
       49:  807-block  3
    $$$$$:  807-block  4
       65:  808:           std::any_of(glob_patterns_.begin(), glob_patterns_.end(),
       65:  808-block  0
call    0 returned 65
call    1 returned 65
call    2 returned 65
branch  3 taken 65 (fallthrough)
branch  4 taken 0 (throw)
       65:  808-block  1
branch  5 taken 16 (fallthrough)
branch  6 taken 49
function _ZZNK7testing8internal12_GLOBAL__N_114UnitTestFilter11MatchesNameERKNSt7__cxx1112basic_stringIcSt11char_traitsIcESaIcEEEENKUlSA_E_clESA_ called 82 returned 100% blocks executed 100%
       82:  809:                       [&name](const std::string& pattern) {
       82:  810:                         return PatternMatchesString(
call    0 returned 82
call    1 returned 82
        -:  811:                             name, pattern.c_str(),
      164:  812:                             pattern.c_str() + pattern.size());
       82:  812-block  0
call    0 returned 82
call    1 returned 82
       65:  813:                       });
       65:  813-block  0
       65:  813-block  1
        -:  814:  }
        -:  815:
        -:  816: private:
        -:  817:  std::vector<std::string> glob_patterns_;
        -:  818:  std::unordered_set<std::string> exact_match_patterns_;
        -:  819:};
        -:  820:
        -:  821:class PositiveAndNegativeUnitTestFilter {
        -:  822: public:
        -:  823:  // Constructs a positive and a negative filter from a string. The string
        -:  824:  // contains a positive filter optionally followed by a '-' character and a
        -:  825:  // negative filter. In case only a negative filter is provided the positive
        -:  826:  // filter will be assumed "*".
        -:  827:  // A filter is a list of patterns separated by ':'.
function _ZN7testing8internal12_GLOBAL__N_133PositiveAndNegativeUnitTestFilterC2ERKNSt7__cxx1112basic_stringIcSt11char_traitsIcESaIcEEE called 1 returned 100% blocks executed 19%
        1:  828:  explicit PositiveAndNegativeUnitTestFilter(const std::string& filter) {
        1:  828-block  0
call    0 returned 1
call    1 returned 1
        1:  829:    std::vector<std::string> positive_and_negative_filters;
        -:  830:
        -:  831:    // NOTE: `SplitString` always returns a non-empty container.
        1:  832:    SplitString(filter, '-', &positive_and_negative_filters);
call    0 returned 1
branch  1 taken 1 (fallthrough)
branch  2 taken 0 (throw)
        1:  833:    const auto& positive_filter = positive_and_negative_filters.front();
        1:  833-block  0
call    0 returned 1
        -:  834:
        1:  835:    if (positive_and_negative_filters.size() > 1) {
call    0 returned 1
branch  1 taken 0 (fallthrough)
branch  2 taken 1
    #####:  836:      positive_filter_ = UnitTestFilter(
    %%%%%:  836-block  0
call    0 never executed
branch  1 never executed (fallthrough)
branch  2 never executed (throw)
call    3 never executed
    $$$$$:  836-block  1
    #####:  837:          positive_filter.empty() ? kUniversalFilter : positive_filter);
    %%%%%:  837-block  0
call    0 never executed
branch  1 never executed (fallthrough)
branch  2 never executed
    %%%%%:  837-block  1
call    3 never executed
branch  4 never executed (fallthrough)
branch  5 never executed (throw)
    %%%%%:  837-block  2
call    6 never executed
branch  7 never executed (fallthrough)
branch  8 never executed (throw)
    %%%%%:  837-block  3
call    9 never executed
call   10 never executed
branch 11 never executed (fallthrough)
branch 12 never executed
    $$$$$:  837-block  4
call   13 never executed
    $$$$$:  837-block  5
branch 14 never executed (fallthrough)
branch 15 never executed
    $$$$$:  837-block  6
    $$$$$:  837-block  7
        -:  838:
[...]
        -: 6743:  absl::ParseAbseilFlagsOnly(*argc, argv, positional_args, unrecognized_flags);
        -: 6744:  absl::flat_hash_set<absl::string_view> unrecognized;
        -: 6745:  for (const auto& flag : unrecognized_flags) {
        -: 6746:    unrecognized.insert(flag.flag_name);
        -: 6747:  }
        -: 6748:  absl::flat_hash_set<char*> positional;
        -: 6749:  for (const auto& arg : positional_args) {
        -: 6750:    positional.insert(arg);
        -: 6751:  }
        -: 6752:
        -: 6753:  int out_pos = 1;
        -: 6754:  int in_pos = 1;
        -: 6755:  for (; in_pos < *argc; ++in_pos) {
        -: 6756:    char* arg = argv[in_pos];
        -: 6757:    absl::string_view arg_str(arg);
        -: 6758:    if (absl::ConsumePrefix(&arg_str, "--")) {
        -: 6759:      // Flag-like argument. If the flag was unrecognized, keep it.
        -: 6760:      // If it was a GoogleTest flag, remove it.
        -: 6761:      if (unrecognized.contains(arg_str)) {
        -: 6762:        argv[out_pos++] = argv[in_pos];
        -: 6763:        continue;
        -: 6764:      }
        -: 6765:    }
        -: 6766:
        -: 6767:    if (arg_str.empty()) {
        -: 6768:      ++in_pos;
        -: 6769:      break;  // '--' indicates that the rest of the arguments are positional
        -: 6770:    }
        -: 6771:
        -: 6772:    // Probably a positional argument. If it is in fact positional, keep it.
        -: 6773:    // If it was a value for the flag argument, remove it.
        -: 6774:    if (positional.contains(arg)) {
        -: 6775:      argv[out_pos++] = arg;
        -: 6776:    }
        -: 6777:  }
        -: 6778:
        -: 6779:  // The rest are positional args for sure.
        -: 6780:  while (in_pos < *argc) {
        -: 6781:    argv[out_pos++] = argv[in_pos++];
        -: 6782:  }
        -: 6783:
        -: 6784:  *argc = out_pos;
        -: 6785:  argv[out_pos] = nullptr;
        -: 6786:#else
        1: 6787:  ParseGoogleTestFlagsOnlyImpl(argc, argv);
        1: 6787-block  0
call    0 returned 1
        -: 6788:#endif
        -: 6789:
        -: 6790:  // Fix the value of *_NSGetArgc() on macOS, but if and only if
        -: 6791:  // *_NSGetArgv() == argv
        -: 6792:  // Only applicable to char** version of argv
        -: 6793:#ifdef GTEST_OS_MAC
        -: 6794:#ifndef GTEST_OS_IOS
        -: 6795:  if (*_NSGetArgv() == argv) {
        -: 6796:    *_NSGetArgc() = *argc;
        -: 6797:  }
        -: 6798:#endif
        -: 6799:#endif
        1: 6800:}
function _ZN7testing8internal24ParseGoogleTestFlagsOnlyEPiPPw called 0 returned 0% blocks executed 0%
    #####: 6801:void ParseGoogleTestFlagsOnly(int* argc, wchar_t** argv) {
    #####: 6802:  ParseGoogleTestFlagsOnlyImpl(argc, argv);
    %%%%%: 6802-block  0
call    0 never executed
    #####: 6803:}
        -: 6804:
        -: 6805:// The internal implementation of InitGoogleTest().
        -: 6806://
        -: 6807:// The type parameter CharType can be instantiated to either char or
        -: 6808:// wchar_t.
        -: 6809:template <typename CharType>
       1*: 6810:void InitGoogleTestImpl(int* argc, CharType** argv) {
        -: 6811:  // We don't want to run the initialization code twice.
       1*: 6812:  if (GTestIsInitialized()) return;
        -: 6813:
       1*: 6814:  if (*argc <= 0) return;
        -: 6815:
       1*: 6816:  g_argvs.clear();
       3*: 6817:  for (int i = 0; i != *argc; i++) {
       2*: 6818:    g_argvs.push_back(StreamableToString(argv[i]));
        -: 6819:  }
        -: 6820:
        -: 6821:#ifdef GTEST_HAS_ABSL
        -: 6822:  absl::InitializeSymbolizer(g_argvs[0].c_str());
        -: 6823:
        -: 6824:#ifdef GTEST_HAS_ABSL_FLAGS
        -: 6825:  // When using the Abseil Flags library, set the program usage message to the
        -: 6826:  // help message, but remove the color-encoding from the message first.
        -: 6827:  absl::SetProgramUsageMessage(absl::StrReplaceAll(
        -: 6828:      kColorEncodedHelpMessage,
        -: 6829:      {{"@D", ""}, {"@R", ""}, {"@G", ""}, {"@Y", ""}, {"@@", "@"}}));
        -: 6830:#endif  // GTEST_HAS_ABSL_FLAGS
        -: 6831:#endif  // GTEST_HAS_ABSL
        -: 6832:
       1*: 6833:  ParseGoogleTestFlagsOnly(argc, argv);
       1*: 6834:  GetUnitTestImpl()->PostFlagParsingInit();
        -: 6835:}
------------------
_ZN7testing8internal18InitGoogleTestImplIwEEvPiPPT_:
function _ZN7testing8internal18InitGoogleTestImplIwEEvPiPPT_ called 0 returned 0% blocks executed 0%
    #####: 6810:void InitGoogleTestImpl(int* argc, CharType** argv) {
        -: 6811:  // We don't want to run the initialization code twice.
    #####: 6812:  if (GTestIsInitialized()) return;
    %%%%%: 6812-block  0
call    0 never executed
branch  1 never executed (fallthrough)
branch  2 never executed
    %%%%%: 6812-block  1
        -: 6813:
    #####: 6814:  if (*argc <= 0) return;
    %%%%%: 6814-block  0
branch  0 never executed (fallthrough)
branch  1 never executed
    %%%%%: 6814-block  1
        -: 6815:
    #####: 6816:  g_argvs.clear();
    %%%%%: 6816-block  0
call    0 never executed
    #####: 6817:  for (int i = 0; i != *argc; i++) {
    %%%%%: 6817-block  0
branch  0 never executed
branch  1 never executed (fallthrough)
    #####: 6818:    g_argvs.push_back(StreamableToString(argv[i]));
    %%%%%: 6818-block  0
call    0 never executed
branch  1 never executed (fallthrough)
branch  2 never executed (throw)
    %%%%%: 6818-block  1
call    3 never executed
branch  4 never executed (fallthrough)
branch  5 never executed (throw)
    %%%%%: 6818-block  2
call    6 never executed
    $$$$$: 6818-block  3
call    7 never executed
        -: 6819:  }
        -: 6820:
        -: 6821:#ifdef GTEST_HAS_ABSL
        -: 6822:  absl::InitializeSymbolizer(g_argvs[0].c_str());
        -: 6823:
        -: 6824:#ifdef GTEST_HAS_ABSL_FLAGS
        -: 6825:  // When using the Abseil Flags library, set the program usage message to the
        -: 6826:  // help message, but remove the color-encoding from the message first.
        -: 6827:  absl::SetProgramUsageMessage(absl::StrReplaceAll(
        -: 6828:      kColorEncodedHelpMessage,
        -: 6829:      {{"@D", ""}, {"@R", ""}, {"@G", ""}, {"@Y", ""}, {"@@", "@"}}));
        -: 6830:#endif  // GTEST_HAS_ABSL_FLAGS
        -: 6831:#endif  // GTEST_HAS_ABSL
        -: 6832:
    #####: 6833:  ParseGoogleTestFlagsOnly(argc, argv);
    %%%%%: 6833-block  0
call    0 never executed
    #####: 6834:  GetUnitTestImpl()->PostFlagParsingInit();
call    0 never executed
call    1 never executed
        -: 6835:}
------------------
_ZN7testing8internal18InitGoogleTestImplIcEEvPiPPT_:
function _ZN7testing8internal18InitGoogleTestImplIcEEvPiPPT_ called 1 returned 100% blocks executed 79%
        1: 6810:void InitGoogleTestImpl(int* argc, CharType** argv) {
        -: 6811:  // We don't want to run the initialization code twice.
       1*: 6812:  if (GTestIsInitialized()) return;
        1: 6812-block  0
call    0 returned 1
branch  1 taken 0 (fallthrough)
branch  2 taken 1
    %%%%%: 6812-block  1
        -: 6813:
       1*: 6814:  if (*argc <= 0) return;
        1: 6814-block  0
branch  0 taken 0 (fallthrough)
branch  1 taken 1
    %%%%%: 6814-block  1
        -: 6815:
        1: 6816:  g_argvs.clear();
        1: 6816-block  0
call    0 returned 1
        3: 6817:  for (int i = 0; i != *argc; i++) {
        3: 6817-block  0
branch  0 taken 2
branch  1 taken 1 (fallthrough)
        2: 6818:    g_argvs.push_back(StreamableToString(argv[i]));
        2: 6818-block  0
call    0 returned 2
branch  1 taken 2 (fallthrough)
branch  2 taken 0 (throw)
        2: 6818-block  1
call    3 returned 2
branch  4 taken 2 (fallthrough)
branch  5 taken 0 (throw)
        2: 6818-block  2
call    6 returned 2
    $$$$$: 6818-block  3
call    7 never executed
        -: 6819:  }
        -: 6820:
        -: 6821:#ifdef GTEST_HAS_ABSL
        -: 6822:  absl::InitializeSymbolizer(g_argvs[0].c_str());
        -: 6823:
        -: 6824:#ifdef GTEST_HAS_ABSL_FLAGS
        -: 6825:  // When using the Abseil Flags library, set the program usage message to the
        -: 6826:  // help message, but remove the color-encoding from the message first.
        -: 6827:  absl::SetProgramUsageMessage(absl::StrReplaceAll(
        -: 6828:      kColorEncodedHelpMessage,
        -: 6829:      {{"@D", ""}, {"@R", ""}, {"@G", ""}, {"@Y", ""}, {"@@", "@"}}));
        -: 6830:#endif  // GTEST_HAS_ABSL_FLAGS
        -: 6831:#endif  // GTEST_HAS_ABSL
        -: 6832:
        1: 6833:  ParseGoogleTestFlagsOnly(argc, argv);
        1: 6833-block  0
call    0 returned 1
        1: 6834:  GetUnitTestImpl()->PostFlagParsingInit();
call    0 returned 1
call    1 returned 1
        -: 6835:}
------------------
        -: 6836:
        -: 6837:}  // namespace internal
        -: 6838:
        -: 6839:// Initializes Google Test.  This must be called before calling
        -: 6840:// RUN_ALL_TESTS().  In particular, it parses a command line for the
        -: 6841:// flags that Google Test recognizes.  Whenever a Google Test flag is
        -: 6842:// seen, it is removed from argv, and *argc is decremented.
        -: 6843://
        -: 6844:// No value is returned.  Instead, the Google Test flag variables are
        -: 6845:// updated.
        -: 6846://
        -: 6847:// Calling the function for the second time has no user-visible effect.
function _ZN7testing14InitGoogleTestEPiPPc called 1 returned 100% blocks executed 100%
        1: 6848:void InitGoogleTest(int* argc, char** argv) {
        -: 6849:#if defined(GTEST_CUSTOM_INIT_GOOGLE_TEST_FUNCTION_)
        -: 6850:  GTEST_CUSTOM_INIT_GOOGLE_TEST_FUNCTION_(argc, argv);
        -: 6851:#else   // defined(GTEST_CUSTOM_INIT_GOOGLE_TEST_FUNCTION_)
        1: 6852:  internal::InitGoogleTestImpl(argc, argv);
        1: 6852-block  0
call    0 returned 1
        -: 6853:#endif  // defined(GTEST_CUSTOM_INIT_GOOGLE_TEST_FUNCTION_)
        1: 6854:}
        -: 6855:
        -: 6856:// This overloaded version can be used in Windows programs compiled in
        -: 6857:// UNICODE mode.
function _ZN7testing14InitGoogleTestEPiPPw called 0 returned 0% blocks executed 0%
    #####: 6858:void InitGoogleTest(int* argc, wchar_t** argv) {
        -: 6859:#if defined(GTEST_CUSTOM_INIT_GOOGLE_TEST_FUNCTION_)
        -: 6860:  GTEST_CUSTOM_INIT_GOOGLE_TEST_FUNCTION_(argc, argv);
        -: 6861:#else   // defined(GTEST_CUSTOM_INIT_GOOGLE_TEST_FUNCTION_)
    #####: 6862:  internal::InitGoogleTestImpl(argc, argv);
    %%%%%: 6862-block  0
call    0 never executed
        -: 6863:#endif  // defined(GTEST_CUSTOM_INIT_GOOGLE_TEST_FUNCTION_)
    #####: 6864:}
        -: 6865:
        -: 6866:// This overloaded version can be used on Arduino/embedded platforms where
        -: 6867:// there is no argc/argv.
function _ZN7testing14InitGoogleTestEv called 0 returned 0% blocks executed 0%
    #####: 6868:void InitGoogleTest() {
        -: 6869:  // Since Arduino doesn't have a command line, fake out the argc/argv arguments
    #####: 6870:  int argc = 1;
    #####: 6871:  const auto arg0 = "dummy";
    #####: 6872:  char* argv0 = const_cast<char*>(arg0);
    #####: 6873:  char** argv = &argv0;
        -: 6874:
        -: 6875:#if defined(GTEST_CUSTOM_INIT_GOOGLE_TEST_FUNCTION_)
        -: 6876:  GTEST_CUSTOM_INIT_GOOGLE_TEST_FUNCTION_(&argc, argv);
        -: 6877:#else   // defined(GTEST_CUSTOM_INIT_GOOGLE_TEST_FUNCTION_)
    #####: 6878:  internal::InitGoogleTestImpl(&argc, argv);
    %%%%%: 6878-block  0
call    0 never executed
branch  1 never executed (fallthrough)
branch  2 never executed (throw)
        -: 6879:#endif  // defined(GTEST_CUSTOM_INIT_GOOGLE_TEST_FUNCTION_)
    #####: 6880:}
    %%%%%: 6880-block  0
        -: 6881:
        -: 6882:#if !defined(GTEST_CUSTOM_TEMPDIR_FUNCTION_) || \
        -: 6883:    !defined(GTEST_CUSTOM_SRCDIR_FUNCTION_)
        -: 6884:// Returns the value of the first environment variable that is set and contains
        -: 6885:// a non-empty string. If there are none, returns the "fallback" string. Adds
        -: 6886:// the director-separator character as a suffix if not provided in the
        -: 6887:// environment variable value.
function _ZN7testingL13GetDirFromEnvESt16initializer_listIPKcES2_c called 0 returned 0% blocks executed 0%
    #####: 6888:static std::string GetDirFromEnv(
        -: 6889:    std::initializer_list<const char*> environment_variables,
        -: 6890:    const char* fallback, char separator) {
    #####: 6891:  for (const char* variable_name : environment_variables) {
    %%%%%: 6891-block  0
call    0 never executed
call    1 never executed
    %%%%%: 6891-block  1
    %%%%%: 6891-block  2
branch  2 never executed
branch  3 never executed (fallthrough)
    #####: 6892:    const char* value = internal::posix::GetEnv(variable_name);
    %%%%%: 6892-block  0
call    0 never executed
    #####: 6893:    if (value != nullptr && value[0] != '\0') {
branch  0 never executed (fallthrough)
branch  1 never executed
    %%%%%: 6893-block  0
branch  2 never executed (fallthrough)
branch  3 never executed
    #####: 6894:      if (value[strlen(value) - 1] != separator) {
    %%%%%: 6894-block  0
branch  0 never executed (fallthrough)
branch  1 never executed
    #####: 6895:        return std::string(value).append(1, separator);
    %%%%%: 6895-block  0
call    0 never executed
branch  1 never executed (fallthrough)
branch  2 never executed (throw)
    %%%%%: 6895-block  1
call    3 never executed
branch  4 never executed (fallthrough)
branch  5 never executed (throw)
    %%%%%: 6895-block  2
call    6 never executed
branch  7 never executed (fallthrough)
branch  8 never executed (throw)
    %%%%%: 6895-block  3
    %%%%%: 6895-block  4
call    9 never executed
    %%%%%: 6895-block  5
    $$$$$: 6895-block  6
call   10 never executed
    $$$$$: 6895-block  7
    $$$$$: 6895-block  8
        -: 6896:      }
    #####: 6897:      return value;
    %%%%%: 6897-block  0
call    0 never executed
branch  1 never executed (fallthrough)
branch  2 never executed (throw)
    %%%%%: 6897-block  1
    $$$$$: 6897-block  2
        -: 6898:    }
        -: 6899:  }
    #####: 6900:  return fallback;
    %%%%%: 6900-block  0
call    0 never executed
branch  1 never executed (fallthrough)
branch  2 never executed (throw)
    %%%%%: 6900-block  1
        -: 6901:}
        -: 6902:#endif
        -: 6903:
function _ZN7testing7TempDirB5cxx11Ev called 0 returned 0% blocks executed 0%
    #####: 6904:std::string TempDir() {
        -: 6905:#if defined(GTEST_CUSTOM_TEMPDIR_FUNCTION_)
        -: 6906:  return GTEST_CUSTOM_TEMPDIR_FUNCTION_();
        -: 6907:#elif defined(GTEST_OS_WINDOWS) || defined(GTEST_OS_WINDOWS_MOBILE)
    #####: 6908:  return GetDirFromEnv({"TEST_TMPDIR", "TEMP"}, "\\temp\\", '\\');
    %%%%%: 6908-block  0
call    0 never executed
branch  1 never executed (fallthrough)
branch  2 never executed (throw)
    %%%%%: 6908-block  1
    %%%%%: 6908-block  2
        -: 6909:#elif defined(GTEST_OS_LINUX_ANDROID)
        -: 6910:  return GetDirFromEnv({"TEST_TMPDIR", "TMPDIR"}, "/data/local/tmp/", '/');
        -: 6911:#else
        -: 6912:  return GetDirFromEnv({"TEST_TMPDIR", "TMPDIR"}, "/tmp/", '/');
        -: 6913:#endif
        -: 6914:}
        -: 6915:
        -: 6916:#if GTEST_HAS_FILE_SYSTEM && !defined(GTEST_CUSTOM_SRCDIR_FUNCTION_)
        -: 6917:// Returns the directory path (including terminating separator) of the current
        -: 6918:// executable as derived from argv[0].
function _ZN7testingL29GetCurrentExecutableDirectoryEv called 0 returned 0% blocks executed 0%
    #####: 6919:static std::string GetCurrentExecutableDirectory() {
    #####: 6920:  internal::FilePath argv_0(internal::GetArgvs()[0]);
    %%%%%: 6920-block  0
call    0 never executed
branch  1 never executed (fallthrough)
branch  2 never executed (throw)
    %%%%%: 6920-block  1
call    3 never executed
call    4 never executed
branch  5 never executed (fallthrough)
branch  6 never executed (throw)
    %%%%%: 6920-block  2
call    7 never executed
branch  8 never executed (fallthrough)
branch  9 never executed (throw)
    %%%%%: 6920-block  3
call   10 never executed
call   11 never executed
    $$$$$: 6920-block  4
call   12 never executed
    $$$$$: 6920-block  5
call   13 never executed
    $$$$$: 6920-block  6
    $$$$$: 6920-block  7
    #####: 6921:  return argv_0.RemoveFileName().string();
call    0 never executed
branch  1 never executed (fallthrough)
branch  2 never executed (throw)
    %%%%%: 6921-block  0
call    3 never executed
call    4 never executed
branch  5 never executed (fallthrough)
branch  6 never executed (throw)
    %%%%%: 6921-block  1
    %%%%%: 6921-block  2
call    7 never executed
    %%%%%: 6921-block  3
    $$$$$: 6921-block  4
call    8 never executed
    $$$$$: 6921-block  5
    #####: 6922:}
call    0 never executed
    $$$$$: 6922-block  0
call    1 never executed
        -: 6923:#endif
        -: 6924:
        -: 6925:#if GTEST_HAS_FILE_SYSTEM
function _ZN7testing6SrcDirB5cxx11Ev called 0 returned 0% blocks executed 0%
    #####: 6926:std::string SrcDir() {
        -: 6927:#if defined(GTEST_CUSTOM_SRCDIR_FUNCTION_)
        -: 6928:  return GTEST_CUSTOM_SRCDIR_FUNCTION_();
        -: 6929:#elif defined(GTEST_OS_WINDOWS) || defined(GTEST_OS_WINDOWS_MOBILE)
    #####: 6930:  return GetDirFromEnv({"TEST_SRCDIR"}, GetCurrentExecutableDirectory().c_str(),
    %%%%%: 6930-block  0
call    0 never executed
branch  1 never executed (fallthrough)
branch  2 never executed (throw)
    $$$$$: 6930-block  1
call    3 never executed
    #####: 6931:                       '\\');
    %%%%%: 6931-block  0
call    0 never executed
call    1 never executed
branch  2 never executed (fallthrough)
branch  3 never executed (throw)
    %%%%%: 6931-block  1
call    4 never executed
    %%%%%: 6931-block  2
    $$$$$: 6931-block  3
        -: 6932:#elif defined(GTEST_OS_LINUX_ANDROID)
        -: 6933:  return GetDirFromEnv({"TEST_SRCDIR"}, GetCurrentExecutableDirectory().c_str(),
        -: 6934:                       '/');
        -: 6935:#else
        -: 6936:  return GetDirFromEnv({"TEST_SRCDIR"}, GetCurrentExecutableDirectory().c_str(),
        -: 6937:                       '/');
        -: 6938:#endif
        -: 6939:}
        -: 6940:#endif
        -: 6941:
        -: 6942:// Class ScopedTrace
        -: 6943:
        -: 6944:// Pushes the given source file location and message onto a per-thread
        -: 6945:// trace stack maintained by Google Test.
function _ZN7testing11ScopedTrace9PushTraceEPKciNSt7__cxx1112basic_stringIcSt11char_traitsIcESaIcEEE called 0 returned 0% blocks executed 0%
    #####: 6946:void ScopedTrace::PushTrace(const char* file, int line, std::string message) {
    #####: 6947:  internal::TraceInfo trace;
    %%%%%: 6947-block  0
call    0 never executed
    #####: 6948:  trace.file = file;
    #####: 6949:  trace.line = line;
    #####: 6950:  trace.message.swap(message);
call    0 never executed
        -: 6951:
    #####: 6952:  UnitTest::GetInstance()->PushGTestTrace(trace);
call    0 never executed
branch  1 never executed (fallthrough)
branch  2 never executed (throw)
    %%%%%: 6952-block  0
call    3 never executed
branch  4 never executed (fallthrough)
branch  5 never executed (throw)
    #####: 6953:}
    %%%%%: 6953-block  0
call    0 never executed
    $$$$$: 6953-block  1
call    1 never executed
        -: 6954:
        -: 6955:// Pops the info pushed by the c'tor.
function _ZN7testing11ScopedTraceD2Ev called 0 returned 0% blocks executed 0%
    #####: 6956:ScopedTrace::~ScopedTrace() GTEST_LOCK_EXCLUDED_(&UnitTest::mutex_) {
    #####: 6957:  UnitTest::GetInstance()->PopGTestTrace();
    %%%%%: 6957-block  0
call    0 never executed
call    1 never executed
    #####: 6958:}
        -: 6959:
        -: 6960:}  // namespace testing
